[2021-11-26 20:17:43] production.ERROR: Requested L5 Swagger asset file (swagger-ui.css) does not exists (View: /Users/gomez.luv/ilerna/php/bfast-api/etc/Lumen8/resources/views/vendor/swagger-lume/index.blade.php) {"exception":"[object] (Illuminate\\View\\ViewException(code: 0): Requested L5 Swagger asset file (swagger-ui.css) does not exists (View: /Users/gomez.luv/ilerna/php/bfast-api/etc/Lumen8/resources/views/vendor/swagger-lume/index.blade.php) at /Users/gomez.luv/ilerna/php/bfast-api/vendor/darkaonline/swagger-lume/src/helpers.php:57)
[stacktrace]
#0 /Users/gomez.luv/ilerna/php/bfast-api/vendor/illuminate/view/Engines/PhpEngine.php(60): Illuminate\\View\\Engines\\CompilerEngine->handleViewException(Object(SwaggerLume\\Exceptions\\SwaggerLumeException), 1)
#1 /Users/gomez.luv/ilerna/php/bfast-api/vendor/illuminate/view/Engines/CompilerEngine.php(61): Illuminate\\View\\Engines\\PhpEngine->evaluatePath('/Users/gomez.lu...', Array)
#2 /Users/gomez.luv/ilerna/php/bfast-api/vendor/illuminate/view/View.php(139): Illuminate\\View\\Engines\\CompilerEngine->get('/Users/gomez.lu...', Array)
#3 /Users/gomez.luv/ilerna/php/bfast-api/vendor/illuminate/view/View.php(122): Illuminate\\View\\View->getContents()
#4 /Users/gomez.luv/ilerna/php/bfast-api/vendor/illuminate/view/View.php(91): Illuminate\\View\\View->renderContents()
#5 /Users/gomez.luv/ilerna/php/bfast-api/vendor/illuminate/http/Response.php(69): Illuminate\\View\\View->render()
#6 /Users/gomez.luv/ilerna/php/bfast-api/vendor/illuminate/http/Response.php(35): Illuminate\\Http\\Response->setContent(Object(Illuminate\\View\\View))
#7 /Users/gomez.luv/ilerna/php/bfast-api/vendor/darkaonline/swagger-lume/src/Http/Controllers/SwaggerLumeController.php(55): Illuminate\\Http\\Response->__construct(Object(Illuminate\\View\\View), 200, Array)
#8 /Users/gomez.luv/ilerna/php/bfast-api/vendor/illuminate/container/BoundMethod.php(36): SwaggerLume\\Http\\Controllers\\SwaggerLumeController->api()
#9 /Users/gomez.luv/ilerna/php/bfast-api/vendor/illuminate/container/Util.php(40): Illuminate\\Container\\BoundMethod::Illuminate\\Container\\{closure}()
#10 /Users/gomez.luv/ilerna/php/bfast-api/vendor/illuminate/container/BoundMethod.php(93): Illuminate\\Container\\Util::unwrapIfClosure(Object(Closure))
#11 /Users/gomez.luv/ilerna/php/bfast-api/vendor/illuminate/container/BoundMethod.php(37): Illuminate\\Container\\BoundMethod::callBoundMethod(Object(Laravel\\Lumen\\Application), Array, Object(Closure))
#12 /Users/gomez.luv/ilerna/php/bfast-api/vendor/illuminate/container/Container.php(653): Illuminate\\Container\\BoundMethod::call(Object(Laravel\\Lumen\\Application), Array, Array, NULL)
#13 /Users/gomez.luv/ilerna/php/bfast-api/vendor/laravel/lumen-framework/src/Concerns/RoutesRequests.php(389): Illuminate\\Container\\Container->call(Array, Array)
#14 /Users/gomez.luv/ilerna/php/bfast-api/vendor/laravel/lumen-framework/src/Concerns/RoutesRequests.php(355): Laravel\\Lumen\\Application->callControllerCallable(Array, Array)
#15 /Users/gomez.luv/ilerna/php/bfast-api/vendor/laravel/lumen-framework/src/Concerns/RoutesRequests.php(329): Laravel\\Lumen\\Application->callLumenController(Object(SwaggerLume\\Http\\Controllers\\SwaggerLumeController), 'api', Array)
#16 /Users/gomez.luv/ilerna/php/bfast-api/vendor/laravel/lumen-framework/src/Concerns/RoutesRequests.php(282): Laravel\\Lumen\\Application->callControllerAction(Array)
#17 /Users/gomez.luv/ilerna/php/bfast-api/vendor/laravel/lumen-framework/src/Concerns/RoutesRequests.php(262): Laravel\\Lumen\\Application->callActionOnArrayBasedRoute(Array)
#18 /Users/gomez.luv/ilerna/php/bfast-api/vendor/laravel/lumen-framework/src/Concerns/RoutesRequests.php(429): Laravel\\Lumen\\Application->Laravel\\Lumen\\Concerns\\{closure}(Object(Laravel\\Lumen\\Http\\Request))
#19 /Users/gomez.luv/ilerna/php/bfast-api/vendor/laravel/lumen-framework/src/Concerns/RoutesRequests.php(263): Laravel\\Lumen\\Application->sendThroughPipeline(Array, Object(Closure))
#20 /Users/gomez.luv/ilerna/php/bfast-api/vendor/laravel/lumen-framework/src/Concerns/RoutesRequests.php(169): Laravel\\Lumen\\Application->handleFoundRoute(Array)
#21 /Users/gomez.luv/ilerna/php/bfast-api/vendor/laravel/lumen-framework/src/Concerns/RoutesRequests.php(429): Laravel\\Lumen\\Application->Laravel\\Lumen\\Concerns\\{closure}(Object(Laravel\\Lumen\\Http\\Request))
#22 /Users/gomez.luv/ilerna/php/bfast-api/vendor/laravel/lumen-framework/src/Concerns/RoutesRequests.php(175): Laravel\\Lumen\\Application->sendThroughPipeline(Array, Object(Closure))
#23 /Users/gomez.luv/ilerna/php/bfast-api/vendor/laravel/lumen-framework/src/Concerns/RoutesRequests.php(112): Laravel\\Lumen\\Application->dispatch(NULL)
#24 /Users/gomez.luv/ilerna/php/bfast-api/etc/Lumen8/public/index.php(28): Laravel\\Lumen\\Application->run()
#25 {main}

[previous exception] [object] (SwaggerLume\\Exceptions\\SwaggerLumeException(code: 0): Requested L5 Swagger asset file (swagger-ui.css) does not exists at /Users/gomez.luv/ilerna/php/bfast-api/vendor/darkaonline/swagger-lume/src/helpers.php:57)
[stacktrace]
#0 /Users/gomez.luv/ilerna/php/bfast-api/etc/Lumen8/storage/framework/views/b087dce60b90ddd4ec2da62a110d05081e4bb6bd.php(8): swagger_lume_asset('swagger-ui.css')
#1 /Users/gomez.luv/ilerna/php/bfast-api/vendor/illuminate/filesystem/Filesystem.php(107): require('/Users/gomez.lu...')
#2 /Users/gomez.luv/ilerna/php/bfast-api/vendor/illuminate/filesystem/Filesystem.php(108): Illuminate\\Filesystem\\Filesystem::Illuminate\\Filesystem\\{closure}()
#3 /Users/gomez.luv/ilerna/php/bfast-api/vendor/illuminate/view/Engines/PhpEngine.php(58): Illuminate\\Filesystem\\Filesystem->getRequire('/Users/gomez.lu...', Array)
#4 /Users/gomez.luv/ilerna/php/bfast-api/vendor/illuminate/view/Engines/CompilerEngine.php(61): Illuminate\\View\\Engines\\PhpEngine->evaluatePath('/Users/gomez.lu...', Array)
#5 /Users/gomez.luv/ilerna/php/bfast-api/vendor/illuminate/view/View.php(139): Illuminate\\View\\Engines\\CompilerEngine->get('/Users/gomez.lu...', Array)
#6 /Users/gomez.luv/ilerna/php/bfast-api/vendor/illuminate/view/View.php(122): Illuminate\\View\\View->getContents()
#7 /Users/gomez.luv/ilerna/php/bfast-api/vendor/illuminate/view/View.php(91): Illuminate\\View\\View->renderContents()
#8 /Users/gomez.luv/ilerna/php/bfast-api/vendor/illuminate/http/Response.php(69): Illuminate\\View\\View->render()
#9 /Users/gomez.luv/ilerna/php/bfast-api/vendor/illuminate/http/Response.php(35): Illuminate\\Http\\Response->setContent(Object(Illuminate\\View\\View))
#10 /Users/gomez.luv/ilerna/php/bfast-api/vendor/darkaonline/swagger-lume/src/Http/Controllers/SwaggerLumeController.php(55): Illuminate\\Http\\Response->__construct(Object(Illuminate\\View\\View), 200, Array)
#11 /Users/gomez.luv/ilerna/php/bfast-api/vendor/illuminate/container/BoundMethod.php(36): SwaggerLume\\Http\\Controllers\\SwaggerLumeController->api()
#12 /Users/gomez.luv/ilerna/php/bfast-api/vendor/illuminate/container/Util.php(40): Illuminate\\Container\\BoundMethod::Illuminate\\Container\\{closure}()
#13 /Users/gomez.luv/ilerna/php/bfast-api/vendor/illuminate/container/BoundMethod.php(93): Illuminate\\Container\\Util::unwrapIfClosure(Object(Closure))
#14 /Users/gomez.luv/ilerna/php/bfast-api/vendor/illuminate/container/BoundMethod.php(37): Illuminate\\Container\\BoundMethod::callBoundMethod(Object(Laravel\\Lumen\\Application), Array, Object(Closure))
#15 /Users/gomez.luv/ilerna/php/bfast-api/vendor/illuminate/container/Container.php(653): Illuminate\\Container\\BoundMethod::call(Object(Laravel\\Lumen\\Application), Array, Array, NULL)
#16 /Users/gomez.luv/ilerna/php/bfast-api/vendor/laravel/lumen-framework/src/Concerns/RoutesRequests.php(389): Illuminate\\Container\\Container->call(Array, Array)
#17 /Users/gomez.luv/ilerna/php/bfast-api/vendor/laravel/lumen-framework/src/Concerns/RoutesRequests.php(355): Laravel\\Lumen\\Application->callControllerCallable(Array, Array)
#18 /Users/gomez.luv/ilerna/php/bfast-api/vendor/laravel/lumen-framework/src/Concerns/RoutesRequests.php(329): Laravel\\Lumen\\Application->callLumenController(Object(SwaggerLume\\Http\\Controllers\\SwaggerLumeController), 'api', Array)
#19 /Users/gomez.luv/ilerna/php/bfast-api/vendor/laravel/lumen-framework/src/Concerns/RoutesRequests.php(282): Laravel\\Lumen\\Application->callControllerAction(Array)
#20 /Users/gomez.luv/ilerna/php/bfast-api/vendor/laravel/lumen-framework/src/Concerns/RoutesRequests.php(262): Laravel\\Lumen\\Application->callActionOnArrayBasedRoute(Array)
#21 /Users/gomez.luv/ilerna/php/bfast-api/vendor/laravel/lumen-framework/src/Concerns/RoutesRequests.php(429): Laravel\\Lumen\\Application->Laravel\\Lumen\\Concerns\\{closure}(Object(Laravel\\Lumen\\Http\\Request))
#22 /Users/gomez.luv/ilerna/php/bfast-api/vendor/laravel/lumen-framework/src/Concerns/RoutesRequests.php(263): Laravel\\Lumen\\Application->sendThroughPipeline(Array, Object(Closure))
#23 /Users/gomez.luv/ilerna/php/bfast-api/vendor/laravel/lumen-framework/src/Concerns/RoutesRequests.php(169): Laravel\\Lumen\\Application->handleFoundRoute(Array)
#24 /Users/gomez.luv/ilerna/php/bfast-api/vendor/laravel/lumen-framework/src/Concerns/RoutesRequests.php(429): Laravel\\Lumen\\Application->Laravel\\Lumen\\Concerns\\{closure}(Object(Laravel\\Lumen\\Http\\Request))
#25 /Users/gomez.luv/ilerna/php/bfast-api/vendor/laravel/lumen-framework/src/Concerns/RoutesRequests.php(175): Laravel\\Lumen\\Application->sendThroughPipeline(Array, Object(Closure))
#26 /Users/gomez.luv/ilerna/php/bfast-api/vendor/laravel/lumen-framework/src/Concerns/RoutesRequests.php(112): Laravel\\Lumen\\Application->dispatch(NULL)
#27 /Users/gomez.luv/ilerna/php/bfast-api/etc/Lumen8/public/index.php(28): Laravel\\Lumen\\Application->run()
#28 {main}
"} 
[2021-11-26 20:17:56] production.ERROR: Requested L5 Swagger asset file (swagger-ui.css) does not exists (View: /Users/gomez.luv/ilerna/php/bfast-api/etc/Lumen8/resources/views/vendor/swagger-lume/index.blade.php) {"exception":"[object] (Illuminate\\View\\ViewException(code: 0): Requested L5 Swagger asset file (swagger-ui.css) does not exists (View: /Users/gomez.luv/ilerna/php/bfast-api/etc/Lumen8/resources/views/vendor/swagger-lume/index.blade.php) at /Users/gomez.luv/ilerna/php/bfast-api/vendor/darkaonline/swagger-lume/src/helpers.php:57)
[stacktrace]
#0 /Users/gomez.luv/ilerna/php/bfast-api/vendor/illuminate/view/Engines/PhpEngine.php(60): Illuminate\\View\\Engines\\CompilerEngine->handleViewException(Object(SwaggerLume\\Exceptions\\SwaggerLumeException), 1)
#1 /Users/gomez.luv/ilerna/php/bfast-api/vendor/illuminate/view/Engines/CompilerEngine.php(61): Illuminate\\View\\Engines\\PhpEngine->evaluatePath('/Users/gomez.lu...', Array)
#2 /Users/gomez.luv/ilerna/php/bfast-api/vendor/illuminate/view/View.php(139): Illuminate\\View\\Engines\\CompilerEngine->get('/Users/gomez.lu...', Array)
#3 /Users/gomez.luv/ilerna/php/bfast-api/vendor/illuminate/view/View.php(122): Illuminate\\View\\View->getContents()
#4 /Users/gomez.luv/ilerna/php/bfast-api/vendor/illuminate/view/View.php(91): Illuminate\\View\\View->renderContents()
#5 /Users/gomez.luv/ilerna/php/bfast-api/vendor/illuminate/http/Response.php(69): Illuminate\\View\\View->render()
#6 /Users/gomez.luv/ilerna/php/bfast-api/vendor/illuminate/http/Response.php(35): Illuminate\\Http\\Response->setContent(Object(Illuminate\\View\\View))
#7 /Users/gomez.luv/ilerna/php/bfast-api/vendor/darkaonline/swagger-lume/src/Http/Controllers/SwaggerLumeController.php(55): Illuminate\\Http\\Response->__construct(Object(Illuminate\\View\\View), 200, Array)
#8 /Users/gomez.luv/ilerna/php/bfast-api/vendor/illuminate/container/BoundMethod.php(36): SwaggerLume\\Http\\Controllers\\SwaggerLumeController->api()
#9 /Users/gomez.luv/ilerna/php/bfast-api/vendor/illuminate/container/Util.php(40): Illuminate\\Container\\BoundMethod::Illuminate\\Container\\{closure}()
#10 /Users/gomez.luv/ilerna/php/bfast-api/vendor/illuminate/container/BoundMethod.php(93): Illuminate\\Container\\Util::unwrapIfClosure(Object(Closure))
#11 /Users/gomez.luv/ilerna/php/bfast-api/vendor/illuminate/container/BoundMethod.php(37): Illuminate\\Container\\BoundMethod::callBoundMethod(Object(Laravel\\Lumen\\Application), Array, Object(Closure))
#12 /Users/gomez.luv/ilerna/php/bfast-api/vendor/illuminate/container/Container.php(653): Illuminate\\Container\\BoundMethod::call(Object(Laravel\\Lumen\\Application), Array, Array, NULL)
#13 /Users/gomez.luv/ilerna/php/bfast-api/vendor/laravel/lumen-framework/src/Concerns/RoutesRequests.php(389): Illuminate\\Container\\Container->call(Array, Array)
#14 /Users/gomez.luv/ilerna/php/bfast-api/vendor/laravel/lumen-framework/src/Concerns/RoutesRequests.php(355): Laravel\\Lumen\\Application->callControllerCallable(Array, Array)
#15 /Users/gomez.luv/ilerna/php/bfast-api/vendor/laravel/lumen-framework/src/Concerns/RoutesRequests.php(329): Laravel\\Lumen\\Application->callLumenController(Object(SwaggerLume\\Http\\Controllers\\SwaggerLumeController), 'api', Array)
#16 /Users/gomez.luv/ilerna/php/bfast-api/vendor/laravel/lumen-framework/src/Concerns/RoutesRequests.php(282): Laravel\\Lumen\\Application->callControllerAction(Array)
#17 /Users/gomez.luv/ilerna/php/bfast-api/vendor/laravel/lumen-framework/src/Concerns/RoutesRequests.php(262): Laravel\\Lumen\\Application->callActionOnArrayBasedRoute(Array)
#18 /Users/gomez.luv/ilerna/php/bfast-api/vendor/laravel/lumen-framework/src/Concerns/RoutesRequests.php(429): Laravel\\Lumen\\Application->Laravel\\Lumen\\Concerns\\{closure}(Object(Laravel\\Lumen\\Http\\Request))
#19 /Users/gomez.luv/ilerna/php/bfast-api/vendor/laravel/lumen-framework/src/Concerns/RoutesRequests.php(263): Laravel\\Lumen\\Application->sendThroughPipeline(Array, Object(Closure))
#20 /Users/gomez.luv/ilerna/php/bfast-api/vendor/laravel/lumen-framework/src/Concerns/RoutesRequests.php(169): Laravel\\Lumen\\Application->handleFoundRoute(Array)
#21 /Users/gomez.luv/ilerna/php/bfast-api/vendor/laravel/lumen-framework/src/Concerns/RoutesRequests.php(429): Laravel\\Lumen\\Application->Laravel\\Lumen\\Concerns\\{closure}(Object(Laravel\\Lumen\\Http\\Request))
#22 /Users/gomez.luv/ilerna/php/bfast-api/vendor/laravel/lumen-framework/src/Concerns/RoutesRequests.php(175): Laravel\\Lumen\\Application->sendThroughPipeline(Array, Object(Closure))
#23 /Users/gomez.luv/ilerna/php/bfast-api/vendor/laravel/lumen-framework/src/Concerns/RoutesRequests.php(112): Laravel\\Lumen\\Application->dispatch(NULL)
#24 /Users/gomez.luv/ilerna/php/bfast-api/etc/Lumen8/public/index.php(28): Laravel\\Lumen\\Application->run()
#25 {main}

[previous exception] [object] (SwaggerLume\\Exceptions\\SwaggerLumeException(code: 0): Requested L5 Swagger asset file (swagger-ui.css) does not exists at /Users/gomez.luv/ilerna/php/bfast-api/vendor/darkaonline/swagger-lume/src/helpers.php:57)
[stacktrace]
#0 /Users/gomez.luv/ilerna/php/bfast-api/etc/Lumen8/storage/framework/views/b087dce60b90ddd4ec2da62a110d05081e4bb6bd.php(8): swagger_lume_asset('swagger-ui.css')
#1 /Users/gomez.luv/ilerna/php/bfast-api/vendor/illuminate/filesystem/Filesystem.php(107): require('/Users/gomez.lu...')
#2 /Users/gomez.luv/ilerna/php/bfast-api/vendor/illuminate/filesystem/Filesystem.php(108): Illuminate\\Filesystem\\Filesystem::Illuminate\\Filesystem\\{closure}()
#3 /Users/gomez.luv/ilerna/php/bfast-api/vendor/illuminate/view/Engines/PhpEngine.php(58): Illuminate\\Filesystem\\Filesystem->getRequire('/Users/gomez.lu...', Array)
#4 /Users/gomez.luv/ilerna/php/bfast-api/vendor/illuminate/view/Engines/CompilerEngine.php(61): Illuminate\\View\\Engines\\PhpEngine->evaluatePath('/Users/gomez.lu...', Array)
#5 /Users/gomez.luv/ilerna/php/bfast-api/vendor/illuminate/view/View.php(139): Illuminate\\View\\Engines\\CompilerEngine->get('/Users/gomez.lu...', Array)
#6 /Users/gomez.luv/ilerna/php/bfast-api/vendor/illuminate/view/View.php(122): Illuminate\\View\\View->getContents()
#7 /Users/gomez.luv/ilerna/php/bfast-api/vendor/illuminate/view/View.php(91): Illuminate\\View\\View->renderContents()
#8 /Users/gomez.luv/ilerna/php/bfast-api/vendor/illuminate/http/Response.php(69): Illuminate\\View\\View->render()
#9 /Users/gomez.luv/ilerna/php/bfast-api/vendor/illuminate/http/Response.php(35): Illuminate\\Http\\Response->setContent(Object(Illuminate\\View\\View))
#10 /Users/gomez.luv/ilerna/php/bfast-api/vendor/darkaonline/swagger-lume/src/Http/Controllers/SwaggerLumeController.php(55): Illuminate\\Http\\Response->__construct(Object(Illuminate\\View\\View), 200, Array)
#11 /Users/gomez.luv/ilerna/php/bfast-api/vendor/illuminate/container/BoundMethod.php(36): SwaggerLume\\Http\\Controllers\\SwaggerLumeController->api()
#12 /Users/gomez.luv/ilerna/php/bfast-api/vendor/illuminate/container/Util.php(40): Illuminate\\Container\\BoundMethod::Illuminate\\Container\\{closure}()
#13 /Users/gomez.luv/ilerna/php/bfast-api/vendor/illuminate/container/BoundMethod.php(93): Illuminate\\Container\\Util::unwrapIfClosure(Object(Closure))
#14 /Users/gomez.luv/ilerna/php/bfast-api/vendor/illuminate/container/BoundMethod.php(37): Illuminate\\Container\\BoundMethod::callBoundMethod(Object(Laravel\\Lumen\\Application), Array, Object(Closure))
#15 /Users/gomez.luv/ilerna/php/bfast-api/vendor/illuminate/container/Container.php(653): Illuminate\\Container\\BoundMethod::call(Object(Laravel\\Lumen\\Application), Array, Array, NULL)
#16 /Users/gomez.luv/ilerna/php/bfast-api/vendor/laravel/lumen-framework/src/Concerns/RoutesRequests.php(389): Illuminate\\Container\\Container->call(Array, Array)
#17 /Users/gomez.luv/ilerna/php/bfast-api/vendor/laravel/lumen-framework/src/Concerns/RoutesRequests.php(355): Laravel\\Lumen\\Application->callControllerCallable(Array, Array)
#18 /Users/gomez.luv/ilerna/php/bfast-api/vendor/laravel/lumen-framework/src/Concerns/RoutesRequests.php(329): Laravel\\Lumen\\Application->callLumenController(Object(SwaggerLume\\Http\\Controllers\\SwaggerLumeController), 'api', Array)
#19 /Users/gomez.luv/ilerna/php/bfast-api/vendor/laravel/lumen-framework/src/Concerns/RoutesRequests.php(282): Laravel\\Lumen\\Application->callControllerAction(Array)
#20 /Users/gomez.luv/ilerna/php/bfast-api/vendor/laravel/lumen-framework/src/Concerns/RoutesRequests.php(262): Laravel\\Lumen\\Application->callActionOnArrayBasedRoute(Array)
#21 /Users/gomez.luv/ilerna/php/bfast-api/vendor/laravel/lumen-framework/src/Concerns/RoutesRequests.php(429): Laravel\\Lumen\\Application->Laravel\\Lumen\\Concerns\\{closure}(Object(Laravel\\Lumen\\Http\\Request))
#22 /Users/gomez.luv/ilerna/php/bfast-api/vendor/laravel/lumen-framework/src/Concerns/RoutesRequests.php(263): Laravel\\Lumen\\Application->sendThroughPipeline(Array, Object(Closure))
#23 /Users/gomez.luv/ilerna/php/bfast-api/vendor/laravel/lumen-framework/src/Concerns/RoutesRequests.php(169): Laravel\\Lumen\\Application->handleFoundRoute(Array)
#24 /Users/gomez.luv/ilerna/php/bfast-api/vendor/laravel/lumen-framework/src/Concerns/RoutesRequests.php(429): Laravel\\Lumen\\Application->Laravel\\Lumen\\Concerns\\{closure}(Object(Laravel\\Lumen\\Http\\Request))
#25 /Users/gomez.luv/ilerna/php/bfast-api/vendor/laravel/lumen-framework/src/Concerns/RoutesRequests.php(175): Laravel\\Lumen\\Application->sendThroughPipeline(Array, Object(Closure))
#26 /Users/gomez.luv/ilerna/php/bfast-api/vendor/laravel/lumen-framework/src/Concerns/RoutesRequests.php(112): Laravel\\Lumen\\Application->dispatch(NULL)
#27 /Users/gomez.luv/ilerna/php/bfast-api/etc/Lumen8/public/index.php(28): Laravel\\Lumen\\Application->run()
#28 {main}
"} 
[2021-11-26 20:19:05] production.ERROR: Requested L5 Swagger asset file (swagger-ui.css) does not exists (View: /Users/gomez.luv/ilerna/php/bfast-api/etc/Lumen8/resources/views/vendor/swagger-lume/index.blade.php) {"exception":"[object] (Illuminate\\View\\ViewException(code: 0): Requested L5 Swagger asset file (swagger-ui.css) does not exists (View: /Users/gomez.luv/ilerna/php/bfast-api/etc/Lumen8/resources/views/vendor/swagger-lume/index.blade.php) at /Users/gomez.luv/ilerna/php/bfast-api/vendor/darkaonline/swagger-lume/src/helpers.php:57)
[stacktrace]
#0 /Users/gomez.luv/ilerna/php/bfast-api/vendor/illuminate/view/Engines/PhpEngine.php(60): Illuminate\\View\\Engines\\CompilerEngine->handleViewException(Object(SwaggerLume\\Exceptions\\SwaggerLumeException), 1)
#1 /Users/gomez.luv/ilerna/php/bfast-api/vendor/illuminate/view/Engines/CompilerEngine.php(61): Illuminate\\View\\Engines\\PhpEngine->evaluatePath('/Users/gomez.lu...', Array)
#2 /Users/gomez.luv/ilerna/php/bfast-api/vendor/illuminate/view/View.php(139): Illuminate\\View\\Engines\\CompilerEngine->get('/Users/gomez.lu...', Array)
#3 /Users/gomez.luv/ilerna/php/bfast-api/vendor/illuminate/view/View.php(122): Illuminate\\View\\View->getContents()
#4 /Users/gomez.luv/ilerna/php/bfast-api/vendor/illuminate/view/View.php(91): Illuminate\\View\\View->renderContents()
#5 /Users/gomez.luv/ilerna/php/bfast-api/vendor/illuminate/http/Response.php(69): Illuminate\\View\\View->render()
#6 /Users/gomez.luv/ilerna/php/bfast-api/vendor/illuminate/http/Response.php(35): Illuminate\\Http\\Response->setContent(Object(Illuminate\\View\\View))
#7 /Users/gomez.luv/ilerna/php/bfast-api/vendor/darkaonline/swagger-lume/src/Http/Controllers/SwaggerLumeController.php(55): Illuminate\\Http\\Response->__construct(Object(Illuminate\\View\\View), 200, Array)
#8 /Users/gomez.luv/ilerna/php/bfast-api/vendor/illuminate/container/BoundMethod.php(36): SwaggerLume\\Http\\Controllers\\SwaggerLumeController->api()
#9 /Users/gomez.luv/ilerna/php/bfast-api/vendor/illuminate/container/Util.php(40): Illuminate\\Container\\BoundMethod::Illuminate\\Container\\{closure}()
#10 /Users/gomez.luv/ilerna/php/bfast-api/vendor/illuminate/container/BoundMethod.php(93): Illuminate\\Container\\Util::unwrapIfClosure(Object(Closure))
#11 /Users/gomez.luv/ilerna/php/bfast-api/vendor/illuminate/container/BoundMethod.php(37): Illuminate\\Container\\BoundMethod::callBoundMethod(Object(Laravel\\Lumen\\Application), Array, Object(Closure))
#12 /Users/gomez.luv/ilerna/php/bfast-api/vendor/illuminate/container/Container.php(653): Illuminate\\Container\\BoundMethod::call(Object(Laravel\\Lumen\\Application), Array, Array, NULL)
#13 /Users/gomez.luv/ilerna/php/bfast-api/vendor/laravel/lumen-framework/src/Concerns/RoutesRequests.php(389): Illuminate\\Container\\Container->call(Array, Array)
#14 /Users/gomez.luv/ilerna/php/bfast-api/vendor/laravel/lumen-framework/src/Concerns/RoutesRequests.php(355): Laravel\\Lumen\\Application->callControllerCallable(Array, Array)
#15 /Users/gomez.luv/ilerna/php/bfast-api/vendor/laravel/lumen-framework/src/Concerns/RoutesRequests.php(329): Laravel\\Lumen\\Application->callLumenController(Object(SwaggerLume\\Http\\Controllers\\SwaggerLumeController), 'api', Array)
#16 /Users/gomez.luv/ilerna/php/bfast-api/vendor/laravel/lumen-framework/src/Concerns/RoutesRequests.php(282): Laravel\\Lumen\\Application->callControllerAction(Array)
#17 /Users/gomez.luv/ilerna/php/bfast-api/vendor/laravel/lumen-framework/src/Concerns/RoutesRequests.php(262): Laravel\\Lumen\\Application->callActionOnArrayBasedRoute(Array)
#18 /Users/gomez.luv/ilerna/php/bfast-api/vendor/laravel/lumen-framework/src/Concerns/RoutesRequests.php(429): Laravel\\Lumen\\Application->Laravel\\Lumen\\Concerns\\{closure}(Object(Laravel\\Lumen\\Http\\Request))
#19 /Users/gomez.luv/ilerna/php/bfast-api/vendor/laravel/lumen-framework/src/Concerns/RoutesRequests.php(263): Laravel\\Lumen\\Application->sendThroughPipeline(Array, Object(Closure))
#20 /Users/gomez.luv/ilerna/php/bfast-api/vendor/laravel/lumen-framework/src/Concerns/RoutesRequests.php(169): Laravel\\Lumen\\Application->handleFoundRoute(Array)
#21 /Users/gomez.luv/ilerna/php/bfast-api/vendor/laravel/lumen-framework/src/Concerns/RoutesRequests.php(429): Laravel\\Lumen\\Application->Laravel\\Lumen\\Concerns\\{closure}(Object(Laravel\\Lumen\\Http\\Request))
#22 /Users/gomez.luv/ilerna/php/bfast-api/vendor/laravel/lumen-framework/src/Concerns/RoutesRequests.php(175): Laravel\\Lumen\\Application->sendThroughPipeline(Array, Object(Closure))
#23 /Users/gomez.luv/ilerna/php/bfast-api/vendor/laravel/lumen-framework/src/Concerns/RoutesRequests.php(112): Laravel\\Lumen\\Application->dispatch(NULL)
#24 /Users/gomez.luv/ilerna/php/bfast-api/etc/Lumen8/public/index.php(28): Laravel\\Lumen\\Application->run()
#25 {main}

[previous exception] [object] (SwaggerLume\\Exceptions\\SwaggerLumeException(code: 0): Requested L5 Swagger asset file (swagger-ui.css) does not exists at /Users/gomez.luv/ilerna/php/bfast-api/vendor/darkaonline/swagger-lume/src/helpers.php:57)
[stacktrace]
#0 /Users/gomez.luv/ilerna/php/bfast-api/etc/Lumen8/storage/framework/views/b087dce60b90ddd4ec2da62a110d05081e4bb6bd.php(8): swagger_lume_asset('swagger-ui.css')
#1 /Users/gomez.luv/ilerna/php/bfast-api/vendor/illuminate/filesystem/Filesystem.php(107): require('/Users/gomez.lu...')
#2 /Users/gomez.luv/ilerna/php/bfast-api/vendor/illuminate/filesystem/Filesystem.php(108): Illuminate\\Filesystem\\Filesystem::Illuminate\\Filesystem\\{closure}()
#3 /Users/gomez.luv/ilerna/php/bfast-api/vendor/illuminate/view/Engines/PhpEngine.php(58): Illuminate\\Filesystem\\Filesystem->getRequire('/Users/gomez.lu...', Array)
#4 /Users/gomez.luv/ilerna/php/bfast-api/vendor/illuminate/view/Engines/CompilerEngine.php(61): Illuminate\\View\\Engines\\PhpEngine->evaluatePath('/Users/gomez.lu...', Array)
#5 /Users/gomez.luv/ilerna/php/bfast-api/vendor/illuminate/view/View.php(139): Illuminate\\View\\Engines\\CompilerEngine->get('/Users/gomez.lu...', Array)
#6 /Users/gomez.luv/ilerna/php/bfast-api/vendor/illuminate/view/View.php(122): Illuminate\\View\\View->getContents()
#7 /Users/gomez.luv/ilerna/php/bfast-api/vendor/illuminate/view/View.php(91): Illuminate\\View\\View->renderContents()
#8 /Users/gomez.luv/ilerna/php/bfast-api/vendor/illuminate/http/Response.php(69): Illuminate\\View\\View->render()
#9 /Users/gomez.luv/ilerna/php/bfast-api/vendor/illuminate/http/Response.php(35): Illuminate\\Http\\Response->setContent(Object(Illuminate\\View\\View))
#10 /Users/gomez.luv/ilerna/php/bfast-api/vendor/darkaonline/swagger-lume/src/Http/Controllers/SwaggerLumeController.php(55): Illuminate\\Http\\Response->__construct(Object(Illuminate\\View\\View), 200, Array)
#11 /Users/gomez.luv/ilerna/php/bfast-api/vendor/illuminate/container/BoundMethod.php(36): SwaggerLume\\Http\\Controllers\\SwaggerLumeController->api()
#12 /Users/gomez.luv/ilerna/php/bfast-api/vendor/illuminate/container/Util.php(40): Illuminate\\Container\\BoundMethod::Illuminate\\Container\\{closure}()
#13 /Users/gomez.luv/ilerna/php/bfast-api/vendor/illuminate/container/BoundMethod.php(93): Illuminate\\Container\\Util::unwrapIfClosure(Object(Closure))
#14 /Users/gomez.luv/ilerna/php/bfast-api/vendor/illuminate/container/BoundMethod.php(37): Illuminate\\Container\\BoundMethod::callBoundMethod(Object(Laravel\\Lumen\\Application), Array, Object(Closure))
#15 /Users/gomez.luv/ilerna/php/bfast-api/vendor/illuminate/container/Container.php(653): Illuminate\\Container\\BoundMethod::call(Object(Laravel\\Lumen\\Application), Array, Array, NULL)
#16 /Users/gomez.luv/ilerna/php/bfast-api/vendor/laravel/lumen-framework/src/Concerns/RoutesRequests.php(389): Illuminate\\Container\\Container->call(Array, Array)
#17 /Users/gomez.luv/ilerna/php/bfast-api/vendor/laravel/lumen-framework/src/Concerns/RoutesRequests.php(355): Laravel\\Lumen\\Application->callControllerCallable(Array, Array)
#18 /Users/gomez.luv/ilerna/php/bfast-api/vendor/laravel/lumen-framework/src/Concerns/RoutesRequests.php(329): Laravel\\Lumen\\Application->callLumenController(Object(SwaggerLume\\Http\\Controllers\\SwaggerLumeController), 'api', Array)
#19 /Users/gomez.luv/ilerna/php/bfast-api/vendor/laravel/lumen-framework/src/Concerns/RoutesRequests.php(282): Laravel\\Lumen\\Application->callControllerAction(Array)
#20 /Users/gomez.luv/ilerna/php/bfast-api/vendor/laravel/lumen-framework/src/Concerns/RoutesRequests.php(262): Laravel\\Lumen\\Application->callActionOnArrayBasedRoute(Array)
#21 /Users/gomez.luv/ilerna/php/bfast-api/vendor/laravel/lumen-framework/src/Concerns/RoutesRequests.php(429): Laravel\\Lumen\\Application->Laravel\\Lumen\\Concerns\\{closure}(Object(Laravel\\Lumen\\Http\\Request))
#22 /Users/gomez.luv/ilerna/php/bfast-api/vendor/laravel/lumen-framework/src/Concerns/RoutesRequests.php(263): Laravel\\Lumen\\Application->sendThroughPipeline(Array, Object(Closure))
#23 /Users/gomez.luv/ilerna/php/bfast-api/vendor/laravel/lumen-framework/src/Concerns/RoutesRequests.php(169): Laravel\\Lumen\\Application->handleFoundRoute(Array)
#24 /Users/gomez.luv/ilerna/php/bfast-api/vendor/laravel/lumen-framework/src/Concerns/RoutesRequests.php(429): Laravel\\Lumen\\Application->Laravel\\Lumen\\Concerns\\{closure}(Object(Laravel\\Lumen\\Http\\Request))
#25 /Users/gomez.luv/ilerna/php/bfast-api/vendor/laravel/lumen-framework/src/Concerns/RoutesRequests.php(175): Laravel\\Lumen\\Application->sendThroughPipeline(Array, Object(Closure))
#26 /Users/gomez.luv/ilerna/php/bfast-api/vendor/laravel/lumen-framework/src/Concerns/RoutesRequests.php(112): Laravel\\Lumen\\Application->dispatch(NULL)
#27 /Users/gomez.luv/ilerna/php/bfast-api/etc/Lumen8/public/index.php(28): Laravel\\Lumen\\Application->run()
#28 {main}
"} 
[2021-11-26 20:27:13] production.ERROR: Requested L5 Swagger asset file (swagger-ui.css) does not exists (View: /Users/gomez.luv/ilerna/php/bfast-api/etc/Lumen8/resources/views/vendor/swagger-lume/index.blade.php) {"exception":"[object] (Illuminate\\View\\ViewException(code: 0): Requested L5 Swagger asset file (swagger-ui.css) does not exists (View: /Users/gomez.luv/ilerna/php/bfast-api/etc/Lumen8/resources/views/vendor/swagger-lume/index.blade.php) at /Users/gomez.luv/ilerna/php/bfast-api/vendor/darkaonline/swagger-lume/src/helpers.php:57)
[stacktrace]
#0 /Users/gomez.luv/ilerna/php/bfast-api/vendor/illuminate/view/Engines/PhpEngine.php(60): Illuminate\\View\\Engines\\CompilerEngine->handleViewException(Object(SwaggerLume\\Exceptions\\SwaggerLumeException), 1)
#1 /Users/gomez.luv/ilerna/php/bfast-api/vendor/illuminate/view/Engines/CompilerEngine.php(61): Illuminate\\View\\Engines\\PhpEngine->evaluatePath('/Users/gomez.lu...', Array)
#2 /Users/gomez.luv/ilerna/php/bfast-api/vendor/illuminate/view/View.php(139): Illuminate\\View\\Engines\\CompilerEngine->get('/Users/gomez.lu...', Array)
#3 /Users/gomez.luv/ilerna/php/bfast-api/vendor/illuminate/view/View.php(122): Illuminate\\View\\View->getContents()
#4 /Users/gomez.luv/ilerna/php/bfast-api/vendor/illuminate/view/View.php(91): Illuminate\\View\\View->renderContents()
#5 /Users/gomez.luv/ilerna/php/bfast-api/vendor/illuminate/http/Response.php(69): Illuminate\\View\\View->render()
#6 /Users/gomez.luv/ilerna/php/bfast-api/vendor/illuminate/http/Response.php(35): Illuminate\\Http\\Response->setContent(Object(Illuminate\\View\\View))
#7 /Users/gomez.luv/ilerna/php/bfast-api/vendor/darkaonline/swagger-lume/src/Http/Controllers/SwaggerLumeController.php(55): Illuminate\\Http\\Response->__construct(Object(Illuminate\\View\\View), 200, Array)
#8 /Users/gomez.luv/ilerna/php/bfast-api/vendor/illuminate/container/BoundMethod.php(36): SwaggerLume\\Http\\Controllers\\SwaggerLumeController->api()
#9 /Users/gomez.luv/ilerna/php/bfast-api/vendor/illuminate/container/Util.php(40): Illuminate\\Container\\BoundMethod::Illuminate\\Container\\{closure}()
#10 /Users/gomez.luv/ilerna/php/bfast-api/vendor/illuminate/container/BoundMethod.php(93): Illuminate\\Container\\Util::unwrapIfClosure(Object(Closure))
#11 /Users/gomez.luv/ilerna/php/bfast-api/vendor/illuminate/container/BoundMethod.php(37): Illuminate\\Container\\BoundMethod::callBoundMethod(Object(Laravel\\Lumen\\Application), Array, Object(Closure))
#12 /Users/gomez.luv/ilerna/php/bfast-api/vendor/illuminate/container/Container.php(653): Illuminate\\Container\\BoundMethod::call(Object(Laravel\\Lumen\\Application), Array, Array, NULL)
#13 /Users/gomez.luv/ilerna/php/bfast-api/vendor/laravel/lumen-framework/src/Concerns/RoutesRequests.php(389): Illuminate\\Container\\Container->call(Array, Array)
#14 /Users/gomez.luv/ilerna/php/bfast-api/vendor/laravel/lumen-framework/src/Concerns/RoutesRequests.php(355): Laravel\\Lumen\\Application->callControllerCallable(Array, Array)
#15 /Users/gomez.luv/ilerna/php/bfast-api/vendor/laravel/lumen-framework/src/Concerns/RoutesRequests.php(329): Laravel\\Lumen\\Application->callLumenController(Object(SwaggerLume\\Http\\Controllers\\SwaggerLumeController), 'api', Array)
#16 /Users/gomez.luv/ilerna/php/bfast-api/vendor/laravel/lumen-framework/src/Concerns/RoutesRequests.php(282): Laravel\\Lumen\\Application->callControllerAction(Array)
#17 /Users/gomez.luv/ilerna/php/bfast-api/vendor/laravel/lumen-framework/src/Concerns/RoutesRequests.php(262): Laravel\\Lumen\\Application->callActionOnArrayBasedRoute(Array)
#18 /Users/gomez.luv/ilerna/php/bfast-api/vendor/laravel/lumen-framework/src/Concerns/RoutesRequests.php(429): Laravel\\Lumen\\Application->Laravel\\Lumen\\Concerns\\{closure}(Object(Laravel\\Lumen\\Http\\Request))
#19 /Users/gomez.luv/ilerna/php/bfast-api/vendor/laravel/lumen-framework/src/Concerns/RoutesRequests.php(263): Laravel\\Lumen\\Application->sendThroughPipeline(Array, Object(Closure))
#20 /Users/gomez.luv/ilerna/php/bfast-api/vendor/laravel/lumen-framework/src/Concerns/RoutesRequests.php(169): Laravel\\Lumen\\Application->handleFoundRoute(Array)
#21 /Users/gomez.luv/ilerna/php/bfast-api/vendor/laravel/lumen-framework/src/Concerns/RoutesRequests.php(429): Laravel\\Lumen\\Application->Laravel\\Lumen\\Concerns\\{closure}(Object(Laravel\\Lumen\\Http\\Request))
#22 /Users/gomez.luv/ilerna/php/bfast-api/vendor/laravel/lumen-framework/src/Concerns/RoutesRequests.php(175): Laravel\\Lumen\\Application->sendThroughPipeline(Array, Object(Closure))
#23 /Users/gomez.luv/ilerna/php/bfast-api/vendor/laravel/lumen-framework/src/Concerns/RoutesRequests.php(112): Laravel\\Lumen\\Application->dispatch(NULL)
#24 /Users/gomez.luv/ilerna/php/bfast-api/etc/Lumen8/public/index.php(28): Laravel\\Lumen\\Application->run()
#25 {main}

[previous exception] [object] (SwaggerLume\\Exceptions\\SwaggerLumeException(code: 0): Requested L5 Swagger asset file (swagger-ui.css) does not exists at /Users/gomez.luv/ilerna/php/bfast-api/vendor/darkaonline/swagger-lume/src/helpers.php:57)
[stacktrace]
#0 /Users/gomez.luv/ilerna/php/bfast-api/etc/Lumen8/storage/framework/views/b087dce60b90ddd4ec2da62a110d05081e4bb6bd.php(8): swagger_lume_asset('swagger-ui.css')
#1 /Users/gomez.luv/ilerna/php/bfast-api/vendor/illuminate/filesystem/Filesystem.php(107): require('/Users/gomez.lu...')
#2 /Users/gomez.luv/ilerna/php/bfast-api/vendor/illuminate/filesystem/Filesystem.php(108): Illuminate\\Filesystem\\Filesystem::Illuminate\\Filesystem\\{closure}()
#3 /Users/gomez.luv/ilerna/php/bfast-api/vendor/illuminate/view/Engines/PhpEngine.php(58): Illuminate\\Filesystem\\Filesystem->getRequire('/Users/gomez.lu...', Array)
#4 /Users/gomez.luv/ilerna/php/bfast-api/vendor/illuminate/view/Engines/CompilerEngine.php(61): Illuminate\\View\\Engines\\PhpEngine->evaluatePath('/Users/gomez.lu...', Array)
#5 /Users/gomez.luv/ilerna/php/bfast-api/vendor/illuminate/view/View.php(139): Illuminate\\View\\Engines\\CompilerEngine->get('/Users/gomez.lu...', Array)
#6 /Users/gomez.luv/ilerna/php/bfast-api/vendor/illuminate/view/View.php(122): Illuminate\\View\\View->getContents()
#7 /Users/gomez.luv/ilerna/php/bfast-api/vendor/illuminate/view/View.php(91): Illuminate\\View\\View->renderContents()
#8 /Users/gomez.luv/ilerna/php/bfast-api/vendor/illuminate/http/Response.php(69): Illuminate\\View\\View->render()
#9 /Users/gomez.luv/ilerna/php/bfast-api/vendor/illuminate/http/Response.php(35): Illuminate\\Http\\Response->setContent(Object(Illuminate\\View\\View))
#10 /Users/gomez.luv/ilerna/php/bfast-api/vendor/darkaonline/swagger-lume/src/Http/Controllers/SwaggerLumeController.php(55): Illuminate\\Http\\Response->__construct(Object(Illuminate\\View\\View), 200, Array)
#11 /Users/gomez.luv/ilerna/php/bfast-api/vendor/illuminate/container/BoundMethod.php(36): SwaggerLume\\Http\\Controllers\\SwaggerLumeController->api()
#12 /Users/gomez.luv/ilerna/php/bfast-api/vendor/illuminate/container/Util.php(40): Illuminate\\Container\\BoundMethod::Illuminate\\Container\\{closure}()
#13 /Users/gomez.luv/ilerna/php/bfast-api/vendor/illuminate/container/BoundMethod.php(93): Illuminate\\Container\\Util::unwrapIfClosure(Object(Closure))
#14 /Users/gomez.luv/ilerna/php/bfast-api/vendor/illuminate/container/BoundMethod.php(37): Illuminate\\Container\\BoundMethod::callBoundMethod(Object(Laravel\\Lumen\\Application), Array, Object(Closure))
#15 /Users/gomez.luv/ilerna/php/bfast-api/vendor/illuminate/container/Container.php(653): Illuminate\\Container\\BoundMethod::call(Object(Laravel\\Lumen\\Application), Array, Array, NULL)
#16 /Users/gomez.luv/ilerna/php/bfast-api/vendor/laravel/lumen-framework/src/Concerns/RoutesRequests.php(389): Illuminate\\Container\\Container->call(Array, Array)
#17 /Users/gomez.luv/ilerna/php/bfast-api/vendor/laravel/lumen-framework/src/Concerns/RoutesRequests.php(355): Laravel\\Lumen\\Application->callControllerCallable(Array, Array)
#18 /Users/gomez.luv/ilerna/php/bfast-api/vendor/laravel/lumen-framework/src/Concerns/RoutesRequests.php(329): Laravel\\Lumen\\Application->callLumenController(Object(SwaggerLume\\Http\\Controllers\\SwaggerLumeController), 'api', Array)
#19 /Users/gomez.luv/ilerna/php/bfast-api/vendor/laravel/lumen-framework/src/Concerns/RoutesRequests.php(282): Laravel\\Lumen\\Application->callControllerAction(Array)
#20 /Users/gomez.luv/ilerna/php/bfast-api/vendor/laravel/lumen-framework/src/Concerns/RoutesRequests.php(262): Laravel\\Lumen\\Application->callActionOnArrayBasedRoute(Array)
#21 /Users/gomez.luv/ilerna/php/bfast-api/vendor/laravel/lumen-framework/src/Concerns/RoutesRequests.php(429): Laravel\\Lumen\\Application->Laravel\\Lumen\\Concerns\\{closure}(Object(Laravel\\Lumen\\Http\\Request))
#22 /Users/gomez.luv/ilerna/php/bfast-api/vendor/laravel/lumen-framework/src/Concerns/RoutesRequests.php(263): Laravel\\Lumen\\Application->sendThroughPipeline(Array, Object(Closure))
#23 /Users/gomez.luv/ilerna/php/bfast-api/vendor/laravel/lumen-framework/src/Concerns/RoutesRequests.php(169): Laravel\\Lumen\\Application->handleFoundRoute(Array)
#24 /Users/gomez.luv/ilerna/php/bfast-api/vendor/laravel/lumen-framework/src/Concerns/RoutesRequests.php(429): Laravel\\Lumen\\Application->Laravel\\Lumen\\Concerns\\{closure}(Object(Laravel\\Lumen\\Http\\Request))
#25 /Users/gomez.luv/ilerna/php/bfast-api/vendor/laravel/lumen-framework/src/Concerns/RoutesRequests.php(175): Laravel\\Lumen\\Application->sendThroughPipeline(Array, Object(Closure))
#26 /Users/gomez.luv/ilerna/php/bfast-api/vendor/laravel/lumen-framework/src/Concerns/RoutesRequests.php(112): Laravel\\Lumen\\Application->dispatch(NULL)
#27 /Users/gomez.luv/ilerna/php/bfast-api/etc/Lumen8/public/index.php(28): Laravel\\Lumen\\Application->run()
#28 {main}
"} 
[2021-11-26 20:37:54] local.ERROR: require(/Users/gomez.luv/ilerna/php/bfast-api/App/Api/Infrastructure/routes/api.php): Failed to open stream: No such file or directory {"exception":"[object] (ErrorException(code: 0): require(/Users/gomez.luv/ilerna/php/bfast-api/App/Api/Infrastructure/routes/api.php): Failed to open stream: No such file or directory at /Users/gomez.luv/ilerna/php/bfast-api/App/bootstrap.php:118)
[stacktrace]
#0 /Users/gomez.luv/ilerna/php/bfast-api/vendor/laravel/lumen-framework/src/Concerns/RegistersExceptionHandlers.php(47): Laravel\\Lumen\\Application->handleError(2, 'require(/Users/...', '/Users/gomez.lu...', 118)
#1 /Users/gomez.luv/ilerna/php/bfast-api/App/bootstrap.php(118): Laravel\\Lumen\\Application->Laravel\\Lumen\\Concerns\\{closure}(2, 'require(/Users/...', '/Users/gomez.lu...', 118)
#2 /Users/gomez.luv/ilerna/php/bfast-api/App/bootstrap.php(118): require()
#3 /Users/gomez.luv/ilerna/php/bfast-api/vendor/laravel/lumen-framework/src/Routing/Router.php(62): {closure}(Object(Laravel\\Lumen\\Routing\\Router))
#4 /Users/gomez.luv/ilerna/php/bfast-api/App/bootstrap.php(119): Laravel\\Lumen\\Routing\\Router->group(Array, Object(Closure))
#5 /Users/gomez.luv/ilerna/php/bfast-api/public/index.php(14): require('/Users/gomez.lu...')
#6 {main}
"} 
