[2021-11-24 08:09:13] local.ERROR: [Syntax Error] Expected Doctrine\Common\Annotations\DocLexer::T_CLOSE_PARENTHESIS, got '@' at position 169. {"exception":"[object] (ErrorException(code: 0): [Syntax Error] Expected Doctrine\\Common\\Annotations\\DocLexer::T_CLOSE_PARENTHESIS, got '@' at position 169. at /Users/gomez.luv/ilerna/php/bpoint-api/vendor/zircote/swagger-php/src/Logger.php:40)
[stacktrace]
#0 /Users/gomez.luv/ilerna/php/bpoint-api/vendor/laravel/lumen-framework/src/Concerns/RegistersExceptionHandlers.php(47): Laravel\\Lumen\\Application->handleError(512, '[Syntax Error] ...', '/Users/gomez.lu...', 40)
#1 [internal function]: Laravel\\Lumen\\Application->Laravel\\Lumen\\Concerns\\{closure}(512, '[Syntax Error] ...', '/Users/gomez.lu...', 40)
#2 /Users/gomez.luv/ilerna/php/bpoint-api/vendor/zircote/swagger-php/src/Logger.php(40): trigger_error('[Syntax Error] ...', 512)
#3 [internal function]: OpenApi\\Logger->OpenApi\\{closure}('[Syntax Error] ...', 512)
#4 /Users/gomez.luv/ilerna/php/bpoint-api/vendor/zircote/swagger-php/src/Logger.php(60): call_user_func(Object(Closure), Object(Doctrine\\Common\\Annotations\\AnnotationException), 512)
#5 /Users/gomez.luv/ilerna/php/bpoint-api/vendor/zircote/swagger-php/src/Logger/DefaultLogger.php(22): OpenApi\\Logger::warning(Object(Doctrine\\Common\\Annotations\\AnnotationException))
#6 /Users/gomez.luv/ilerna/php/bpoint-api/vendor/psr/log/Psr/Log/AbstractLogger.php(69): OpenApi\\Logger\\DefaultLogger->log('error', Object(Doctrine\\Common\\Annotations\\AnnotationException), Array)
#7 /Users/gomez.luv/ilerna/php/bpoint-api/vendor/zircote/swagger-php/src/Analyser.php(115): Psr\\Log\\AbstractLogger->error(Object(Doctrine\\Common\\Annotations\\AnnotationException))
#8 /Users/gomez.luv/ilerna/php/bpoint-api/vendor/zircote/swagger-php/src/StaticAnalyser.php(397): OpenApi\\Analyser->fromComment('/**\
 * @OA\\\\Dele...', Object(OpenApi\\Context))
#9 /Users/gomez.luv/ilerna/php/bpoint-api/vendor/zircote/swagger-php/src/StaticAnalyser.php(154): OpenApi\\StaticAnalyser->analyseComment(Object(OpenApi\\Analysis), Object(OpenApi\\Analyser), '/**\
 * @OA\\\\Dele...', Object(OpenApi\\Context))
#10 /Users/gomez.luv/ilerna/php/bpoint-api/vendor/zircote/swagger-php/src/StaticAnalyser.php(33): OpenApi\\StaticAnalyser->fromTokens(Array, Object(OpenApi\\Context))
#11 /Users/gomez.luv/ilerna/php/bpoint-api/vendor/zircote/swagger-php/src/Generator.php(275): OpenApi\\StaticAnalyser->fromFile('/Users/gomez.lu...', Object(OpenApi\\Context))
#12 /Users/gomez.luv/ilerna/php/bpoint-api/vendor/zircote/swagger-php/src/Generator.php(244): OpenApi\\Generator->scanSources(Object(Symfony\\Component\\Finder\\Finder), Object(OpenApi\\Analysis), Object(OpenApi\\Context))
#13 /Users/gomez.luv/ilerna/php/bpoint-api/vendor/zircote/swagger-php/src/Generator.php(223): OpenApi\\Generator->generate(Object(Symfony\\Component\\Finder\\Finder), Object(OpenApi\\Analysis), true)
#14 /Users/gomez.luv/ilerna/php/bpoint-api/vendor/zircote/swagger-php/src/functions.php(56): OpenApi\\Generator::scan(Object(Symfony\\Component\\Finder\\Finder), Array)
#15 /Users/gomez.luv/ilerna/php/bpoint-api/vendor/darkaonline/swagger-lume/src/Generator.php(25): OpenApi\\scan('/Users/gomez.lu...', Array)
#16 /Users/gomez.luv/ilerna/php/bpoint-api/vendor/darkaonline/swagger-lume/src/Console/GenerateDocsCommand.php(32): SwaggerLume\\Generator::generateDocs()
#17 /Users/gomez.luv/ilerna/php/bpoint-api/vendor/illuminate/container/BoundMethod.php(36): SwaggerLume\\Console\\GenerateDocsCommand->handle()
#18 /Users/gomez.luv/ilerna/php/bpoint-api/vendor/illuminate/container/Util.php(40): Illuminate\\Container\\BoundMethod::Illuminate\\Container\\{closure}()
#19 /Users/gomez.luv/ilerna/php/bpoint-api/vendor/illuminate/container/BoundMethod.php(93): Illuminate\\Container\\Util::unwrapIfClosure(Object(Closure))
#20 /Users/gomez.luv/ilerna/php/bpoint-api/vendor/illuminate/container/BoundMethod.php(37): Illuminate\\Container\\BoundMethod::callBoundMethod(Object(Laravel\\Lumen\\Application), Array, Object(Closure))
#21 /Users/gomez.luv/ilerna/php/bpoint-api/vendor/illuminate/container/Container.php(653): Illuminate\\Container\\BoundMethod::call(Object(Laravel\\Lumen\\Application), Array, Array, NULL)
#22 /Users/gomez.luv/ilerna/php/bpoint-api/vendor/illuminate/console/Command.php(136): Illuminate\\Container\\Container->call(Array)
#23 /Users/gomez.luv/ilerna/php/bpoint-api/vendor/symfony/console/Command/Command.php(299): Illuminate\\Console\\Command->execute(Object(Symfony\\Component\\Console\\Input\\ArgvInput), Object(Illuminate\\Console\\OutputStyle))
#24 /Users/gomez.luv/ilerna/php/bpoint-api/vendor/illuminate/console/Command.php(121): Symfony\\Component\\Console\\Command\\Command->run(Object(Symfony\\Component\\Console\\Input\\ArgvInput), Object(Illuminate\\Console\\OutputStyle))
#25 /Users/gomez.luv/ilerna/php/bpoint-api/vendor/symfony/console/Application.php(978): Illuminate\\Console\\Command->run(Object(Symfony\\Component\\Console\\Input\\ArgvInput), Object(Symfony\\Component\\Console\\Output\\ConsoleOutput))
#26 /Users/gomez.luv/ilerna/php/bpoint-api/vendor/symfony/console/Application.php(295): Symfony\\Component\\Console\\Application->doRunCommand(Object(SwaggerLume\\Console\\GenerateDocsCommand), Object(Symfony\\Component\\Console\\Input\\ArgvInput), Object(Symfony\\Component\\Console\\Output\\ConsoleOutput))
#27 /Users/gomez.luv/ilerna/php/bpoint-api/vendor/symfony/console/Application.php(167): Symfony\\Component\\Console\\Application->doRun(Object(Symfony\\Component\\Console\\Input\\ArgvInput), Object(Symfony\\Component\\Console\\Output\\ConsoleOutput))
#28 /Users/gomez.luv/ilerna/php/bpoint-api/vendor/illuminate/console/Application.php(94): Symfony\\Component\\Console\\Application->run(Object(Symfony\\Component\\Console\\Input\\ArgvInput), Object(Symfony\\Component\\Console\\Output\\ConsoleOutput))
#29 /Users/gomez.luv/ilerna/php/bpoint-api/vendor/laravel/lumen-framework/src/Console/Kernel.php(116): Illuminate\\Console\\Application->run(Object(Symfony\\Component\\Console\\Input\\ArgvInput), Object(Symfony\\Component\\Console\\Output\\ConsoleOutput))
#30 /Users/gomez.luv/ilerna/php/bpoint-api/artisan(35): Laravel\\Lumen\\Console\\Kernel->handle(Object(Symfony\\Component\\Console\\Input\\ArgvInput), Object(Symfony\\Component\\Console\\Output\\ConsoleOutput))
#31 {main}
"} 
[2021-11-24 08:10:04] local.ERROR: [Syntax Error] Expected Doctrine\Common\Annotations\DocLexer::T_CLOSE_PARENTHESIS, got '@' at position 169. {"exception":"[object] (ErrorException(code: 0): [Syntax Error] Expected Doctrine\\Common\\Annotations\\DocLexer::T_CLOSE_PARENTHESIS, got '@' at position 169. at /Users/gomez.luv/ilerna/php/bpoint-api/vendor/zircote/swagger-php/src/Logger.php:40)
[stacktrace]
#0 /Users/gomez.luv/ilerna/php/bpoint-api/vendor/laravel/lumen-framework/src/Concerns/RegistersExceptionHandlers.php(47): Laravel\\Lumen\\Application->handleError(512, '[Syntax Error] ...', '/Users/gomez.lu...', 40)
#1 [internal function]: Laravel\\Lumen\\Application->Laravel\\Lumen\\Concerns\\{closure}(512, '[Syntax Error] ...', '/Users/gomez.lu...', 40)
#2 /Users/gomez.luv/ilerna/php/bpoint-api/vendor/zircote/swagger-php/src/Logger.php(40): trigger_error('[Syntax Error] ...', 512)
#3 [internal function]: OpenApi\\Logger->OpenApi\\{closure}('[Syntax Error] ...', 512)
#4 /Users/gomez.luv/ilerna/php/bpoint-api/vendor/zircote/swagger-php/src/Logger.php(60): call_user_func(Object(Closure), Object(Doctrine\\Common\\Annotations\\AnnotationException), 512)
#5 /Users/gomez.luv/ilerna/php/bpoint-api/vendor/zircote/swagger-php/src/Logger/DefaultLogger.php(22): OpenApi\\Logger::warning(Object(Doctrine\\Common\\Annotations\\AnnotationException))
#6 /Users/gomez.luv/ilerna/php/bpoint-api/vendor/psr/log/Psr/Log/AbstractLogger.php(69): OpenApi\\Logger\\DefaultLogger->log('error', Object(Doctrine\\Common\\Annotations\\AnnotationException), Array)
#7 /Users/gomez.luv/ilerna/php/bpoint-api/vendor/zircote/swagger-php/src/Analyser.php(115): Psr\\Log\\AbstractLogger->error(Object(Doctrine\\Common\\Annotations\\AnnotationException))
#8 /Users/gomez.luv/ilerna/php/bpoint-api/vendor/zircote/swagger-php/src/StaticAnalyser.php(397): OpenApi\\Analyser->fromComment('/**\
 * @OA\\\\Dele...', Object(OpenApi\\Context))
#9 /Users/gomez.luv/ilerna/php/bpoint-api/vendor/zircote/swagger-php/src/StaticAnalyser.php(154): OpenApi\\StaticAnalyser->analyseComment(Object(OpenApi\\Analysis), Object(OpenApi\\Analyser), '/**\
 * @OA\\\\Dele...', Object(OpenApi\\Context))
#10 /Users/gomez.luv/ilerna/php/bpoint-api/vendor/zircote/swagger-php/src/StaticAnalyser.php(33): OpenApi\\StaticAnalyser->fromTokens(Array, Object(OpenApi\\Context))
#11 /Users/gomez.luv/ilerna/php/bpoint-api/vendor/zircote/swagger-php/src/Generator.php(275): OpenApi\\StaticAnalyser->fromFile('/Users/gomez.lu...', Object(OpenApi\\Context))
#12 /Users/gomez.luv/ilerna/php/bpoint-api/vendor/zircote/swagger-php/src/Generator.php(244): OpenApi\\Generator->scanSources(Object(Symfony\\Component\\Finder\\Finder), Object(OpenApi\\Analysis), Object(OpenApi\\Context))
#13 /Users/gomez.luv/ilerna/php/bpoint-api/vendor/zircote/swagger-php/src/Generator.php(223): OpenApi\\Generator->generate(Object(Symfony\\Component\\Finder\\Finder), Object(OpenApi\\Analysis), true)
#14 /Users/gomez.luv/ilerna/php/bpoint-api/vendor/zircote/swagger-php/src/functions.php(56): OpenApi\\Generator::scan(Object(Symfony\\Component\\Finder\\Finder), Array)
#15 /Users/gomez.luv/ilerna/php/bpoint-api/vendor/darkaonline/swagger-lume/src/Generator.php(25): OpenApi\\scan('/Users/gomez.lu...', Array)
#16 /Users/gomez.luv/ilerna/php/bpoint-api/vendor/darkaonline/swagger-lume/src/Console/GenerateDocsCommand.php(32): SwaggerLume\\Generator::generateDocs()
#17 /Users/gomez.luv/ilerna/php/bpoint-api/vendor/illuminate/container/BoundMethod.php(36): SwaggerLume\\Console\\GenerateDocsCommand->handle()
#18 /Users/gomez.luv/ilerna/php/bpoint-api/vendor/illuminate/container/Util.php(40): Illuminate\\Container\\BoundMethod::Illuminate\\Container\\{closure}()
#19 /Users/gomez.luv/ilerna/php/bpoint-api/vendor/illuminate/container/BoundMethod.php(93): Illuminate\\Container\\Util::unwrapIfClosure(Object(Closure))
#20 /Users/gomez.luv/ilerna/php/bpoint-api/vendor/illuminate/container/BoundMethod.php(37): Illuminate\\Container\\BoundMethod::callBoundMethod(Object(Laravel\\Lumen\\Application), Array, Object(Closure))
#21 /Users/gomez.luv/ilerna/php/bpoint-api/vendor/illuminate/container/Container.php(653): Illuminate\\Container\\BoundMethod::call(Object(Laravel\\Lumen\\Application), Array, Array, NULL)
#22 /Users/gomez.luv/ilerna/php/bpoint-api/vendor/illuminate/console/Command.php(136): Illuminate\\Container\\Container->call(Array)
#23 /Users/gomez.luv/ilerna/php/bpoint-api/vendor/symfony/console/Command/Command.php(299): Illuminate\\Console\\Command->execute(Object(Symfony\\Component\\Console\\Input\\ArgvInput), Object(Illuminate\\Console\\OutputStyle))
#24 /Users/gomez.luv/ilerna/php/bpoint-api/vendor/illuminate/console/Command.php(121): Symfony\\Component\\Console\\Command\\Command->run(Object(Symfony\\Component\\Console\\Input\\ArgvInput), Object(Illuminate\\Console\\OutputStyle))
#25 /Users/gomez.luv/ilerna/php/bpoint-api/vendor/symfony/console/Application.php(978): Illuminate\\Console\\Command->run(Object(Symfony\\Component\\Console\\Input\\ArgvInput), Object(Symfony\\Component\\Console\\Output\\ConsoleOutput))
#26 /Users/gomez.luv/ilerna/php/bpoint-api/vendor/symfony/console/Application.php(295): Symfony\\Component\\Console\\Application->doRunCommand(Object(SwaggerLume\\Console\\GenerateDocsCommand), Object(Symfony\\Component\\Console\\Input\\ArgvInput), Object(Symfony\\Component\\Console\\Output\\ConsoleOutput))
#27 /Users/gomez.luv/ilerna/php/bpoint-api/vendor/symfony/console/Application.php(167): Symfony\\Component\\Console\\Application->doRun(Object(Symfony\\Component\\Console\\Input\\ArgvInput), Object(Symfony\\Component\\Console\\Output\\ConsoleOutput))
#28 /Users/gomez.luv/ilerna/php/bpoint-api/vendor/illuminate/console/Application.php(94): Symfony\\Component\\Console\\Application->run(Object(Symfony\\Component\\Console\\Input\\ArgvInput), Object(Symfony\\Component\\Console\\Output\\ConsoleOutput))
#29 /Users/gomez.luv/ilerna/php/bpoint-api/vendor/laravel/lumen-framework/src/Console/Kernel.php(116): Illuminate\\Console\\Application->run(Object(Symfony\\Component\\Console\\Input\\ArgvInput), Object(Symfony\\Component\\Console\\Output\\ConsoleOutput))
#30 /Users/gomez.luv/ilerna/php/bpoint-api/artisan(35): Laravel\\Lumen\\Console\\Kernel->handle(Object(Symfony\\Component\\Console\\Input\\ArgvInput), Object(Symfony\\Component\\Console\\Output\\ConsoleOutput))
#31 {main}
"} 
[2021-11-24 08:12:14] local.ERROR: [Syntax Error] Expected Doctrine\Common\Annotations\DocLexer::T_CLOSE_PARENTHESIS, got '@' at position 203. {"exception":"[object] (ErrorException(code: 0): [Syntax Error] Expected Doctrine\\Common\\Annotations\\DocLexer::T_CLOSE_PARENTHESIS, got '@' at position 203. at /Users/gomez.luv/ilerna/php/bpoint-api/vendor/zircote/swagger-php/src/Logger.php:40)
[stacktrace]
#0 /Users/gomez.luv/ilerna/php/bpoint-api/vendor/laravel/lumen-framework/src/Concerns/RegistersExceptionHandlers.php(47): Laravel\\Lumen\\Application->handleError(512, '[Syntax Error] ...', '/Users/gomez.lu...', 40)
#1 [internal function]: Laravel\\Lumen\\Application->Laravel\\Lumen\\Concerns\\{closure}(512, '[Syntax Error] ...', '/Users/gomez.lu...', 40)
#2 /Users/gomez.luv/ilerna/php/bpoint-api/vendor/zircote/swagger-php/src/Logger.php(40): trigger_error('[Syntax Error] ...', 512)
#3 [internal function]: OpenApi\\Logger->OpenApi\\{closure}('[Syntax Error] ...', 512)
#4 /Users/gomez.luv/ilerna/php/bpoint-api/vendor/zircote/swagger-php/src/Logger.php(60): call_user_func(Object(Closure), Object(Doctrine\\Common\\Annotations\\AnnotationException), 512)
#5 /Users/gomez.luv/ilerna/php/bpoint-api/vendor/zircote/swagger-php/src/Logger/DefaultLogger.php(22): OpenApi\\Logger::warning(Object(Doctrine\\Common\\Annotations\\AnnotationException))
#6 /Users/gomez.luv/ilerna/php/bpoint-api/vendor/psr/log/Psr/Log/AbstractLogger.php(69): OpenApi\\Logger\\DefaultLogger->log('error', Object(Doctrine\\Common\\Annotations\\AnnotationException), Array)
#7 /Users/gomez.luv/ilerna/php/bpoint-api/vendor/zircote/swagger-php/src/Analyser.php(115): Psr\\Log\\AbstractLogger->error(Object(Doctrine\\Common\\Annotations\\AnnotationException))
#8 /Users/gomez.luv/ilerna/php/bpoint-api/vendor/zircote/swagger-php/src/StaticAnalyser.php(397): OpenApi\\Analyser->fromComment('/**\
 * @OA\\\\Dele...', Object(OpenApi\\Context))
#9 /Users/gomez.luv/ilerna/php/bpoint-api/vendor/zircote/swagger-php/src/StaticAnalyser.php(154): OpenApi\\StaticAnalyser->analyseComment(Object(OpenApi\\Analysis), Object(OpenApi\\Analyser), '/**\
 * @OA\\\\Dele...', Object(OpenApi\\Context))
#10 /Users/gomez.luv/ilerna/php/bpoint-api/vendor/zircote/swagger-php/src/StaticAnalyser.php(33): OpenApi\\StaticAnalyser->fromTokens(Array, Object(OpenApi\\Context))
#11 /Users/gomez.luv/ilerna/php/bpoint-api/vendor/zircote/swagger-php/src/Generator.php(275): OpenApi\\StaticAnalyser->fromFile('/Users/gomez.lu...', Object(OpenApi\\Context))
#12 /Users/gomez.luv/ilerna/php/bpoint-api/vendor/zircote/swagger-php/src/Generator.php(244): OpenApi\\Generator->scanSources(Object(Symfony\\Component\\Finder\\Finder), Object(OpenApi\\Analysis), Object(OpenApi\\Context))
#13 /Users/gomez.luv/ilerna/php/bpoint-api/vendor/zircote/swagger-php/src/Generator.php(223): OpenApi\\Generator->generate(Object(Symfony\\Component\\Finder\\Finder), Object(OpenApi\\Analysis), true)
#14 /Users/gomez.luv/ilerna/php/bpoint-api/vendor/zircote/swagger-php/src/functions.php(56): OpenApi\\Generator::scan(Object(Symfony\\Component\\Finder\\Finder), Array)
#15 /Users/gomez.luv/ilerna/php/bpoint-api/vendor/darkaonline/swagger-lume/src/Generator.php(25): OpenApi\\scan('/Users/gomez.lu...', Array)
#16 /Users/gomez.luv/ilerna/php/bpoint-api/vendor/darkaonline/swagger-lume/src/Console/GenerateDocsCommand.php(32): SwaggerLume\\Generator::generateDocs()
#17 /Users/gomez.luv/ilerna/php/bpoint-api/vendor/illuminate/container/BoundMethod.php(36): SwaggerLume\\Console\\GenerateDocsCommand->handle()
#18 /Users/gomez.luv/ilerna/php/bpoint-api/vendor/illuminate/container/Util.php(40): Illuminate\\Container\\BoundMethod::Illuminate\\Container\\{closure}()
#19 /Users/gomez.luv/ilerna/php/bpoint-api/vendor/illuminate/container/BoundMethod.php(93): Illuminate\\Container\\Util::unwrapIfClosure(Object(Closure))
#20 /Users/gomez.luv/ilerna/php/bpoint-api/vendor/illuminate/container/BoundMethod.php(37): Illuminate\\Container\\BoundMethod::callBoundMethod(Object(Laravel\\Lumen\\Application), Array, Object(Closure))
#21 /Users/gomez.luv/ilerna/php/bpoint-api/vendor/illuminate/container/Container.php(653): Illuminate\\Container\\BoundMethod::call(Object(Laravel\\Lumen\\Application), Array, Array, NULL)
#22 /Users/gomez.luv/ilerna/php/bpoint-api/vendor/illuminate/console/Command.php(136): Illuminate\\Container\\Container->call(Array)
#23 /Users/gomez.luv/ilerna/php/bpoint-api/vendor/symfony/console/Command/Command.php(299): Illuminate\\Console\\Command->execute(Object(Symfony\\Component\\Console\\Input\\ArgvInput), Object(Illuminate\\Console\\OutputStyle))
#24 /Users/gomez.luv/ilerna/php/bpoint-api/vendor/illuminate/console/Command.php(121): Symfony\\Component\\Console\\Command\\Command->run(Object(Symfony\\Component\\Console\\Input\\ArgvInput), Object(Illuminate\\Console\\OutputStyle))
#25 /Users/gomez.luv/ilerna/php/bpoint-api/vendor/symfony/console/Application.php(978): Illuminate\\Console\\Command->run(Object(Symfony\\Component\\Console\\Input\\ArgvInput), Object(Symfony\\Component\\Console\\Output\\ConsoleOutput))
#26 /Users/gomez.luv/ilerna/php/bpoint-api/vendor/symfony/console/Application.php(295): Symfony\\Component\\Console\\Application->doRunCommand(Object(SwaggerLume\\Console\\GenerateDocsCommand), Object(Symfony\\Component\\Console\\Input\\ArgvInput), Object(Symfony\\Component\\Console\\Output\\ConsoleOutput))
#27 /Users/gomez.luv/ilerna/php/bpoint-api/vendor/symfony/console/Application.php(167): Symfony\\Component\\Console\\Application->doRun(Object(Symfony\\Component\\Console\\Input\\ArgvInput), Object(Symfony\\Component\\Console\\Output\\ConsoleOutput))
#28 /Users/gomez.luv/ilerna/php/bpoint-api/vendor/illuminate/console/Application.php(94): Symfony\\Component\\Console\\Application->run(Object(Symfony\\Component\\Console\\Input\\ArgvInput), Object(Symfony\\Component\\Console\\Output\\ConsoleOutput))
#29 /Users/gomez.luv/ilerna/php/bpoint-api/vendor/laravel/lumen-framework/src/Console/Kernel.php(116): Illuminate\\Console\\Application->run(Object(Symfony\\Component\\Console\\Input\\ArgvInput), Object(Symfony\\Component\\Console\\Output\\ConsoleOutput))
#30 /Users/gomez.luv/ilerna/php/bpoint-api/artisan(35): Laravel\\Lumen\\Console\\Kernel->handle(Object(Symfony\\Component\\Console\\Input\\ArgvInput), Object(Symfony\\Component\\Console\\Output\\ConsoleOutput))
#31 {main}
"} 
[2021-11-24 08:12:59] local.ERROR: App\User\Application\DeleteUser::__invoke(): Argument #1 ($id) must be of type int, string given, called in /Users/gomez.luv/ilerna/php/bpoint-api/app/Http/Controllers/User/Delete.php on line 41 {"exception":"[object] (TypeError(code: 0): App\\User\\Application\\DeleteUser::__invoke(): Argument #1 ($id) must be of type int, string given, called in /Users/gomez.luv/ilerna/php/bpoint-api/app/Http/Controllers/User/Delete.php on line 41 at /Users/gomez.luv/ilerna/php/bpoint-api/app/User/Application/DeleteUser.php:20)
[stacktrace]
#0 /Users/gomez.luv/ilerna/php/bpoint-api/app/Http/Controllers/User/Delete.php(41): App\\User\\Application\\DeleteUser->__invoke('sad')
#1 /Users/gomez.luv/ilerna/php/bpoint-api/vendor/illuminate/container/BoundMethod.php(36): App\\Http\\Controllers\\User\\Delete->__invoke(Object(Laravel\\Lumen\\Http\\Request), 'sad')
#2 /Users/gomez.luv/ilerna/php/bpoint-api/vendor/illuminate/container/Util.php(40): Illuminate\\Container\\BoundMethod::Illuminate\\Container\\{closure}()
#3 /Users/gomez.luv/ilerna/php/bpoint-api/vendor/illuminate/container/BoundMethod.php(93): Illuminate\\Container\\Util::unwrapIfClosure(Object(Closure))
#4 /Users/gomez.luv/ilerna/php/bpoint-api/vendor/illuminate/container/BoundMethod.php(37): Illuminate\\Container\\BoundMethod::callBoundMethod(Object(Laravel\\Lumen\\Application), Array, Object(Closure))
#5 /Users/gomez.luv/ilerna/php/bpoint-api/vendor/illuminate/container/Container.php(653): Illuminate\\Container\\BoundMethod::call(Object(Laravel\\Lumen\\Application), Array, Array, NULL)
#6 /Users/gomez.luv/ilerna/php/bpoint-api/vendor/laravel/lumen-framework/src/Concerns/RoutesRequests.php(389): Illuminate\\Container\\Container->call(Array, Array)
#7 /Users/gomez.luv/ilerna/php/bpoint-api/vendor/laravel/lumen-framework/src/Concerns/RoutesRequests.php(355): Laravel\\Lumen\\Application->callControllerCallable(Array, Array)
#8 /Users/gomez.luv/ilerna/php/bpoint-api/vendor/laravel/lumen-framework/src/Concerns/RoutesRequests.php(329): Laravel\\Lumen\\Application->callLumenController(Object(App\\Http\\Controllers\\User\\Delete), '__invoke', Array)
#9 /Users/gomez.luv/ilerna/php/bpoint-api/vendor/laravel/lumen-framework/src/Concerns/RoutesRequests.php(282): Laravel\\Lumen\\Application->callControllerAction(Array)
#10 /Users/gomez.luv/ilerna/php/bpoint-api/vendor/laravel/lumen-framework/src/Concerns/RoutesRequests.php(267): Laravel\\Lumen\\Application->callActionOnArrayBasedRoute(Array)
#11 /Users/gomez.luv/ilerna/php/bpoint-api/vendor/laravel/lumen-framework/src/Concerns/RoutesRequests.php(237): Laravel\\Lumen\\Application->handleFoundRoute(Array)
#12 /Users/gomez.luv/ilerna/php/bpoint-api/vendor/laravel/lumen-framework/src/Concerns/RoutesRequests.php(173): Laravel\\Lumen\\Application->handleDispatcherResponse(Array)
#13 /Users/gomez.luv/ilerna/php/bpoint-api/vendor/laravel/lumen-framework/src/Concerns/RoutesRequests.php(429): Laravel\\Lumen\\Application->Laravel\\Lumen\\Concerns\\{closure}(Object(Laravel\\Lumen\\Http\\Request))
#14 /Users/gomez.luv/ilerna/php/bpoint-api/vendor/laravel/lumen-framework/src/Concerns/RoutesRequests.php(175): Laravel\\Lumen\\Application->sendThroughPipeline(Array, Object(Closure))
#15 /Users/gomez.luv/ilerna/php/bpoint-api/vendor/laravel/lumen-framework/src/Concerns/RoutesRequests.php(112): Laravel\\Lumen\\Application->dispatch(NULL)
#16 /Users/gomez.luv/ilerna/php/bpoint-api/public/index.php(28): Laravel\\Lumen\\Application->run()
#17 {main}
"} 
[2021-11-24 16:29:39] local.ERROR: Optional segments can only occur at the end of a route {"exception":"[object] (FastRoute\\BadRouteException(code: 0): Optional segments can only occur at the end of a route at /Users/gomez.luv/ilerna/php/bpoint-api/vendor/nikic/fast-route/src/RouteParser/Std.php:35)
[stacktrace]
#0 /Users/gomez.luv/ilerna/php/bpoint-api/vendor/nikic/fast-route/src/RouteCollector.php(41): FastRoute\\RouteParser\\Std->parse('/users/{id:^[0-...')
#1 /Users/gomez.luv/ilerna/php/bpoint-api/vendor/laravel/lumen-framework/src/Concerns/RoutesRequests.php(207): FastRoute\\RouteCollector->addRoute('DELETE', '/users/{id:^[0-...', Array)
#2 /Users/gomez.luv/ilerna/php/bpoint-api/vendor/nikic/fast-route/src/functions.php(25): Laravel\\Lumen\\Application->Laravel\\Lumen\\Concerns\\{closure}(Object(FastRoute\\RouteCollector))
#3 /Users/gomez.luv/ilerna/php/bpoint-api/vendor/laravel/lumen-framework/src/Concerns/RoutesRequests.php(209): FastRoute\\simpleDispatcher(Object(Closure))
#4 /Users/gomez.luv/ilerna/php/bpoint-api/vendor/laravel/lumen-framework/src/Concerns/RoutesRequests.php(173): Laravel\\Lumen\\Application->createDispatcher()
#5 /Users/gomez.luv/ilerna/php/bpoint-api/vendor/laravel/lumen-framework/src/Concerns/RoutesRequests.php(429): Laravel\\Lumen\\Application->Laravel\\Lumen\\Concerns\\{closure}(Object(Laravel\\Lumen\\Http\\Request))
#6 /Users/gomez.luv/ilerna/php/bpoint-api/vendor/laravel/lumen-framework/src/Concerns/RoutesRequests.php(175): Laravel\\Lumen\\Application->sendThroughPipeline(Array, Object(Closure))
#7 /Users/gomez.luv/ilerna/php/bpoint-api/vendor/laravel/lumen-framework/src/Concerns/RoutesRequests.php(112): Laravel\\Lumen\\Application->dispatch(NULL)
#8 /Users/gomez.luv/ilerna/php/bpoint-api/public/index.php(28): Laravel\\Lumen\\Application->run()
#9 {main}
"} 
[2021-11-24 16:29:49] local.ERROR: Optional segments can only occur at the end of a route {"exception":"[object] (FastRoute\\BadRouteException(code: 0): Optional segments can only occur at the end of a route at /Users/gomez.luv/ilerna/php/bpoint-api/vendor/nikic/fast-route/src/RouteParser/Std.php:35)
[stacktrace]
#0 /Users/gomez.luv/ilerna/php/bpoint-api/vendor/nikic/fast-route/src/RouteCollector.php(41): FastRoute\\RouteParser\\Std->parse('/users/{id:[0-9...')
#1 /Users/gomez.luv/ilerna/php/bpoint-api/vendor/laravel/lumen-framework/src/Concerns/RoutesRequests.php(207): FastRoute\\RouteCollector->addRoute('DELETE', '/users/{id:[0-9...', Array)
#2 /Users/gomez.luv/ilerna/php/bpoint-api/vendor/nikic/fast-route/src/functions.php(25): Laravel\\Lumen\\Application->Laravel\\Lumen\\Concerns\\{closure}(Object(FastRoute\\RouteCollector))
#3 /Users/gomez.luv/ilerna/php/bpoint-api/vendor/laravel/lumen-framework/src/Concerns/RoutesRequests.php(209): FastRoute\\simpleDispatcher(Object(Closure))
#4 /Users/gomez.luv/ilerna/php/bpoint-api/vendor/laravel/lumen-framework/src/Concerns/RoutesRequests.php(173): Laravel\\Lumen\\Application->createDispatcher()
#5 /Users/gomez.luv/ilerna/php/bpoint-api/vendor/laravel/lumen-framework/src/Concerns/RoutesRequests.php(429): Laravel\\Lumen\\Application->Laravel\\Lumen\\Concerns\\{closure}(Object(Laravel\\Lumen\\Http\\Request))
#6 /Users/gomez.luv/ilerna/php/bpoint-api/vendor/laravel/lumen-framework/src/Concerns/RoutesRequests.php(175): Laravel\\Lumen\\Application->sendThroughPipeline(Array, Object(Closure))
#7 /Users/gomez.luv/ilerna/php/bpoint-api/vendor/laravel/lumen-framework/src/Concerns/RoutesRequests.php(112): Laravel\\Lumen\\Application->dispatch(NULL)
#8 /Users/gomez.luv/ilerna/php/bpoint-api/public/index.php(28): Laravel\\Lumen\\Application->run()
#9 {main}
"} 
[2021-11-24 16:43:46] local.ERROR: Class "App\User\Application\DeleteUser" not found {"exception":"[object] (Error(code: 0): Class \"App\\User\\Application\\DeleteUser\" not found at /Users/gomez.luv/ilerna/php/bpoint-api/app/Http/Controllers/User/Delete.php:39)
[stacktrace]
#0 /Users/gomez.luv/ilerna/php/bpoint-api/vendor/illuminate/container/BoundMethod.php(36): App\\Http\\Controllers\\User\\Delete->__invoke(Object(Laravel\\Lumen\\Http\\Request), '1')
#1 /Users/gomez.luv/ilerna/php/bpoint-api/vendor/illuminate/container/Util.php(40): Illuminate\\Container\\BoundMethod::Illuminate\\Container\\{closure}()
#2 /Users/gomez.luv/ilerna/php/bpoint-api/vendor/illuminate/container/BoundMethod.php(93): Illuminate\\Container\\Util::unwrapIfClosure(Object(Closure))
#3 /Users/gomez.luv/ilerna/php/bpoint-api/vendor/illuminate/container/BoundMethod.php(37): Illuminate\\Container\\BoundMethod::callBoundMethod(Object(Laravel\\Lumen\\Application), Array, Object(Closure))
#4 /Users/gomez.luv/ilerna/php/bpoint-api/vendor/illuminate/container/Container.php(653): Illuminate\\Container\\BoundMethod::call(Object(Laravel\\Lumen\\Application), Array, Array, NULL)
#5 /Users/gomez.luv/ilerna/php/bpoint-api/vendor/laravel/lumen-framework/src/Concerns/RoutesRequests.php(389): Illuminate\\Container\\Container->call(Array, Array)
#6 /Users/gomez.luv/ilerna/php/bpoint-api/vendor/laravel/lumen-framework/src/Concerns/RoutesRequests.php(355): Laravel\\Lumen\\Application->callControllerCallable(Array, Array)
#7 /Users/gomez.luv/ilerna/php/bpoint-api/vendor/laravel/lumen-framework/src/Concerns/RoutesRequests.php(329): Laravel\\Lumen\\Application->callLumenController(Object(App\\Http\\Controllers\\User\\Delete), '__invoke', Array)
#8 /Users/gomez.luv/ilerna/php/bpoint-api/vendor/laravel/lumen-framework/src/Concerns/RoutesRequests.php(282): Laravel\\Lumen\\Application->callControllerAction(Array)
#9 /Users/gomez.luv/ilerna/php/bpoint-api/vendor/laravel/lumen-framework/src/Concerns/RoutesRequests.php(267): Laravel\\Lumen\\Application->callActionOnArrayBasedRoute(Array)
#10 /Users/gomez.luv/ilerna/php/bpoint-api/vendor/laravel/lumen-framework/src/Concerns/RoutesRequests.php(237): Laravel\\Lumen\\Application->handleFoundRoute(Array)
#11 /Users/gomez.luv/ilerna/php/bpoint-api/vendor/laravel/lumen-framework/src/Concerns/RoutesRequests.php(173): Laravel\\Lumen\\Application->handleDispatcherResponse(Array)
#12 /Users/gomez.luv/ilerna/php/bpoint-api/vendor/laravel/lumen-framework/src/Concerns/RoutesRequests.php(429): Laravel\\Lumen\\Application->Laravel\\Lumen\\Concerns\\{closure}(Object(Laravel\\Lumen\\Http\\Request))
#13 /Users/gomez.luv/ilerna/php/bpoint-api/vendor/laravel/lumen-framework/src/Concerns/RoutesRequests.php(175): Laravel\\Lumen\\Application->sendThroughPipeline(Array, Object(Closure))
#14 /Users/gomez.luv/ilerna/php/bpoint-api/vendor/laravel/lumen-framework/src/Concerns/RoutesRequests.php(112): Laravel\\Lumen\\Application->dispatch(NULL)
#15 /Users/gomez.luv/ilerna/php/bpoint-api/public/index.php(28): Laravel\\Lumen\\Application->run()
#16 {main}
"} 
[2021-11-24 16:46:40] local.ERROR: Target [App\User\Domain\Interfaces\UserRepositoryInterface] is not instantiable while building [App\Http\Controllers\User\Delete]. {"exception":"[object] (Illuminate\\Contracts\\Container\\BindingResolutionException(code: 0): Target [App\\User\\Domain\\Interfaces\\UserRepositoryInterface] is not instantiable while building [App\\Http\\Controllers\\User\\Delete]. at /Users/gomez.luv/ilerna/php/bpoint-api/vendor/illuminate/container/Container.php:1093)
[stacktrace]
#0 /Users/gomez.luv/ilerna/php/bpoint-api/vendor/illuminate/container/Container.php(886): Illuminate\\Container\\Container->notInstantiable('App\\\\User\\\\Domain...')
#1 /Users/gomez.luv/ilerna/php/bpoint-api/vendor/illuminate/container/Container.php(758): Illuminate\\Container\\Container->build('App\\\\User\\\\Domain...')
#2 /Users/gomez.luv/ilerna/php/bpoint-api/vendor/illuminate/container/Container.php(694): Illuminate\\Container\\Container->resolve('App\\\\User\\\\Domain...', Array)
#3 /Users/gomez.luv/ilerna/php/bpoint-api/vendor/laravel/lumen-framework/src/Application.php(300): Illuminate\\Container\\Container->make('App\\\\User\\\\Domain...', Array)
#4 /Users/gomez.luv/ilerna/php/bpoint-api/vendor/illuminate/container/Container.php(1031): Laravel\\Lumen\\Application->make('App\\\\User\\\\Domain...')
#5 /Users/gomez.luv/ilerna/php/bpoint-api/vendor/illuminate/container/Container.php(951): Illuminate\\Container\\Container->resolveClass(Object(ReflectionParameter))
#6 /Users/gomez.luv/ilerna/php/bpoint-api/vendor/illuminate/container/Container.php(912): Illuminate\\Container\\Container->resolveDependencies(Array)
#7 /Users/gomez.luv/ilerna/php/bpoint-api/vendor/illuminate/container/Container.php(758): Illuminate\\Container\\Container->build('App\\\\Http\\\\Contro...')
#8 /Users/gomez.luv/ilerna/php/bpoint-api/vendor/illuminate/container/Container.php(694): Illuminate\\Container\\Container->resolve('App\\\\Http\\\\Contro...', Array)
#9 /Users/gomez.luv/ilerna/php/bpoint-api/vendor/laravel/lumen-framework/src/Application.php(300): Illuminate\\Container\\Container->make('App\\\\Http\\\\Contro...', Array)
#10 /Users/gomez.luv/ilerna/php/bpoint-api/vendor/laravel/lumen-framework/src/Concerns/RoutesRequests.php(324): Laravel\\Lumen\\Application->make('App\\\\Http\\\\Contro...')
#11 /Users/gomez.luv/ilerna/php/bpoint-api/vendor/laravel/lumen-framework/src/Concerns/RoutesRequests.php(282): Laravel\\Lumen\\Application->callControllerAction(Array)
#12 /Users/gomez.luv/ilerna/php/bpoint-api/vendor/laravel/lumen-framework/src/Concerns/RoutesRequests.php(267): Laravel\\Lumen\\Application->callActionOnArrayBasedRoute(Array)
#13 /Users/gomez.luv/ilerna/php/bpoint-api/vendor/laravel/lumen-framework/src/Concerns/RoutesRequests.php(237): Laravel\\Lumen\\Application->handleFoundRoute(Array)
#14 /Users/gomez.luv/ilerna/php/bpoint-api/vendor/laravel/lumen-framework/src/Concerns/RoutesRequests.php(173): Laravel\\Lumen\\Application->handleDispatcherResponse(Array)
#15 /Users/gomez.luv/ilerna/php/bpoint-api/vendor/laravel/lumen-framework/src/Concerns/RoutesRequests.php(429): Laravel\\Lumen\\Application->Laravel\\Lumen\\Concerns\\{closure}(Object(Laravel\\Lumen\\Http\\Request))
#16 /Users/gomez.luv/ilerna/php/bpoint-api/vendor/laravel/lumen-framework/src/Concerns/RoutesRequests.php(175): Laravel\\Lumen\\Application->sendThroughPipeline(Array, Object(Closure))
#17 /Users/gomez.luv/ilerna/php/bpoint-api/vendor/laravel/lumen-framework/src/Concerns/RoutesRequests.php(112): Laravel\\Lumen\\Application->dispatch(NULL)
#18 /Users/gomez.luv/ilerna/php/bpoint-api/public/index.php(28): Laravel\\Lumen\\Application->run()
#19 {main}
"} 
[2021-11-24 16:46:48] local.ERROR: Target [App\User\Domain\Interfaces\UserRepositoryContract] is not instantiable while building [App\Http\Controllers\User\Delete]. {"exception":"[object] (Illuminate\\Contracts\\Container\\BindingResolutionException(code: 0): Target [App\\User\\Domain\\Interfaces\\UserRepositoryContract] is not instantiable while building [App\\Http\\Controllers\\User\\Delete]. at /Users/gomez.luv/ilerna/php/bpoint-api/vendor/illuminate/container/Container.php:1093)
[stacktrace]
#0 /Users/gomez.luv/ilerna/php/bpoint-api/vendor/illuminate/container/Container.php(886): Illuminate\\Container\\Container->notInstantiable('App\\\\User\\\\Domain...')
#1 /Users/gomez.luv/ilerna/php/bpoint-api/vendor/illuminate/container/Container.php(758): Illuminate\\Container\\Container->build('App\\\\User\\\\Domain...')
#2 /Users/gomez.luv/ilerna/php/bpoint-api/vendor/illuminate/container/Container.php(694): Illuminate\\Container\\Container->resolve('App\\\\User\\\\Domain...', Array)
#3 /Users/gomez.luv/ilerna/php/bpoint-api/vendor/laravel/lumen-framework/src/Application.php(300): Illuminate\\Container\\Container->make('App\\\\User\\\\Domain...', Array)
#4 /Users/gomez.luv/ilerna/php/bpoint-api/vendor/illuminate/container/Container.php(1031): Laravel\\Lumen\\Application->make('App\\\\User\\\\Domain...')
#5 /Users/gomez.luv/ilerna/php/bpoint-api/vendor/illuminate/container/Container.php(951): Illuminate\\Container\\Container->resolveClass(Object(ReflectionParameter))
#6 /Users/gomez.luv/ilerna/php/bpoint-api/vendor/illuminate/container/Container.php(912): Illuminate\\Container\\Container->resolveDependencies(Array)
#7 /Users/gomez.luv/ilerna/php/bpoint-api/vendor/illuminate/container/Container.php(758): Illuminate\\Container\\Container->build('App\\\\Http\\\\Contro...')
#8 /Users/gomez.luv/ilerna/php/bpoint-api/vendor/illuminate/container/Container.php(694): Illuminate\\Container\\Container->resolve('App\\\\Http\\\\Contro...', Array)
#9 /Users/gomez.luv/ilerna/php/bpoint-api/vendor/laravel/lumen-framework/src/Application.php(300): Illuminate\\Container\\Container->make('App\\\\Http\\\\Contro...', Array)
#10 /Users/gomez.luv/ilerna/php/bpoint-api/vendor/laravel/lumen-framework/src/Concerns/RoutesRequests.php(324): Laravel\\Lumen\\Application->make('App\\\\Http\\\\Contro...')
#11 /Users/gomez.luv/ilerna/php/bpoint-api/vendor/laravel/lumen-framework/src/Concerns/RoutesRequests.php(282): Laravel\\Lumen\\Application->callControllerAction(Array)
#12 /Users/gomez.luv/ilerna/php/bpoint-api/vendor/laravel/lumen-framework/src/Concerns/RoutesRequests.php(267): Laravel\\Lumen\\Application->callActionOnArrayBasedRoute(Array)
#13 /Users/gomez.luv/ilerna/php/bpoint-api/vendor/laravel/lumen-framework/src/Concerns/RoutesRequests.php(237): Laravel\\Lumen\\Application->handleFoundRoute(Array)
#14 /Users/gomez.luv/ilerna/php/bpoint-api/vendor/laravel/lumen-framework/src/Concerns/RoutesRequests.php(173): Laravel\\Lumen\\Application->handleDispatcherResponse(Array)
#15 /Users/gomez.luv/ilerna/php/bpoint-api/vendor/laravel/lumen-framework/src/Concerns/RoutesRequests.php(429): Laravel\\Lumen\\Application->Laravel\\Lumen\\Concerns\\{closure}(Object(Laravel\\Lumen\\Http\\Request))
#16 /Users/gomez.luv/ilerna/php/bpoint-api/vendor/laravel/lumen-framework/src/Concerns/RoutesRequests.php(175): Laravel\\Lumen\\Application->sendThroughPipeline(Array, Object(Closure))
#17 /Users/gomez.luv/ilerna/php/bpoint-api/vendor/laravel/lumen-framework/src/Concerns/RoutesRequests.php(112): Laravel\\Lumen\\Application->dispatch(NULL)
#18 /Users/gomez.luv/ilerna/php/bpoint-api/public/index.php(28): Laravel\\Lumen\\Application->run()
#19 {main}
"} 
[2021-11-24 16:48:04] local.ERROR: Target [App\User\Domain\Interfaces\UserRepositoryInterface] is not instantiable while building [App\Http\Controllers\User\Delete]. {"exception":"[object] (Illuminate\\Contracts\\Container\\BindingResolutionException(code: 0): Target [App\\User\\Domain\\Interfaces\\UserRepositoryInterface] is not instantiable while building [App\\Http\\Controllers\\User\\Delete]. at /Users/gomez.luv/ilerna/php/bpoint-api/vendor/illuminate/container/Container.php:1093)
[stacktrace]
#0 /Users/gomez.luv/ilerna/php/bpoint-api/vendor/illuminate/container/Container.php(886): Illuminate\\Container\\Container->notInstantiable('App\\\\User\\\\Domain...')
#1 /Users/gomez.luv/ilerna/php/bpoint-api/vendor/illuminate/container/Container.php(758): Illuminate\\Container\\Container->build('App\\\\User\\\\Domain...')
#2 /Users/gomez.luv/ilerna/php/bpoint-api/vendor/illuminate/container/Container.php(694): Illuminate\\Container\\Container->resolve('App\\\\User\\\\Domain...', Array)
#3 /Users/gomez.luv/ilerna/php/bpoint-api/vendor/laravel/lumen-framework/src/Application.php(300): Illuminate\\Container\\Container->make('App\\\\User\\\\Domain...', Array)
#4 /Users/gomez.luv/ilerna/php/bpoint-api/vendor/illuminate/container/Container.php(1031): Laravel\\Lumen\\Application->make('App\\\\User\\\\Domain...')
#5 /Users/gomez.luv/ilerna/php/bpoint-api/vendor/illuminate/container/Container.php(951): Illuminate\\Container\\Container->resolveClass(Object(ReflectionParameter))
#6 /Users/gomez.luv/ilerna/php/bpoint-api/vendor/illuminate/container/Container.php(912): Illuminate\\Container\\Container->resolveDependencies(Array)
#7 /Users/gomez.luv/ilerna/php/bpoint-api/vendor/illuminate/container/Container.php(758): Illuminate\\Container\\Container->build('App\\\\Http\\\\Contro...')
#8 /Users/gomez.luv/ilerna/php/bpoint-api/vendor/illuminate/container/Container.php(694): Illuminate\\Container\\Container->resolve('App\\\\Http\\\\Contro...', Array)
#9 /Users/gomez.luv/ilerna/php/bpoint-api/vendor/laravel/lumen-framework/src/Application.php(300): Illuminate\\Container\\Container->make('App\\\\Http\\\\Contro...', Array)
#10 /Users/gomez.luv/ilerna/php/bpoint-api/vendor/laravel/lumen-framework/src/Concerns/RoutesRequests.php(324): Laravel\\Lumen\\Application->make('App\\\\Http\\\\Contro...')
#11 /Users/gomez.luv/ilerna/php/bpoint-api/vendor/laravel/lumen-framework/src/Concerns/RoutesRequests.php(282): Laravel\\Lumen\\Application->callControllerAction(Array)
#12 /Users/gomez.luv/ilerna/php/bpoint-api/vendor/laravel/lumen-framework/src/Concerns/RoutesRequests.php(267): Laravel\\Lumen\\Application->callActionOnArrayBasedRoute(Array)
#13 /Users/gomez.luv/ilerna/php/bpoint-api/vendor/laravel/lumen-framework/src/Concerns/RoutesRequests.php(237): Laravel\\Lumen\\Application->handleFoundRoute(Array)
#14 /Users/gomez.luv/ilerna/php/bpoint-api/vendor/laravel/lumen-framework/src/Concerns/RoutesRequests.php(173): Laravel\\Lumen\\Application->handleDispatcherResponse(Array)
#15 /Users/gomez.luv/ilerna/php/bpoint-api/vendor/laravel/lumen-framework/src/Concerns/RoutesRequests.php(429): Laravel\\Lumen\\Application->Laravel\\Lumen\\Concerns\\{closure}(Object(Laravel\\Lumen\\Http\\Request))
#16 /Users/gomez.luv/ilerna/php/bpoint-api/vendor/laravel/lumen-framework/src/Concerns/RoutesRequests.php(175): Laravel\\Lumen\\Application->sendThroughPipeline(Array, Object(Closure))
#17 /Users/gomez.luv/ilerna/php/bpoint-api/vendor/laravel/lumen-framework/src/Concerns/RoutesRequests.php(112): Laravel\\Lumen\\Application->dispatch(NULL)
#18 /Users/gomez.luv/ilerna/php/bpoint-api/public/index.php(28): Laravel\\Lumen\\Application->run()
#19 {main}
"} 
[2021-11-24 17:46:07] local.ERROR: A CreateUsersTable class already exists. {"exception":"[object] (InvalidArgumentException(code: 0): A CreateUsersTable class already exists. at /Users/gomez.luv/ilerna/php/bpoint-api/vendor/illuminate/database/Migrations/MigrationCreator.php:102)
[stacktrace]
#0 /Users/gomez.luv/ilerna/php/bpoint-api/vendor/illuminate/database/Migrations/MigrationCreator.php(59): Illuminate\\Database\\Migrations\\MigrationCreator->ensureMigrationDoesntAlreadyExist('create_users_ta...', '/Users/gomez.lu...')
#1 /Users/gomez.luv/ilerna/php/bpoint-api/vendor/illuminate/database/Console/Migrations/MigrateMakeCommand.php(110): Illuminate\\Database\\Migrations\\MigrationCreator->create('create_users_ta...', '/Users/gomez.lu...', 'Users', true)
#2 /Users/gomez.luv/ilerna/php/bpoint-api/vendor/illuminate/database/Console/Migrations/MigrateMakeCommand.php(94): Illuminate\\Database\\Console\\Migrations\\MigrateMakeCommand->writeMigration('create_users_ta...', 'Users', true)
#3 /Users/gomez.luv/ilerna/php/bpoint-api/vendor/illuminate/container/BoundMethod.php(36): Illuminate\\Database\\Console\\Migrations\\MigrateMakeCommand->handle()
#4 /Users/gomez.luv/ilerna/php/bpoint-api/vendor/illuminate/container/Util.php(40): Illuminate\\Container\\BoundMethod::Illuminate\\Container\\{closure}()
#5 /Users/gomez.luv/ilerna/php/bpoint-api/vendor/illuminate/container/BoundMethod.php(93): Illuminate\\Container\\Util::unwrapIfClosure(Object(Closure))
#6 /Users/gomez.luv/ilerna/php/bpoint-api/vendor/illuminate/container/BoundMethod.php(37): Illuminate\\Container\\BoundMethod::callBoundMethod(Object(Laravel\\Lumen\\Application), Array, Object(Closure))
#7 /Users/gomez.luv/ilerna/php/bpoint-api/vendor/illuminate/container/Container.php(653): Illuminate\\Container\\BoundMethod::call(Object(Laravel\\Lumen\\Application), Array, Array, NULL)
#8 /Users/gomez.luv/ilerna/php/bpoint-api/vendor/illuminate/console/Command.php(136): Illuminate\\Container\\Container->call(Array)
#9 /Users/gomez.luv/ilerna/php/bpoint-api/vendor/symfony/console/Command/Command.php(299): Illuminate\\Console\\Command->execute(Object(Symfony\\Component\\Console\\Input\\ArgvInput), Object(Illuminate\\Console\\OutputStyle))
#10 /Users/gomez.luv/ilerna/php/bpoint-api/vendor/illuminate/console/Command.php(121): Symfony\\Component\\Console\\Command\\Command->run(Object(Symfony\\Component\\Console\\Input\\ArgvInput), Object(Illuminate\\Console\\OutputStyle))
#11 /Users/gomez.luv/ilerna/php/bpoint-api/vendor/symfony/console/Application.php(978): Illuminate\\Console\\Command->run(Object(Symfony\\Component\\Console\\Input\\ArgvInput), Object(Symfony\\Component\\Console\\Output\\ConsoleOutput))
#12 /Users/gomez.luv/ilerna/php/bpoint-api/vendor/symfony/console/Application.php(295): Symfony\\Component\\Console\\Application->doRunCommand(Object(Illuminate\\Database\\Console\\Migrations\\MigrateMakeCommand), Object(Symfony\\Component\\Console\\Input\\ArgvInput), Object(Symfony\\Component\\Console\\Output\\ConsoleOutput))
#13 /Users/gomez.luv/ilerna/php/bpoint-api/vendor/symfony/console/Application.php(167): Symfony\\Component\\Console\\Application->doRun(Object(Symfony\\Component\\Console\\Input\\ArgvInput), Object(Symfony\\Component\\Console\\Output\\ConsoleOutput))
#14 /Users/gomez.luv/ilerna/php/bpoint-api/vendor/illuminate/console/Application.php(94): Symfony\\Component\\Console\\Application->run(Object(Symfony\\Component\\Console\\Input\\ArgvInput), Object(Symfony\\Component\\Console\\Output\\ConsoleOutput))
#15 /Users/gomez.luv/ilerna/php/bpoint-api/vendor/laravel/lumen-framework/src/Console/Kernel.php(116): Illuminate\\Console\\Application->run(Object(Symfony\\Component\\Console\\Input\\ArgvInput), Object(Symfony\\Component\\Console\\Output\\ConsoleOutput))
#16 /Users/gomez.luv/ilerna/php/bpoint-api/artisan(35): Laravel\\Lumen\\Console\\Kernel->handle(Object(Symfony\\Component\\Console\\Input\\ArgvInput), Object(Symfony\\Component\\Console\\Output\\ConsoleOutput))
#17 {main}
"} 
[2021-11-24 18:20:10] local.ERROR: There are no commands defined in the "jwt" namespace. {"exception":"[object] (Symfony\\Component\\Console\\Exception\\NamespaceNotFoundException(code: 0): There are no commands defined in the \"jwt\" namespace. at /Users/gomez.luv/ilerna/php/bpoint-api/vendor/symfony/console/Application.php:612)
[stacktrace]
#0 /Users/gomez.luv/ilerna/php/bpoint-api/vendor/symfony/console/Application.php(663): Symfony\\Component\\Console\\Application->findNamespace('jwt')
#1 /Users/gomez.luv/ilerna/php/bpoint-api/vendor/symfony/console/Application.php(255): Symfony\\Component\\Console\\Application->find('jwt:secret')
#2 /Users/gomez.luv/ilerna/php/bpoint-api/vendor/symfony/console/Application.php(167): Symfony\\Component\\Console\\Application->doRun(Object(Symfony\\Component\\Console\\Input\\ArgvInput), Object(Symfony\\Component\\Console\\Output\\ConsoleOutput))
#3 /Users/gomez.luv/ilerna/php/bpoint-api/vendor/illuminate/console/Application.php(94): Symfony\\Component\\Console\\Application->run(Object(Symfony\\Component\\Console\\Input\\ArgvInput), Object(Symfony\\Component\\Console\\Output\\ConsoleOutput))
#4 /Users/gomez.luv/ilerna/php/bpoint-api/vendor/laravel/lumen-framework/src/Console/Kernel.php(116): Illuminate\\Console\\Application->run(Object(Symfony\\Component\\Console\\Input\\ArgvInput), Object(Symfony\\Component\\Console\\Output\\ConsoleOutput))
#5 /Users/gomez.luv/ilerna/php/bpoint-api/artisan(35): Laravel\\Lumen\\Console\\Kernel->handle(Object(Symfony\\Component\\Console\\Input\\ArgvInput), Object(Symfony\\Component\\Console\\Output\\ConsoleOutput))
#6 {main}
"} 
[2021-11-24 18:21:15] local.ERROR: There are no commands defined in the "jwt" namespace. {"exception":"[object] (Symfony\\Component\\Console\\Exception\\NamespaceNotFoundException(code: 0): There are no commands defined in the \"jwt\" namespace. at /Users/gomez.luv/ilerna/php/bpoint-api/vendor/symfony/console/Application.php:612)
[stacktrace]
#0 /Users/gomez.luv/ilerna/php/bpoint-api/vendor/symfony/console/Application.php(663): Symfony\\Component\\Console\\Application->findNamespace('jwt')
#1 /Users/gomez.luv/ilerna/php/bpoint-api/vendor/symfony/console/Application.php(255): Symfony\\Component\\Console\\Application->find('jwt:secret')
#2 /Users/gomez.luv/ilerna/php/bpoint-api/vendor/symfony/console/Application.php(167): Symfony\\Component\\Console\\Application->doRun(Object(Symfony\\Component\\Console\\Input\\ArgvInput), Object(Symfony\\Component\\Console\\Output\\ConsoleOutput))
#3 /Users/gomez.luv/ilerna/php/bpoint-api/vendor/illuminate/console/Application.php(94): Symfony\\Component\\Console\\Application->run(Object(Symfony\\Component\\Console\\Input\\ArgvInput), Object(Symfony\\Component\\Console\\Output\\ConsoleOutput))
#4 /Users/gomez.luv/ilerna/php/bpoint-api/vendor/laravel/lumen-framework/src/Console/Kernel.php(116): Illuminate\\Console\\Application->run(Object(Symfony\\Component\\Console\\Input\\ArgvInput), Object(Symfony\\Component\\Console\\Output\\ConsoleOutput))
#5 /Users/gomez.luv/ilerna/php/bpoint-api/artisan(35): Laravel\\Lumen\\Console\\Kernel->handle(Object(Symfony\\Component\\Console\\Input\\ArgvInput), Object(Symfony\\Component\\Console\\Output\\ConsoleOutput))
#6 {main}
"} 
[2021-11-24 18:46:43] local.ERROR: Call to undefined method App\Http\Controllers\Auth\ValidateUser::validate() {"exception":"[object] (Error(code: 0): Call to undefined method App\\Http\\Controllers\\Auth\\ValidateUser::validate() at /Users/gomez.luv/ilerna/php/bpoint-api/app/Http/Controllers/Auth/ValidateUser.php:22)
[stacktrace]
#0 /Users/gomez.luv/ilerna/php/bpoint-api/vendor/illuminate/container/BoundMethod.php(36): App\\Http\\Controllers\\Auth\\ValidateUser->__invoke(Object(Laravel\\Lumen\\Http\\Request))
#1 /Users/gomez.luv/ilerna/php/bpoint-api/vendor/illuminate/container/Util.php(40): Illuminate\\Container\\BoundMethod::Illuminate\\Container\\{closure}()
#2 /Users/gomez.luv/ilerna/php/bpoint-api/vendor/illuminate/container/BoundMethod.php(93): Illuminate\\Container\\Util::unwrapIfClosure(Object(Closure))
#3 /Users/gomez.luv/ilerna/php/bpoint-api/vendor/illuminate/container/BoundMethod.php(37): Illuminate\\Container\\BoundMethod::callBoundMethod(Object(Laravel\\Lumen\\Application), Array, Object(Closure))
#4 /Users/gomez.luv/ilerna/php/bpoint-api/vendor/illuminate/container/Container.php(653): Illuminate\\Container\\BoundMethod::call(Object(Laravel\\Lumen\\Application), Array, Array, NULL)
#5 /Users/gomez.luv/ilerna/php/bpoint-api/vendor/laravel/lumen-framework/src/Concerns/RoutesRequests.php(389): Illuminate\\Container\\Container->call(Array, Array)
#6 /Users/gomez.luv/ilerna/php/bpoint-api/vendor/laravel/lumen-framework/src/Concerns/RoutesRequests.php(332): Laravel\\Lumen\\Application->callControllerCallable(Array, Array)
#7 /Users/gomez.luv/ilerna/php/bpoint-api/vendor/laravel/lumen-framework/src/Concerns/RoutesRequests.php(282): Laravel\\Lumen\\Application->callControllerAction(Array)
#8 /Users/gomez.luv/ilerna/php/bpoint-api/vendor/laravel/lumen-framework/src/Concerns/RoutesRequests.php(267): Laravel\\Lumen\\Application->callActionOnArrayBasedRoute(Array)
#9 /Users/gomez.luv/ilerna/php/bpoint-api/vendor/laravel/lumen-framework/src/Concerns/RoutesRequests.php(169): Laravel\\Lumen\\Application->handleFoundRoute(Array)
#10 /Users/gomez.luv/ilerna/php/bpoint-api/vendor/laravel/lumen-framework/src/Concerns/RoutesRequests.php(429): Laravel\\Lumen\\Application->Laravel\\Lumen\\Concerns\\{closure}(Object(Laravel\\Lumen\\Http\\Request))
#11 /Users/gomez.luv/ilerna/php/bpoint-api/vendor/laravel/lumen-framework/src/Concerns/RoutesRequests.php(175): Laravel\\Lumen\\Application->sendThroughPipeline(Array, Object(Closure))
#12 /Users/gomez.luv/ilerna/php/bpoint-api/vendor/laravel/lumen-framework/src/Concerns/RoutesRequests.php(112): Laravel\\Lumen\\Application->dispatch(NULL)
#13 /Users/gomez.luv/ilerna/php/bpoint-api/public/index.php(28): Laravel\\Lumen\\Application->run()
#14 {main}
"} 
[2021-11-24 18:47:17] local.ERROR: Target class [App\Http\Controllers\Auth\ValidateUser] does not exist. {"exception":"[object] (Illuminate\\Contracts\\Container\\BindingResolutionException(code: 0): Target class [App\\Http\\Controllers\\Auth\\ValidateUser] does not exist. at /Users/gomez.luv/ilerna/php/bpoint-api/vendor/illuminate/container/Container.php:879)
[stacktrace]
#0 /Users/gomez.luv/ilerna/php/bpoint-api/vendor/illuminate/container/Container.php(758): Illuminate\\Container\\Container->build('App\\\\Http\\\\Contro...')
#1 /Users/gomez.luv/ilerna/php/bpoint-api/vendor/illuminate/container/Container.php(694): Illuminate\\Container\\Container->resolve('App\\\\Http\\\\Contro...', Array)
#2 /Users/gomez.luv/ilerna/php/bpoint-api/vendor/laravel/lumen-framework/src/Application.php(300): Illuminate\\Container\\Container->make('App\\\\Http\\\\Contro...', Array)
#3 /Users/gomez.luv/ilerna/php/bpoint-api/vendor/laravel/lumen-framework/src/Concerns/RoutesRequests.php(324): Laravel\\Lumen\\Application->make('App\\\\Http\\\\Contro...')
#4 /Users/gomez.luv/ilerna/php/bpoint-api/vendor/laravel/lumen-framework/src/Concerns/RoutesRequests.php(282): Laravel\\Lumen\\Application->callControllerAction(Array)
#5 /Users/gomez.luv/ilerna/php/bpoint-api/vendor/laravel/lumen-framework/src/Concerns/RoutesRequests.php(267): Laravel\\Lumen\\Application->callActionOnArrayBasedRoute(Array)
#6 /Users/gomez.luv/ilerna/php/bpoint-api/vendor/laravel/lumen-framework/src/Concerns/RoutesRequests.php(169): Laravel\\Lumen\\Application->handleFoundRoute(Array)
#7 /Users/gomez.luv/ilerna/php/bpoint-api/vendor/laravel/lumen-framework/src/Concerns/RoutesRequests.php(429): Laravel\\Lumen\\Application->Laravel\\Lumen\\Concerns\\{closure}(Object(Laravel\\Lumen\\Http\\Request))
#8 /Users/gomez.luv/ilerna/php/bpoint-api/vendor/laravel/lumen-framework/src/Concerns/RoutesRequests.php(175): Laravel\\Lumen\\Application->sendThroughPipeline(Array, Object(Closure))
#9 /Users/gomez.luv/ilerna/php/bpoint-api/vendor/laravel/lumen-framework/src/Concerns/RoutesRequests.php(112): Laravel\\Lumen\\Application->dispatch(NULL)
#10 /Users/gomez.luv/ilerna/php/bpoint-api/public/index.php(28): Laravel\\Lumen\\Application->run()
#11 {main}

[previous exception] [object] (ReflectionException(code: -1): Class \"App\\Http\\Controllers\\Auth\\ValidateUser\" does not exist at /Users/gomez.luv/ilerna/php/bpoint-api/vendor/illuminate/container/Container.php:877)
[stacktrace]
#0 /Users/gomez.luv/ilerna/php/bpoint-api/vendor/illuminate/container/Container.php(877): ReflectionClass->__construct('App\\\\Http\\\\Contro...')
#1 /Users/gomez.luv/ilerna/php/bpoint-api/vendor/illuminate/container/Container.php(758): Illuminate\\Container\\Container->build('App\\\\Http\\\\Contro...')
#2 /Users/gomez.luv/ilerna/php/bpoint-api/vendor/illuminate/container/Container.php(694): Illuminate\\Container\\Container->resolve('App\\\\Http\\\\Contro...', Array)
#3 /Users/gomez.luv/ilerna/php/bpoint-api/vendor/laravel/lumen-framework/src/Application.php(300): Illuminate\\Container\\Container->make('App\\\\Http\\\\Contro...', Array)
#4 /Users/gomez.luv/ilerna/php/bpoint-api/vendor/laravel/lumen-framework/src/Concerns/RoutesRequests.php(324): Laravel\\Lumen\\Application->make('App\\\\Http\\\\Contro...')
#5 /Users/gomez.luv/ilerna/php/bpoint-api/vendor/laravel/lumen-framework/src/Concerns/RoutesRequests.php(282): Laravel\\Lumen\\Application->callControllerAction(Array)
#6 /Users/gomez.luv/ilerna/php/bpoint-api/vendor/laravel/lumen-framework/src/Concerns/RoutesRequests.php(267): Laravel\\Lumen\\Application->callActionOnArrayBasedRoute(Array)
#7 /Users/gomez.luv/ilerna/php/bpoint-api/vendor/laravel/lumen-framework/src/Concerns/RoutesRequests.php(169): Laravel\\Lumen\\Application->handleFoundRoute(Array)
#8 /Users/gomez.luv/ilerna/php/bpoint-api/vendor/laravel/lumen-framework/src/Concerns/RoutesRequests.php(429): Laravel\\Lumen\\Application->Laravel\\Lumen\\Concerns\\{closure}(Object(Laravel\\Lumen\\Http\\Request))
#9 /Users/gomez.luv/ilerna/php/bpoint-api/vendor/laravel/lumen-framework/src/Concerns/RoutesRequests.php(175): Laravel\\Lumen\\Application->sendThroughPipeline(Array, Object(Closure))
#10 /Users/gomez.luv/ilerna/php/bpoint-api/vendor/laravel/lumen-framework/src/Concerns/RoutesRequests.php(112): Laravel\\Lumen\\Application->dispatch(NULL)
#11 /Users/gomez.luv/ilerna/php/bpoint-api/public/index.php(28): Laravel\\Lumen\\Application->run()
#12 {main}
"} 
[2021-11-24 18:48:32] local.ERROR: Class "App\Http\Controllers\Auth\Auth" not found {"exception":"[object] (Error(code: 0): Class \"App\\Http\\Controllers\\Auth\\Auth\" not found at /Users/gomez.luv/ilerna/php/bpoint-api/app/Http/Controllers/Auth/ValidateUser.php:37)
[stacktrace]
#0 /Users/gomez.luv/ilerna/php/bpoint-api/vendor/illuminate/container/BoundMethod.php(36): App\\Http\\Controllers\\Auth\\ValidateUser->__invoke(Object(Laravel\\Lumen\\Http\\Request))
#1 /Users/gomez.luv/ilerna/php/bpoint-api/vendor/illuminate/container/Util.php(40): Illuminate\\Container\\BoundMethod::Illuminate\\Container\\{closure}()
#2 /Users/gomez.luv/ilerna/php/bpoint-api/vendor/illuminate/container/BoundMethod.php(93): Illuminate\\Container\\Util::unwrapIfClosure(Object(Closure))
#3 /Users/gomez.luv/ilerna/php/bpoint-api/vendor/illuminate/container/BoundMethod.php(37): Illuminate\\Container\\BoundMethod::callBoundMethod(Object(Laravel\\Lumen\\Application), Array, Object(Closure))
#4 /Users/gomez.luv/ilerna/php/bpoint-api/vendor/illuminate/container/Container.php(653): Illuminate\\Container\\BoundMethod::call(Object(Laravel\\Lumen\\Application), Array, Array, NULL)
#5 /Users/gomez.luv/ilerna/php/bpoint-api/vendor/laravel/lumen-framework/src/Concerns/RoutesRequests.php(389): Illuminate\\Container\\Container->call(Array, Array)
#6 /Users/gomez.luv/ilerna/php/bpoint-api/vendor/laravel/lumen-framework/src/Concerns/RoutesRequests.php(355): Laravel\\Lumen\\Application->callControllerCallable(Array, Array)
#7 /Users/gomez.luv/ilerna/php/bpoint-api/vendor/laravel/lumen-framework/src/Concerns/RoutesRequests.php(329): Laravel\\Lumen\\Application->callLumenController(Object(App\\Http\\Controllers\\Auth\\ValidateUser), '__invoke', Array)
#8 /Users/gomez.luv/ilerna/php/bpoint-api/vendor/laravel/lumen-framework/src/Concerns/RoutesRequests.php(282): Laravel\\Lumen\\Application->callControllerAction(Array)
#9 /Users/gomez.luv/ilerna/php/bpoint-api/vendor/laravel/lumen-framework/src/Concerns/RoutesRequests.php(267): Laravel\\Lumen\\Application->callActionOnArrayBasedRoute(Array)
#10 /Users/gomez.luv/ilerna/php/bpoint-api/vendor/laravel/lumen-framework/src/Concerns/RoutesRequests.php(169): Laravel\\Lumen\\Application->handleFoundRoute(Array)
#11 /Users/gomez.luv/ilerna/php/bpoint-api/vendor/laravel/lumen-framework/src/Concerns/RoutesRequests.php(429): Laravel\\Lumen\\Application->Laravel\\Lumen\\Concerns\\{closure}(Object(Laravel\\Lumen\\Http\\Request))
#12 /Users/gomez.luv/ilerna/php/bpoint-api/vendor/laravel/lumen-framework/src/Concerns/RoutesRequests.php(175): Laravel\\Lumen\\Application->sendThroughPipeline(Array, Object(Closure))
#13 /Users/gomez.luv/ilerna/php/bpoint-api/vendor/laravel/lumen-framework/src/Concerns/RoutesRequests.php(112): Laravel\\Lumen\\Application->dispatch(NULL)
#14 /Users/gomez.luv/ilerna/php/bpoint-api/public/index.php(28): Laravel\\Lumen\\Application->run()
#15 {main}
"} 
[2021-11-24 18:48:44] local.ERROR: App\Http\Controllers\Auth\ValidateUser::__invoke(): Return value must be of type Illuminate\Http\Response, Illuminate\Http\JsonResponse returned {"exception":"[object] (TypeError(code: 0): App\\Http\\Controllers\\Auth\\ValidateUser::__invoke(): Return value must be of type Illuminate\\Http\\Response, Illuminate\\Http\\JsonResponse returned at /Users/gomez.luv/ilerna/php/bpoint-api/app/Http/Controllers/Auth/ValidateUser.php:32)
[stacktrace]
#0 /Users/gomez.luv/ilerna/php/bpoint-api/vendor/illuminate/container/BoundMethod.php(36): App\\Http\\Controllers\\Auth\\ValidateUser->__invoke(Object(Laravel\\Lumen\\Http\\Request))
#1 /Users/gomez.luv/ilerna/php/bpoint-api/vendor/illuminate/container/Util.php(40): Illuminate\\Container\\BoundMethod::Illuminate\\Container\\{closure}()
#2 /Users/gomez.luv/ilerna/php/bpoint-api/vendor/illuminate/container/BoundMethod.php(93): Illuminate\\Container\\Util::unwrapIfClosure(Object(Closure))
#3 /Users/gomez.luv/ilerna/php/bpoint-api/vendor/illuminate/container/BoundMethod.php(37): Illuminate\\Container\\BoundMethod::callBoundMethod(Object(Laravel\\Lumen\\Application), Array, Object(Closure))
#4 /Users/gomez.luv/ilerna/php/bpoint-api/vendor/illuminate/container/Container.php(653): Illuminate\\Container\\BoundMethod::call(Object(Laravel\\Lumen\\Application), Array, Array, NULL)
#5 /Users/gomez.luv/ilerna/php/bpoint-api/vendor/laravel/lumen-framework/src/Concerns/RoutesRequests.php(389): Illuminate\\Container\\Container->call(Array, Array)
#6 /Users/gomez.luv/ilerna/php/bpoint-api/vendor/laravel/lumen-framework/src/Concerns/RoutesRequests.php(355): Laravel\\Lumen\\Application->callControllerCallable(Array, Array)
#7 /Users/gomez.luv/ilerna/php/bpoint-api/vendor/laravel/lumen-framework/src/Concerns/RoutesRequests.php(329): Laravel\\Lumen\\Application->callLumenController(Object(App\\Http\\Controllers\\Auth\\ValidateUser), '__invoke', Array)
#8 /Users/gomez.luv/ilerna/php/bpoint-api/vendor/laravel/lumen-framework/src/Concerns/RoutesRequests.php(282): Laravel\\Lumen\\Application->callControllerAction(Array)
#9 /Users/gomez.luv/ilerna/php/bpoint-api/vendor/laravel/lumen-framework/src/Concerns/RoutesRequests.php(267): Laravel\\Lumen\\Application->callActionOnArrayBasedRoute(Array)
#10 /Users/gomez.luv/ilerna/php/bpoint-api/vendor/laravel/lumen-framework/src/Concerns/RoutesRequests.php(169): Laravel\\Lumen\\Application->handleFoundRoute(Array)
#11 /Users/gomez.luv/ilerna/php/bpoint-api/vendor/laravel/lumen-framework/src/Concerns/RoutesRequests.php(429): Laravel\\Lumen\\Application->Laravel\\Lumen\\Concerns\\{closure}(Object(Laravel\\Lumen\\Http\\Request))
#12 /Users/gomez.luv/ilerna/php/bpoint-api/vendor/laravel/lumen-framework/src/Concerns/RoutesRequests.php(175): Laravel\\Lumen\\Application->sendThroughPipeline(Array, Object(Closure))
#13 /Users/gomez.luv/ilerna/php/bpoint-api/vendor/laravel/lumen-framework/src/Concerns/RoutesRequests.php(112): Laravel\\Lumen\\Application->dispatch(NULL)
#14 /Users/gomez.luv/ilerna/php/bpoint-api/public/index.php(28): Laravel\\Lumen\\Application->run()
#15 {main}
"} 
[2021-11-24 18:52:40] local.ERROR: Class "App\Http\Controllers\Auth\Auth" not found {"exception":"[object] (Error(code: 0): Class \"App\\Http\\Controllers\\Auth\\Auth\" not found at /Users/gomez.luv/ilerna/php/bpoint-api/app/Http/Controllers/Auth/ValidateUser.php:35)
[stacktrace]
#0 /Users/gomez.luv/ilerna/php/bpoint-api/vendor/illuminate/container/BoundMethod.php(36): App\\Http\\Controllers\\Auth\\ValidateUser->__invoke(Object(Laravel\\Lumen\\Http\\Request))
#1 /Users/gomez.luv/ilerna/php/bpoint-api/vendor/illuminate/container/Util.php(40): Illuminate\\Container\\BoundMethod::Illuminate\\Container\\{closure}()
#2 /Users/gomez.luv/ilerna/php/bpoint-api/vendor/illuminate/container/BoundMethod.php(93): Illuminate\\Container\\Util::unwrapIfClosure(Object(Closure))
#3 /Users/gomez.luv/ilerna/php/bpoint-api/vendor/illuminate/container/BoundMethod.php(37): Illuminate\\Container\\BoundMethod::callBoundMethod(Object(Laravel\\Lumen\\Application), Array, Object(Closure))
#4 /Users/gomez.luv/ilerna/php/bpoint-api/vendor/illuminate/container/Container.php(653): Illuminate\\Container\\BoundMethod::call(Object(Laravel\\Lumen\\Application), Array, Array, NULL)
#5 /Users/gomez.luv/ilerna/php/bpoint-api/vendor/laravel/lumen-framework/src/Concerns/RoutesRequests.php(389): Illuminate\\Container\\Container->call(Array, Array)
#6 /Users/gomez.luv/ilerna/php/bpoint-api/vendor/laravel/lumen-framework/src/Concerns/RoutesRequests.php(355): Laravel\\Lumen\\Application->callControllerCallable(Array, Array)
#7 /Users/gomez.luv/ilerna/php/bpoint-api/vendor/laravel/lumen-framework/src/Concerns/RoutesRequests.php(329): Laravel\\Lumen\\Application->callLumenController(Object(App\\Http\\Controllers\\Auth\\ValidateUser), '__invoke', Array)
#8 /Users/gomez.luv/ilerna/php/bpoint-api/vendor/laravel/lumen-framework/src/Concerns/RoutesRequests.php(282): Laravel\\Lumen\\Application->callControllerAction(Array)
#9 /Users/gomez.luv/ilerna/php/bpoint-api/vendor/laravel/lumen-framework/src/Concerns/RoutesRequests.php(267): Laravel\\Lumen\\Application->callActionOnArrayBasedRoute(Array)
#10 /Users/gomez.luv/ilerna/php/bpoint-api/vendor/laravel/lumen-framework/src/Concerns/RoutesRequests.php(169): Laravel\\Lumen\\Application->handleFoundRoute(Array)
#11 /Users/gomez.luv/ilerna/php/bpoint-api/vendor/laravel/lumen-framework/src/Concerns/RoutesRequests.php(429): Laravel\\Lumen\\Application->Laravel\\Lumen\\Concerns\\{closure}(Object(Laravel\\Lumen\\Http\\Request))
#12 /Users/gomez.luv/ilerna/php/bpoint-api/vendor/laravel/lumen-framework/src/Concerns/RoutesRequests.php(175): Laravel\\Lumen\\Application->sendThroughPipeline(Array, Object(Closure))
#13 /Users/gomez.luv/ilerna/php/bpoint-api/vendor/laravel/lumen-framework/src/Concerns/RoutesRequests.php(112): Laravel\\Lumen\\Application->dispatch(NULL)
#14 /Users/gomez.luv/ilerna/php/bpoint-api/public/index.php(28): Laravel\\Lumen\\Application->run()
#15 {main}
"} 
[2021-11-24 19:04:47] local.ERROR: Class "App\Http\Controllers\Auth\Auth" not found {"exception":"[object] (Error(code: 0): Class \"App\\Http\\Controllers\\Auth\\Auth\" not found at /Users/gomez.luv/ilerna/php/bpoint-api/app/Http/Controllers/Auth/ValidateUser.php:34)
[stacktrace]
#0 /Users/gomez.luv/ilerna/php/bpoint-api/vendor/illuminate/container/BoundMethod.php(36): App\\Http\\Controllers\\Auth\\ValidateUser->__invoke(Object(Laravel\\Lumen\\Http\\Request))
#1 /Users/gomez.luv/ilerna/php/bpoint-api/vendor/illuminate/container/Util.php(40): Illuminate\\Container\\BoundMethod::Illuminate\\Container\\{closure}()
#2 /Users/gomez.luv/ilerna/php/bpoint-api/vendor/illuminate/container/BoundMethod.php(93): Illuminate\\Container\\Util::unwrapIfClosure(Object(Closure))
#3 /Users/gomez.luv/ilerna/php/bpoint-api/vendor/illuminate/container/BoundMethod.php(37): Illuminate\\Container\\BoundMethod::callBoundMethod(Object(Laravel\\Lumen\\Application), Array, Object(Closure))
#4 /Users/gomez.luv/ilerna/php/bpoint-api/vendor/illuminate/container/Container.php(653): Illuminate\\Container\\BoundMethod::call(Object(Laravel\\Lumen\\Application), Array, Array, NULL)
#5 /Users/gomez.luv/ilerna/php/bpoint-api/vendor/laravel/lumen-framework/src/Concerns/RoutesRequests.php(389): Illuminate\\Container\\Container->call(Array, Array)
#6 /Users/gomez.luv/ilerna/php/bpoint-api/vendor/laravel/lumen-framework/src/Concerns/RoutesRequests.php(355): Laravel\\Lumen\\Application->callControllerCallable(Array, Array)
#7 /Users/gomez.luv/ilerna/php/bpoint-api/vendor/laravel/lumen-framework/src/Concerns/RoutesRequests.php(329): Laravel\\Lumen\\Application->callLumenController(Object(App\\Http\\Controllers\\Auth\\ValidateUser), '__invoke', Array)
#8 /Users/gomez.luv/ilerna/php/bpoint-api/vendor/laravel/lumen-framework/src/Concerns/RoutesRequests.php(282): Laravel\\Lumen\\Application->callControllerAction(Array)
#9 /Users/gomez.luv/ilerna/php/bpoint-api/vendor/laravel/lumen-framework/src/Concerns/RoutesRequests.php(267): Laravel\\Lumen\\Application->callActionOnArrayBasedRoute(Array)
#10 /Users/gomez.luv/ilerna/php/bpoint-api/vendor/laravel/lumen-framework/src/Concerns/RoutesRequests.php(169): Laravel\\Lumen\\Application->handleFoundRoute(Array)
#11 /Users/gomez.luv/ilerna/php/bpoint-api/vendor/laravel/lumen-framework/src/Concerns/RoutesRequests.php(429): Laravel\\Lumen\\Application->Laravel\\Lumen\\Concerns\\{closure}(Object(Laravel\\Lumen\\Http\\Request))
#12 /Users/gomez.luv/ilerna/php/bpoint-api/vendor/laravel/lumen-framework/src/Concerns/RoutesRequests.php(175): Laravel\\Lumen\\Application->sendThroughPipeline(Array, Object(Closure))
#13 /Users/gomez.luv/ilerna/php/bpoint-api/vendor/laravel/lumen-framework/src/Concerns/RoutesRequests.php(112): Laravel\\Lumen\\Application->dispatch(NULL)
#14 /Users/gomez.luv/ilerna/php/bpoint-api/public/index.php(28): Laravel\\Lumen\\Application->run()
#15 {main}
"} 
[2021-11-24 19:05:00] local.ERROR: Class "App\Http\Controllers\Auth\Auth" not found {"exception":"[object] (Error(code: 0): Class \"App\\Http\\Controllers\\Auth\\Auth\" not found at /Users/gomez.luv/ilerna/php/bpoint-api/app/Http/Controllers/Auth/ValidateUser.php:33)
[stacktrace]
#0 /Users/gomez.luv/ilerna/php/bpoint-api/vendor/illuminate/container/BoundMethod.php(36): App\\Http\\Controllers\\Auth\\ValidateUser->__invoke(Object(Laravel\\Lumen\\Http\\Request))
#1 /Users/gomez.luv/ilerna/php/bpoint-api/vendor/illuminate/container/Util.php(40): Illuminate\\Container\\BoundMethod::Illuminate\\Container\\{closure}()
#2 /Users/gomez.luv/ilerna/php/bpoint-api/vendor/illuminate/container/BoundMethod.php(93): Illuminate\\Container\\Util::unwrapIfClosure(Object(Closure))
#3 /Users/gomez.luv/ilerna/php/bpoint-api/vendor/illuminate/container/BoundMethod.php(37): Illuminate\\Container\\BoundMethod::callBoundMethod(Object(Laravel\\Lumen\\Application), Array, Object(Closure))
#4 /Users/gomez.luv/ilerna/php/bpoint-api/vendor/illuminate/container/Container.php(653): Illuminate\\Container\\BoundMethod::call(Object(Laravel\\Lumen\\Application), Array, Array, NULL)
#5 /Users/gomez.luv/ilerna/php/bpoint-api/vendor/laravel/lumen-framework/src/Concerns/RoutesRequests.php(389): Illuminate\\Container\\Container->call(Array, Array)
#6 /Users/gomez.luv/ilerna/php/bpoint-api/vendor/laravel/lumen-framework/src/Concerns/RoutesRequests.php(355): Laravel\\Lumen\\Application->callControllerCallable(Array, Array)
#7 /Users/gomez.luv/ilerna/php/bpoint-api/vendor/laravel/lumen-framework/src/Concerns/RoutesRequests.php(329): Laravel\\Lumen\\Application->callLumenController(Object(App\\Http\\Controllers\\Auth\\ValidateUser), '__invoke', Array)
#8 /Users/gomez.luv/ilerna/php/bpoint-api/vendor/laravel/lumen-framework/src/Concerns/RoutesRequests.php(282): Laravel\\Lumen\\Application->callControllerAction(Array)
#9 /Users/gomez.luv/ilerna/php/bpoint-api/vendor/laravel/lumen-framework/src/Concerns/RoutesRequests.php(267): Laravel\\Lumen\\Application->callActionOnArrayBasedRoute(Array)
#10 /Users/gomez.luv/ilerna/php/bpoint-api/vendor/laravel/lumen-framework/src/Concerns/RoutesRequests.php(169): Laravel\\Lumen\\Application->handleFoundRoute(Array)
#11 /Users/gomez.luv/ilerna/php/bpoint-api/vendor/laravel/lumen-framework/src/Concerns/RoutesRequests.php(429): Laravel\\Lumen\\Application->Laravel\\Lumen\\Concerns\\{closure}(Object(Laravel\\Lumen\\Http\\Request))
#12 /Users/gomez.luv/ilerna/php/bpoint-api/vendor/laravel/lumen-framework/src/Concerns/RoutesRequests.php(175): Laravel\\Lumen\\Application->sendThroughPipeline(Array, Object(Closure))
#13 /Users/gomez.luv/ilerna/php/bpoint-api/vendor/laravel/lumen-framework/src/Concerns/RoutesRequests.php(112): Laravel\\Lumen\\Application->dispatch(NULL)
#14 /Users/gomez.luv/ilerna/php/bpoint-api/public/index.php(28): Laravel\\Lumen\\Application->run()
#15 {main}
"} 
