[2021-11-26 16:17:07] production.ERROR: SQLSTATE[HY000] [1045] Access denied for user 'forge'@'172.25.0.1' (using password: NO) (SQL: select * from `Users` where `username` = gnugomez limit 1) {"exception":"[object] (Illuminate\\Database\\QueryException(code: 1045): SQLSTATE[HY000] [1045] Access denied for user 'forge'@'172.25.0.1' (using password: NO) (SQL: select * from `Users` where `username` = gnugomez limit 1) at /Users/gomez.luv/ilerna/php/bpoint-api/vendor/illuminate/database/Connection.php:703)
[stacktrace]
#0 /Users/gomez.luv/ilerna/php/bpoint-api/vendor/illuminate/database/Connection.php(663): Illuminate\\Database\\Connection->runQueryCallback('select * from `...', Array, Object(Closure))
#1 /Users/gomez.luv/ilerna/php/bpoint-api/vendor/illuminate/database/Connection.php(367): Illuminate\\Database\\Connection->run('select * from `...', Array, Object(Closure))
#2 /Users/gomez.luv/ilerna/php/bpoint-api/vendor/illuminate/database/Query/Builder.php(2352): Illuminate\\Database\\Connection->select('select * from `...', Array, true)
#3 /Users/gomez.luv/ilerna/php/bpoint-api/vendor/illuminate/database/Query/Builder.php(2340): Illuminate\\Database\\Query\\Builder->runSelect()
#4 /Users/gomez.luv/ilerna/php/bpoint-api/vendor/illuminate/database/Query/Builder.php(2874): Illuminate\\Database\\Query\\Builder->Illuminate\\Database\\Query\\{closure}()
#5 /Users/gomez.luv/ilerna/php/bpoint-api/vendor/illuminate/database/Query/Builder.php(2341): Illuminate\\Database\\Query\\Builder->onceWithColumns(Array, Object(Closure))
#6 /Users/gomez.luv/ilerna/php/bpoint-api/vendor/illuminate/database/Eloquent/Builder.php(615): Illuminate\\Database\\Query\\Builder->get(Array)
#7 /Users/gomez.luv/ilerna/php/bpoint-api/vendor/illuminate/database/Eloquent/Builder.php(599): Illuminate\\Database\\Eloquent\\Builder->getModels(Array)
#8 /Users/gomez.luv/ilerna/php/bpoint-api/vendor/illuminate/database/Concerns/BuildsQueries.php(259): Illuminate\\Database\\Eloquent\\Builder->get(Array)
#9 /Users/gomez.luv/ilerna/php/bpoint-api/vendor/illuminate/auth/EloquentUserProvider.php(134): Illuminate\\Database\\Eloquent\\Builder->first()
#10 /Users/gomez.luv/ilerna/php/bpoint-api/vendor/tymon/jwt-auth/src/JWTGuard.php(124): Illuminate\\Auth\\EloquentUserProvider->retrieveByCredentials(Array)
#11 /Users/gomez.luv/ilerna/php/bpoint-api/vendor/illuminate/auth/AuthManager.php(336): Tymon\\JWTAuth\\JWTGuard->attempt(Array)
#12 /Users/gomez.luv/ilerna/php/bpoint-api/vendor/illuminate/support/Facades/Facade.php(261): Illuminate\\Auth\\AuthManager->__call('attempt', Array)
#13 /Users/gomez.luv/ilerna/php/bpoint-api/app/Infrastructure/Http/Controllers/Auth/ValidateUser.php(34): Illuminate\\Support\\Facades\\Facade::__callStatic('attempt', Array)
#14 /Users/gomez.luv/ilerna/php/bpoint-api/vendor/illuminate/container/BoundMethod.php(36): App\\Infrastructure\\Http\\Controllers\\Auth\\ValidateUser->__invoke(Object(Laravel\\Lumen\\Http\\Request))
#15 /Users/gomez.luv/ilerna/php/bpoint-api/vendor/illuminate/container/Util.php(40): Illuminate\\Container\\BoundMethod::Illuminate\\Container\\{closure}()
#16 /Users/gomez.luv/ilerna/php/bpoint-api/vendor/illuminate/container/BoundMethod.php(93): Illuminate\\Container\\Util::unwrapIfClosure(Object(Closure))
#17 /Users/gomez.luv/ilerna/php/bpoint-api/vendor/illuminate/container/BoundMethod.php(37): Illuminate\\Container\\BoundMethod::callBoundMethod(Object(Laravel\\Lumen\\Application), Array, Object(Closure))
#18 /Users/gomez.luv/ilerna/php/bpoint-api/vendor/illuminate/container/Container.php(653): Illuminate\\Container\\BoundMethod::call(Object(Laravel\\Lumen\\Application), Array, Array, NULL)
#19 /Users/gomez.luv/ilerna/php/bpoint-api/vendor/laravel/lumen-framework/src/Concerns/RoutesRequests.php(389): Illuminate\\Container\\Container->call(Array, Array)
#20 /Users/gomez.luv/ilerna/php/bpoint-api/vendor/laravel/lumen-framework/src/Concerns/RoutesRequests.php(355): Laravel\\Lumen\\Application->callControllerCallable(Array, Array)
#21 /Users/gomez.luv/ilerna/php/bpoint-api/vendor/laravel/lumen-framework/src/Concerns/RoutesRequests.php(329): Laravel\\Lumen\\Application->callLumenController(Object(App\\Infrastructure\\Http\\Controllers\\Auth\\ValidateUser), '__invoke', Array)
#22 /Users/gomez.luv/ilerna/php/bpoint-api/vendor/laravel/lumen-framework/src/Concerns/RoutesRequests.php(282): Laravel\\Lumen\\Application->callControllerAction(Array)
#23 /Users/gomez.luv/ilerna/php/bpoint-api/vendor/laravel/lumen-framework/src/Concerns/RoutesRequests.php(267): Laravel\\Lumen\\Application->callActionOnArrayBasedRoute(Array)
#24 /Users/gomez.luv/ilerna/php/bpoint-api/vendor/laravel/lumen-framework/src/Concerns/RoutesRequests.php(169): Laravel\\Lumen\\Application->handleFoundRoute(Array)
#25 /Users/gomez.luv/ilerna/php/bpoint-api/vendor/laravel/lumen-framework/src/Concerns/RoutesRequests.php(429): Laravel\\Lumen\\Application->Laravel\\Lumen\\Concerns\\{closure}(Object(Laravel\\Lumen\\Http\\Request))
#26 /Users/gomez.luv/ilerna/php/bpoint-api/vendor/laravel/lumen-framework/src/Concerns/RoutesRequests.php(175): Laravel\\Lumen\\Application->sendThroughPipeline(Array, Object(Closure))
#27 /Users/gomez.luv/ilerna/php/bpoint-api/vendor/laravel/lumen-framework/src/Concerns/RoutesRequests.php(112): Laravel\\Lumen\\Application->dispatch(NULL)
#28 /Users/gomez.luv/ilerna/php/bpoint-api/app/Infrastructure/Lumen8/public/index.php(28): Laravel\\Lumen\\Application->run()
#29 {main}

[previous exception] [object] (PDOException(code: 1045): SQLSTATE[HY000] [1045] Access denied for user 'forge'@'172.25.0.1' (using password: NO) at /Users/gomez.luv/ilerna/php/bpoint-api/vendor/illuminate/database/Connectors/Connector.php:70)
[stacktrace]
#0 /Users/gomez.luv/ilerna/php/bpoint-api/vendor/illuminate/database/Connectors/Connector.php(70): PDO->__construct('mysql:host=127....', 'forge', '', Array)
#1 /Users/gomez.luv/ilerna/php/bpoint-api/vendor/illuminate/database/Connectors/Connector.php(46): Illuminate\\Database\\Connectors\\Connector->createPdoConnection('mysql:host=127....', 'forge', '', Array)
#2 /Users/gomez.luv/ilerna/php/bpoint-api/vendor/illuminate/database/Connectors/MySqlConnector.php(24): Illuminate\\Database\\Connectors\\Connector->createConnection('mysql:host=127....', Array, Array)
#3 /Users/gomez.luv/ilerna/php/bpoint-api/vendor/illuminate/database/Connectors/ConnectionFactory.php(184): Illuminate\\Database\\Connectors\\MySqlConnector->connect(Array)
#4 [internal function]: Illuminate\\Database\\Connectors\\ConnectionFactory->Illuminate\\Database\\Connectors\\{closure}()
#5 /Users/gomez.luv/ilerna/php/bpoint-api/vendor/illuminate/database/Connection.php(1021): call_user_func(Object(Closure))
#6 /Users/gomez.luv/ilerna/php/bpoint-api/vendor/illuminate/database/Connection.php(1057): Illuminate\\Database\\Connection->getPdo()
#7 /Users/gomez.luv/ilerna/php/bpoint-api/vendor/illuminate/database/Connection.php(433): Illuminate\\Database\\Connection->getReadPdo()
#8 /Users/gomez.luv/ilerna/php/bpoint-api/vendor/illuminate/database/Connection.php(359): Illuminate\\Database\\Connection->getPdoForSelect(true)
#9 /Users/gomez.luv/ilerna/php/bpoint-api/vendor/illuminate/database/Connection.php(696): Illuminate\\Database\\Connection->Illuminate\\Database\\{closure}('select * from `...', Array)
#10 /Users/gomez.luv/ilerna/php/bpoint-api/vendor/illuminate/database/Connection.php(663): Illuminate\\Database\\Connection->runQueryCallback('select * from `...', Array, Object(Closure))
#11 /Users/gomez.luv/ilerna/php/bpoint-api/vendor/illuminate/database/Connection.php(367): Illuminate\\Database\\Connection->run('select * from `...', Array, Object(Closure))
#12 /Users/gomez.luv/ilerna/php/bpoint-api/vendor/illuminate/database/Query/Builder.php(2352): Illuminate\\Database\\Connection->select('select * from `...', Array, true)
#13 /Users/gomez.luv/ilerna/php/bpoint-api/vendor/illuminate/database/Query/Builder.php(2340): Illuminate\\Database\\Query\\Builder->runSelect()
#14 /Users/gomez.luv/ilerna/php/bpoint-api/vendor/illuminate/database/Query/Builder.php(2874): Illuminate\\Database\\Query\\Builder->Illuminate\\Database\\Query\\{closure}()
#15 /Users/gomez.luv/ilerna/php/bpoint-api/vendor/illuminate/database/Query/Builder.php(2341): Illuminate\\Database\\Query\\Builder->onceWithColumns(Array, Object(Closure))
#16 /Users/gomez.luv/ilerna/php/bpoint-api/vendor/illuminate/database/Eloquent/Builder.php(615): Illuminate\\Database\\Query\\Builder->get(Array)
#17 /Users/gomez.luv/ilerna/php/bpoint-api/vendor/illuminate/database/Eloquent/Builder.php(599): Illuminate\\Database\\Eloquent\\Builder->getModels(Array)
#18 /Users/gomez.luv/ilerna/php/bpoint-api/vendor/illuminate/database/Concerns/BuildsQueries.php(259): Illuminate\\Database\\Eloquent\\Builder->get(Array)
#19 /Users/gomez.luv/ilerna/php/bpoint-api/vendor/illuminate/auth/EloquentUserProvider.php(134): Illuminate\\Database\\Eloquent\\Builder->first()
#20 /Users/gomez.luv/ilerna/php/bpoint-api/vendor/tymon/jwt-auth/src/JWTGuard.php(124): Illuminate\\Auth\\EloquentUserProvider->retrieveByCredentials(Array)
#21 /Users/gomez.luv/ilerna/php/bpoint-api/vendor/illuminate/auth/AuthManager.php(336): Tymon\\JWTAuth\\JWTGuard->attempt(Array)
#22 /Users/gomez.luv/ilerna/php/bpoint-api/vendor/illuminate/support/Facades/Facade.php(261): Illuminate\\Auth\\AuthManager->__call('attempt', Array)
#23 /Users/gomez.luv/ilerna/php/bpoint-api/app/Infrastructure/Http/Controllers/Auth/ValidateUser.php(34): Illuminate\\Support\\Facades\\Facade::__callStatic('attempt', Array)
#24 /Users/gomez.luv/ilerna/php/bpoint-api/vendor/illuminate/container/BoundMethod.php(36): App\\Infrastructure\\Http\\Controllers\\Auth\\ValidateUser->__invoke(Object(Laravel\\Lumen\\Http\\Request))
#25 /Users/gomez.luv/ilerna/php/bpoint-api/vendor/illuminate/container/Util.php(40): Illuminate\\Container\\BoundMethod::Illuminate\\Container\\{closure}()
#26 /Users/gomez.luv/ilerna/php/bpoint-api/vendor/illuminate/container/BoundMethod.php(93): Illuminate\\Container\\Util::unwrapIfClosure(Object(Closure))
#27 /Users/gomez.luv/ilerna/php/bpoint-api/vendor/illuminate/container/BoundMethod.php(37): Illuminate\\Container\\BoundMethod::callBoundMethod(Object(Laravel\\Lumen\\Application), Array, Object(Closure))
#28 /Users/gomez.luv/ilerna/php/bpoint-api/vendor/illuminate/container/Container.php(653): Illuminate\\Container\\BoundMethod::call(Object(Laravel\\Lumen\\Application), Array, Array, NULL)
#29 /Users/gomez.luv/ilerna/php/bpoint-api/vendor/laravel/lumen-framework/src/Concerns/RoutesRequests.php(389): Illuminate\\Container\\Container->call(Array, Array)
#30 /Users/gomez.luv/ilerna/php/bpoint-api/vendor/laravel/lumen-framework/src/Concerns/RoutesRequests.php(355): Laravel\\Lumen\\Application->callControllerCallable(Array, Array)
#31 /Users/gomez.luv/ilerna/php/bpoint-api/vendor/laravel/lumen-framework/src/Concerns/RoutesRequests.php(329): Laravel\\Lumen\\Application->callLumenController(Object(App\\Infrastructure\\Http\\Controllers\\Auth\\ValidateUser), '__invoke', Array)
#32 /Users/gomez.luv/ilerna/php/bpoint-api/vendor/laravel/lumen-framework/src/Concerns/RoutesRequests.php(282): Laravel\\Lumen\\Application->callControllerAction(Array)
#33 /Users/gomez.luv/ilerna/php/bpoint-api/vendor/laravel/lumen-framework/src/Concerns/RoutesRequests.php(267): Laravel\\Lumen\\Application->callActionOnArrayBasedRoute(Array)
#34 /Users/gomez.luv/ilerna/php/bpoint-api/vendor/laravel/lumen-framework/src/Concerns/RoutesRequests.php(169): Laravel\\Lumen\\Application->handleFoundRoute(Array)
#35 /Users/gomez.luv/ilerna/php/bpoint-api/vendor/laravel/lumen-framework/src/Concerns/RoutesRequests.php(429): Laravel\\Lumen\\Application->Laravel\\Lumen\\Concerns\\{closure}(Object(Laravel\\Lumen\\Http\\Request))
#36 /Users/gomez.luv/ilerna/php/bpoint-api/vendor/laravel/lumen-framework/src/Concerns/RoutesRequests.php(175): Laravel\\Lumen\\Application->sendThroughPipeline(Array, Object(Closure))
#37 /Users/gomez.luv/ilerna/php/bpoint-api/vendor/laravel/lumen-framework/src/Concerns/RoutesRequests.php(112): Laravel\\Lumen\\Application->dispatch(NULL)
#38 /Users/gomez.luv/ilerna/php/bpoint-api/app/Infrastructure/Lumen8/public/index.php(28): Laravel\\Lumen\\Application->run()
#39 {main}
"} 
[2021-11-26 16:17:55] local.ERROR: SQLSTATE[HY000] [1045] Access denied for user 'bpoint-local'@'172.25.0.1' (using password: YES) (SQL: select * from `Users` where `username` = gnugomez limit 1) {"exception":"[object] (Illuminate\\Database\\QueryException(code: 1045): SQLSTATE[HY000] [1045] Access denied for user 'bpoint-local'@'172.25.0.1' (using password: YES) (SQL: select * from `Users` where `username` = gnugomez limit 1) at /Users/gomez.luv/ilerna/php/bpoint-api/vendor/illuminate/database/Connection.php:703)
[stacktrace]
#0 /Users/gomez.luv/ilerna/php/bpoint-api/vendor/illuminate/database/Connection.php(663): Illuminate\\Database\\Connection->runQueryCallback('select * from `...', Array, Object(Closure))
#1 /Users/gomez.luv/ilerna/php/bpoint-api/vendor/illuminate/database/Connection.php(367): Illuminate\\Database\\Connection->run('select * from `...', Array, Object(Closure))
#2 /Users/gomez.luv/ilerna/php/bpoint-api/vendor/illuminate/database/Query/Builder.php(2352): Illuminate\\Database\\Connection->select('select * from `...', Array, true)
#3 /Users/gomez.luv/ilerna/php/bpoint-api/vendor/illuminate/database/Query/Builder.php(2340): Illuminate\\Database\\Query\\Builder->runSelect()
#4 /Users/gomez.luv/ilerna/php/bpoint-api/vendor/illuminate/database/Query/Builder.php(2874): Illuminate\\Database\\Query\\Builder->Illuminate\\Database\\Query\\{closure}()
#5 /Users/gomez.luv/ilerna/php/bpoint-api/vendor/illuminate/database/Query/Builder.php(2341): Illuminate\\Database\\Query\\Builder->onceWithColumns(Array, Object(Closure))
#6 /Users/gomez.luv/ilerna/php/bpoint-api/vendor/illuminate/database/Eloquent/Builder.php(615): Illuminate\\Database\\Query\\Builder->get(Array)
#7 /Users/gomez.luv/ilerna/php/bpoint-api/vendor/illuminate/database/Eloquent/Builder.php(599): Illuminate\\Database\\Eloquent\\Builder->getModels(Array)
#8 /Users/gomez.luv/ilerna/php/bpoint-api/vendor/illuminate/database/Concerns/BuildsQueries.php(259): Illuminate\\Database\\Eloquent\\Builder->get(Array)
#9 /Users/gomez.luv/ilerna/php/bpoint-api/vendor/illuminate/auth/EloquentUserProvider.php(134): Illuminate\\Database\\Eloquent\\Builder->first()
#10 /Users/gomez.luv/ilerna/php/bpoint-api/vendor/tymon/jwt-auth/src/JWTGuard.php(124): Illuminate\\Auth\\EloquentUserProvider->retrieveByCredentials(Array)
#11 /Users/gomez.luv/ilerna/php/bpoint-api/vendor/illuminate/auth/AuthManager.php(336): Tymon\\JWTAuth\\JWTGuard->attempt(Array)
#12 /Users/gomez.luv/ilerna/php/bpoint-api/vendor/illuminate/support/Facades/Facade.php(261): Illuminate\\Auth\\AuthManager->__call('attempt', Array)
#13 /Users/gomez.luv/ilerna/php/bpoint-api/app/Infrastructure/Http/Controllers/Auth/ValidateUser.php(34): Illuminate\\Support\\Facades\\Facade::__callStatic('attempt', Array)
#14 /Users/gomez.luv/ilerna/php/bpoint-api/vendor/illuminate/container/BoundMethod.php(36): App\\Infrastructure\\Http\\Controllers\\Auth\\ValidateUser->__invoke(Object(Laravel\\Lumen\\Http\\Request))
#15 /Users/gomez.luv/ilerna/php/bpoint-api/vendor/illuminate/container/Util.php(40): Illuminate\\Container\\BoundMethod::Illuminate\\Container\\{closure}()
#16 /Users/gomez.luv/ilerna/php/bpoint-api/vendor/illuminate/container/BoundMethod.php(93): Illuminate\\Container\\Util::unwrapIfClosure(Object(Closure))
#17 /Users/gomez.luv/ilerna/php/bpoint-api/vendor/illuminate/container/BoundMethod.php(37): Illuminate\\Container\\BoundMethod::callBoundMethod(Object(Laravel\\Lumen\\Application), Array, Object(Closure))
#18 /Users/gomez.luv/ilerna/php/bpoint-api/vendor/illuminate/container/Container.php(653): Illuminate\\Container\\BoundMethod::call(Object(Laravel\\Lumen\\Application), Array, Array, NULL)
#19 /Users/gomez.luv/ilerna/php/bpoint-api/vendor/laravel/lumen-framework/src/Concerns/RoutesRequests.php(389): Illuminate\\Container\\Container->call(Array, Array)
#20 /Users/gomez.luv/ilerna/php/bpoint-api/vendor/laravel/lumen-framework/src/Concerns/RoutesRequests.php(355): Laravel\\Lumen\\Application->callControllerCallable(Array, Array)
#21 /Users/gomez.luv/ilerna/php/bpoint-api/vendor/laravel/lumen-framework/src/Concerns/RoutesRequests.php(329): Laravel\\Lumen\\Application->callLumenController(Object(App\\Infrastructure\\Http\\Controllers\\Auth\\ValidateUser), '__invoke', Array)
#22 /Users/gomez.luv/ilerna/php/bpoint-api/vendor/laravel/lumen-framework/src/Concerns/RoutesRequests.php(282): Laravel\\Lumen\\Application->callControllerAction(Array)
#23 /Users/gomez.luv/ilerna/php/bpoint-api/vendor/laravel/lumen-framework/src/Concerns/RoutesRequests.php(267): Laravel\\Lumen\\Application->callActionOnArrayBasedRoute(Array)
#24 /Users/gomez.luv/ilerna/php/bpoint-api/vendor/laravel/lumen-framework/src/Concerns/RoutesRequests.php(169): Laravel\\Lumen\\Application->handleFoundRoute(Array)
#25 /Users/gomez.luv/ilerna/php/bpoint-api/vendor/laravel/lumen-framework/src/Concerns/RoutesRequests.php(429): Laravel\\Lumen\\Application->Laravel\\Lumen\\Concerns\\{closure}(Object(Laravel\\Lumen\\Http\\Request))
#26 /Users/gomez.luv/ilerna/php/bpoint-api/vendor/laravel/lumen-framework/src/Concerns/RoutesRequests.php(175): Laravel\\Lumen\\Application->sendThroughPipeline(Array, Object(Closure))
#27 /Users/gomez.luv/ilerna/php/bpoint-api/vendor/laravel/lumen-framework/src/Concerns/RoutesRequests.php(112): Laravel\\Lumen\\Application->dispatch(NULL)
#28 /Users/gomez.luv/ilerna/php/bpoint-api/app/Infrastructure/Lumen8/public/index.php(28): Laravel\\Lumen\\Application->run()
#29 {main}

[previous exception] [object] (PDOException(code: 1045): SQLSTATE[HY000] [1045] Access denied for user 'bpoint-local'@'172.25.0.1' (using password: YES) at /Users/gomez.luv/ilerna/php/bpoint-api/vendor/illuminate/database/Connectors/Connector.php:70)
[stacktrace]
#0 /Users/gomez.luv/ilerna/php/bpoint-api/vendor/illuminate/database/Connectors/Connector.php(70): PDO->__construct('mysql:host=127....', 'bpoint-local', '1234', Array)
#1 /Users/gomez.luv/ilerna/php/bpoint-api/vendor/illuminate/database/Connectors/Connector.php(46): Illuminate\\Database\\Connectors\\Connector->createPdoConnection('mysql:host=127....', 'bpoint-local', '1234', Array)
#2 /Users/gomez.luv/ilerna/php/bpoint-api/vendor/illuminate/database/Connectors/MySqlConnector.php(24): Illuminate\\Database\\Connectors\\Connector->createConnection('mysql:host=127....', Array, Array)
#3 /Users/gomez.luv/ilerna/php/bpoint-api/vendor/illuminate/database/Connectors/ConnectionFactory.php(184): Illuminate\\Database\\Connectors\\MySqlConnector->connect(Array)
#4 [internal function]: Illuminate\\Database\\Connectors\\ConnectionFactory->Illuminate\\Database\\Connectors\\{closure}()
#5 /Users/gomez.luv/ilerna/php/bpoint-api/vendor/illuminate/database/Connection.php(1021): call_user_func(Object(Closure))
#6 /Users/gomez.luv/ilerna/php/bpoint-api/vendor/illuminate/database/Connection.php(1057): Illuminate\\Database\\Connection->getPdo()
#7 /Users/gomez.luv/ilerna/php/bpoint-api/vendor/illuminate/database/Connection.php(433): Illuminate\\Database\\Connection->getReadPdo()
#8 /Users/gomez.luv/ilerna/php/bpoint-api/vendor/illuminate/database/Connection.php(359): Illuminate\\Database\\Connection->getPdoForSelect(true)
#9 /Users/gomez.luv/ilerna/php/bpoint-api/vendor/illuminate/database/Connection.php(696): Illuminate\\Database\\Connection->Illuminate\\Database\\{closure}('select * from `...', Array)
#10 /Users/gomez.luv/ilerna/php/bpoint-api/vendor/illuminate/database/Connection.php(663): Illuminate\\Database\\Connection->runQueryCallback('select * from `...', Array, Object(Closure))
#11 /Users/gomez.luv/ilerna/php/bpoint-api/vendor/illuminate/database/Connection.php(367): Illuminate\\Database\\Connection->run('select * from `...', Array, Object(Closure))
#12 /Users/gomez.luv/ilerna/php/bpoint-api/vendor/illuminate/database/Query/Builder.php(2352): Illuminate\\Database\\Connection->select('select * from `...', Array, true)
#13 /Users/gomez.luv/ilerna/php/bpoint-api/vendor/illuminate/database/Query/Builder.php(2340): Illuminate\\Database\\Query\\Builder->runSelect()
#14 /Users/gomez.luv/ilerna/php/bpoint-api/vendor/illuminate/database/Query/Builder.php(2874): Illuminate\\Database\\Query\\Builder->Illuminate\\Database\\Query\\{closure}()
#15 /Users/gomez.luv/ilerna/php/bpoint-api/vendor/illuminate/database/Query/Builder.php(2341): Illuminate\\Database\\Query\\Builder->onceWithColumns(Array, Object(Closure))
#16 /Users/gomez.luv/ilerna/php/bpoint-api/vendor/illuminate/database/Eloquent/Builder.php(615): Illuminate\\Database\\Query\\Builder->get(Array)
#17 /Users/gomez.luv/ilerna/php/bpoint-api/vendor/illuminate/database/Eloquent/Builder.php(599): Illuminate\\Database\\Eloquent\\Builder->getModels(Array)
#18 /Users/gomez.luv/ilerna/php/bpoint-api/vendor/illuminate/database/Concerns/BuildsQueries.php(259): Illuminate\\Database\\Eloquent\\Builder->get(Array)
#19 /Users/gomez.luv/ilerna/php/bpoint-api/vendor/illuminate/auth/EloquentUserProvider.php(134): Illuminate\\Database\\Eloquent\\Builder->first()
#20 /Users/gomez.luv/ilerna/php/bpoint-api/vendor/tymon/jwt-auth/src/JWTGuard.php(124): Illuminate\\Auth\\EloquentUserProvider->retrieveByCredentials(Array)
#21 /Users/gomez.luv/ilerna/php/bpoint-api/vendor/illuminate/auth/AuthManager.php(336): Tymon\\JWTAuth\\JWTGuard->attempt(Array)
#22 /Users/gomez.luv/ilerna/php/bpoint-api/vendor/illuminate/support/Facades/Facade.php(261): Illuminate\\Auth\\AuthManager->__call('attempt', Array)
#23 /Users/gomez.luv/ilerna/php/bpoint-api/app/Infrastructure/Http/Controllers/Auth/ValidateUser.php(34): Illuminate\\Support\\Facades\\Facade::__callStatic('attempt', Array)
#24 /Users/gomez.luv/ilerna/php/bpoint-api/vendor/illuminate/container/BoundMethod.php(36): App\\Infrastructure\\Http\\Controllers\\Auth\\ValidateUser->__invoke(Object(Laravel\\Lumen\\Http\\Request))
#25 /Users/gomez.luv/ilerna/php/bpoint-api/vendor/illuminate/container/Util.php(40): Illuminate\\Container\\BoundMethod::Illuminate\\Container\\{closure}()
#26 /Users/gomez.luv/ilerna/php/bpoint-api/vendor/illuminate/container/BoundMethod.php(93): Illuminate\\Container\\Util::unwrapIfClosure(Object(Closure))
#27 /Users/gomez.luv/ilerna/php/bpoint-api/vendor/illuminate/container/BoundMethod.php(37): Illuminate\\Container\\BoundMethod::callBoundMethod(Object(Laravel\\Lumen\\Application), Array, Object(Closure))
#28 /Users/gomez.luv/ilerna/php/bpoint-api/vendor/illuminate/container/Container.php(653): Illuminate\\Container\\BoundMethod::call(Object(Laravel\\Lumen\\Application), Array, Array, NULL)
#29 /Users/gomez.luv/ilerna/php/bpoint-api/vendor/laravel/lumen-framework/src/Concerns/RoutesRequests.php(389): Illuminate\\Container\\Container->call(Array, Array)
#30 /Users/gomez.luv/ilerna/php/bpoint-api/vendor/laravel/lumen-framework/src/Concerns/RoutesRequests.php(355): Laravel\\Lumen\\Application->callControllerCallable(Array, Array)
#31 /Users/gomez.luv/ilerna/php/bpoint-api/vendor/laravel/lumen-framework/src/Concerns/RoutesRequests.php(329): Laravel\\Lumen\\Application->callLumenController(Object(App\\Infrastructure\\Http\\Controllers\\Auth\\ValidateUser), '__invoke', Array)
#32 /Users/gomez.luv/ilerna/php/bpoint-api/vendor/laravel/lumen-framework/src/Concerns/RoutesRequests.php(282): Laravel\\Lumen\\Application->callControllerAction(Array)
#33 /Users/gomez.luv/ilerna/php/bpoint-api/vendor/laravel/lumen-framework/src/Concerns/RoutesRequests.php(267): Laravel\\Lumen\\Application->callActionOnArrayBasedRoute(Array)
#34 /Users/gomez.luv/ilerna/php/bpoint-api/vendor/laravel/lumen-framework/src/Concerns/RoutesRequests.php(169): Laravel\\Lumen\\Application->handleFoundRoute(Array)
#35 /Users/gomez.luv/ilerna/php/bpoint-api/vendor/laravel/lumen-framework/src/Concerns/RoutesRequests.php(429): Laravel\\Lumen\\Application->Laravel\\Lumen\\Concerns\\{closure}(Object(Laravel\\Lumen\\Http\\Request))
#36 /Users/gomez.luv/ilerna/php/bpoint-api/vendor/laravel/lumen-framework/src/Concerns/RoutesRequests.php(175): Laravel\\Lumen\\Application->sendThroughPipeline(Array, Object(Closure))
#37 /Users/gomez.luv/ilerna/php/bpoint-api/vendor/laravel/lumen-framework/src/Concerns/RoutesRequests.php(112): Laravel\\Lumen\\Application->dispatch(NULL)
#38 /Users/gomez.luv/ilerna/php/bpoint-api/app/Infrastructure/Lumen8/public/index.php(28): Laravel\\Lumen\\Application->run()
#39 {main}
"} 
[2021-11-26 17:34:51] production.ERROR: Target class [App\Infrastructure\Http\Controllers\Auth\ValidateUser] does not exist. {"exception":"[object] (Illuminate\\Contracts\\Container\\BindingResolutionException(code: 0): Target class [App\\Infrastructure\\Http\\Controllers\\Auth\\ValidateUser] does not exist. at /Users/gomez.luv/ilerna/php/bfast-api/vendor/illuminate/container/Container.php:879)
[stacktrace]
#0 /Users/gomez.luv/ilerna/php/bfast-api/vendor/illuminate/container/Container.php(758): Illuminate\\Container\\Container->build('App\\\\Infrastruct...')
#1 /Users/gomez.luv/ilerna/php/bfast-api/vendor/illuminate/container/Container.php(694): Illuminate\\Container\\Container->resolve('App\\\\Infrastruct...', Array)
#2 /Users/gomez.luv/ilerna/php/bfast-api/vendor/laravel/lumen-framework/src/Application.php(300): Illuminate\\Container\\Container->make('App\\\\Infrastruct...', Array)
#3 /Users/gomez.luv/ilerna/php/bfast-api/vendor/laravel/lumen-framework/src/Concerns/RoutesRequests.php(324): Laravel\\Lumen\\Application->make('App\\\\Infrastruct...')
#4 /Users/gomez.luv/ilerna/php/bfast-api/vendor/laravel/lumen-framework/src/Concerns/RoutesRequests.php(282): Laravel\\Lumen\\Application->callControllerAction(Array)
#5 /Users/gomez.luv/ilerna/php/bfast-api/vendor/laravel/lumen-framework/src/Concerns/RoutesRequests.php(267): Laravel\\Lumen\\Application->callActionOnArrayBasedRoute(Array)
#6 /Users/gomez.luv/ilerna/php/bfast-api/vendor/laravel/lumen-framework/src/Concerns/RoutesRequests.php(169): Laravel\\Lumen\\Application->handleFoundRoute(Array)
#7 /Users/gomez.luv/ilerna/php/bfast-api/vendor/laravel/lumen-framework/src/Concerns/RoutesRequests.php(429): Laravel\\Lumen\\Application->Laravel\\Lumen\\Concerns\\{closure}(Object(Laravel\\Lumen\\Http\\Request))
#8 /Users/gomez.luv/ilerna/php/bfast-api/vendor/laravel/lumen-framework/src/Concerns/RoutesRequests.php(175): Laravel\\Lumen\\Application->sendThroughPipeline(Array, Object(Closure))
#9 /Users/gomez.luv/ilerna/php/bfast-api/vendor/laravel/lumen-framework/src/Concerns/RoutesRequests.php(112): Laravel\\Lumen\\Application->dispatch(NULL)
#10 /Users/gomez.luv/ilerna/php/bfast-api/etc/Lumen8/public/index.php(28): Laravel\\Lumen\\Application->run()
#11 {main}

[previous exception] [object] (ReflectionException(code: -1): Class \"App\\Infrastructure\\Http\\Controllers\\Auth\\ValidateUser\" does not exist at /Users/gomez.luv/ilerna/php/bfast-api/vendor/illuminate/container/Container.php:877)
[stacktrace]
#0 /Users/gomez.luv/ilerna/php/bfast-api/vendor/illuminate/container/Container.php(877): ReflectionClass->__construct('App\\\\Infrastruct...')
#1 /Users/gomez.luv/ilerna/php/bfast-api/vendor/illuminate/container/Container.php(758): Illuminate\\Container\\Container->build('App\\\\Infrastruct...')
#2 /Users/gomez.luv/ilerna/php/bfast-api/vendor/illuminate/container/Container.php(694): Illuminate\\Container\\Container->resolve('App\\\\Infrastruct...', Array)
#3 /Users/gomez.luv/ilerna/php/bfast-api/vendor/laravel/lumen-framework/src/Application.php(300): Illuminate\\Container\\Container->make('App\\\\Infrastruct...', Array)
#4 /Users/gomez.luv/ilerna/php/bfast-api/vendor/laravel/lumen-framework/src/Concerns/RoutesRequests.php(324): Laravel\\Lumen\\Application->make('App\\\\Infrastruct...')
#5 /Users/gomez.luv/ilerna/php/bfast-api/vendor/laravel/lumen-framework/src/Concerns/RoutesRequests.php(282): Laravel\\Lumen\\Application->callControllerAction(Array)
#6 /Users/gomez.luv/ilerna/php/bfast-api/vendor/laravel/lumen-framework/src/Concerns/RoutesRequests.php(267): Laravel\\Lumen\\Application->callActionOnArrayBasedRoute(Array)
#7 /Users/gomez.luv/ilerna/php/bfast-api/vendor/laravel/lumen-framework/src/Concerns/RoutesRequests.php(169): Laravel\\Lumen\\Application->handleFoundRoute(Array)
#8 /Users/gomez.luv/ilerna/php/bfast-api/vendor/laravel/lumen-framework/src/Concerns/RoutesRequests.php(429): Laravel\\Lumen\\Application->Laravel\\Lumen\\Concerns\\{closure}(Object(Laravel\\Lumen\\Http\\Request))
#9 /Users/gomez.luv/ilerna/php/bfast-api/vendor/laravel/lumen-framework/src/Concerns/RoutesRequests.php(175): Laravel\\Lumen\\Application->sendThroughPipeline(Array, Object(Closure))
#10 /Users/gomez.luv/ilerna/php/bfast-api/vendor/laravel/lumen-framework/src/Concerns/RoutesRequests.php(112): Laravel\\Lumen\\Application->dispatch(NULL)
#11 /Users/gomez.luv/ilerna/php/bfast-api/etc/Lumen8/public/index.php(28): Laravel\\Lumen\\Application->run()
#12 {main}
"} 
[2021-11-26 17:39:13] production.ERROR: Class "App\Infrastructure\Persistence\Eloquent\Models\User" not found {"exception":"[object] (Error(code: 0): Class \"App\\Infrastructure\\Persistence\\Eloquent\\Models\\User\" not found at /Users/gomez.luv/ilerna/php/bfast-api/app/Api/Infrastructure/Persistence/Eloquent/UserRepository.php:17)
[stacktrace]
#0 [internal function]: App\\Api\\Infrastructure\\Persistence\\Eloquent\\UserRepository->__construct()
#1 /Users/gomez.luv/ilerna/php/bfast-api/vendor/illuminate/container/Container.php(921): ReflectionClass->newInstanceArgs(Array)
#2 /Users/gomez.luv/ilerna/php/bfast-api/vendor/illuminate/container/Container.php(758): Illuminate\\Container\\Container->build('App\\\\Api\\\\Infrast...')
#3 /Users/gomez.luv/ilerna/php/bfast-api/vendor/illuminate/container/Container.php(296): Illuminate\\Container\\Container->resolve('App\\\\Api\\\\Infrast...', Array, false)
#4 /Users/gomez.luv/ilerna/php/bfast-api/vendor/illuminate/container/Container.php(873): Illuminate\\Container\\Container->Illuminate\\Container\\{closure}(Object(Laravel\\Lumen\\Application), Array)
#5 /Users/gomez.luv/ilerna/php/bfast-api/vendor/illuminate/container/Container.php(758): Illuminate\\Container\\Container->build(Object(Closure))
#6 /Users/gomez.luv/ilerna/php/bfast-api/vendor/illuminate/container/Container.php(694): Illuminate\\Container\\Container->resolve('App\\\\Api\\\\Domain\\\\...', Array)
#7 /Users/gomez.luv/ilerna/php/bfast-api/vendor/laravel/lumen-framework/src/Application.php(300): Illuminate\\Container\\Container->make('App\\\\Api\\\\Domain\\\\...', Array)
#8 /Users/gomez.luv/ilerna/php/bfast-api/vendor/illuminate/container/Container.php(1031): Laravel\\Lumen\\Application->make('App\\\\Api\\\\Domain\\\\...')
#9 /Users/gomez.luv/ilerna/php/bfast-api/vendor/illuminate/container/Container.php(951): Illuminate\\Container\\Container->resolveClass(Object(ReflectionParameter))
#10 /Users/gomez.luv/ilerna/php/bfast-api/vendor/illuminate/container/Container.php(912): Illuminate\\Container\\Container->resolveDependencies(Array)
#11 /Users/gomez.luv/ilerna/php/bfast-api/vendor/illuminate/container/Container.php(758): Illuminate\\Container\\Container->build('App\\\\Api\\\\Infrast...')
#12 /Users/gomez.luv/ilerna/php/bfast-api/vendor/illuminate/container/Container.php(694): Illuminate\\Container\\Container->resolve('App\\\\Api\\\\Infrast...', Array)
#13 /Users/gomez.luv/ilerna/php/bfast-api/vendor/laravel/lumen-framework/src/Application.php(300): Illuminate\\Container\\Container->make('App\\\\Api\\\\Infrast...', Array)
#14 /Users/gomez.luv/ilerna/php/bfast-api/vendor/laravel/lumen-framework/src/Concerns/RoutesRequests.php(324): Laravel\\Lumen\\Application->make('App\\\\Api\\\\Infrast...')
#15 /Users/gomez.luv/ilerna/php/bfast-api/vendor/laravel/lumen-framework/src/Concerns/RoutesRequests.php(282): Laravel\\Lumen\\Application->callControllerAction(Array)
#16 /Users/gomez.luv/ilerna/php/bfast-api/vendor/laravel/lumen-framework/src/Concerns/RoutesRequests.php(267): Laravel\\Lumen\\Application->callActionOnArrayBasedRoute(Array)
#17 /Users/gomez.luv/ilerna/php/bfast-api/vendor/laravel/lumen-framework/src/Concerns/RoutesRequests.php(169): Laravel\\Lumen\\Application->handleFoundRoute(Array)
#18 /Users/gomez.luv/ilerna/php/bfast-api/vendor/laravel/lumen-framework/src/Concerns/RoutesRequests.php(429): Laravel\\Lumen\\Application->Laravel\\Lumen\\Concerns\\{closure}(Object(Laravel\\Lumen\\Http\\Request))
#19 /Users/gomez.luv/ilerna/php/bfast-api/vendor/laravel/lumen-framework/src/Concerns/RoutesRequests.php(175): Laravel\\Lumen\\Application->sendThroughPipeline(Array, Object(Closure))
#20 /Users/gomez.luv/ilerna/php/bfast-api/vendor/laravel/lumen-framework/src/Concerns/RoutesRequests.php(112): Laravel\\Lumen\\Application->dispatch(NULL)
#21 /Users/gomez.luv/ilerna/php/bfast-api/etc/Lumen8/public/index.php(28): Laravel\\Lumen\\Application->run()
#22 {main}
"} 
[2021-11-26 17:39:20] production.ERROR: Class "App\Infrastructure\Persistence\Eloquent\Models\User" not found {"exception":"[object] (Error(code: 0): Class \"App\\Infrastructure\\Persistence\\Eloquent\\Models\\User\" not found at /Users/gomez.luv/ilerna/php/bfast-api/app/Api/Infrastructure/Persistence/Eloquent/UserRepository.php:17)
[stacktrace]
#0 [internal function]: App\\Api\\Infrastructure\\Persistence\\Eloquent\\UserRepository->__construct()
#1 /Users/gomez.luv/ilerna/php/bfast-api/vendor/illuminate/container/Container.php(921): ReflectionClass->newInstanceArgs(Array)
#2 /Users/gomez.luv/ilerna/php/bfast-api/vendor/illuminate/container/Container.php(758): Illuminate\\Container\\Container->build('App\\\\Api\\\\Infrast...')
#3 /Users/gomez.luv/ilerna/php/bfast-api/vendor/illuminate/container/Container.php(296): Illuminate\\Container\\Container->resolve('App\\\\Api\\\\Infrast...', Array, false)
#4 /Users/gomez.luv/ilerna/php/bfast-api/vendor/illuminate/container/Container.php(873): Illuminate\\Container\\Container->Illuminate\\Container\\{closure}(Object(Laravel\\Lumen\\Application), Array)
#5 /Users/gomez.luv/ilerna/php/bfast-api/vendor/illuminate/container/Container.php(758): Illuminate\\Container\\Container->build(Object(Closure))
#6 /Users/gomez.luv/ilerna/php/bfast-api/vendor/illuminate/container/Container.php(694): Illuminate\\Container\\Container->resolve('App\\\\Api\\\\Domain\\\\...', Array)
#7 /Users/gomez.luv/ilerna/php/bfast-api/vendor/laravel/lumen-framework/src/Application.php(300): Illuminate\\Container\\Container->make('App\\\\Api\\\\Domain\\\\...', Array)
#8 /Users/gomez.luv/ilerna/php/bfast-api/vendor/illuminate/container/Container.php(1031): Laravel\\Lumen\\Application->make('App\\\\Api\\\\Domain\\\\...')
#9 /Users/gomez.luv/ilerna/php/bfast-api/vendor/illuminate/container/Container.php(951): Illuminate\\Container\\Container->resolveClass(Object(ReflectionParameter))
#10 /Users/gomez.luv/ilerna/php/bfast-api/vendor/illuminate/container/Container.php(912): Illuminate\\Container\\Container->resolveDependencies(Array)
#11 /Users/gomez.luv/ilerna/php/bfast-api/vendor/illuminate/container/Container.php(758): Illuminate\\Container\\Container->build('App\\\\Api\\\\Infrast...')
#12 /Users/gomez.luv/ilerna/php/bfast-api/vendor/illuminate/container/Container.php(694): Illuminate\\Container\\Container->resolve('App\\\\Api\\\\Infrast...', Array)
#13 /Users/gomez.luv/ilerna/php/bfast-api/vendor/laravel/lumen-framework/src/Application.php(300): Illuminate\\Container\\Container->make('App\\\\Api\\\\Infrast...', Array)
#14 /Users/gomez.luv/ilerna/php/bfast-api/vendor/laravel/lumen-framework/src/Concerns/RoutesRequests.php(324): Laravel\\Lumen\\Application->make('App\\\\Api\\\\Infrast...')
#15 /Users/gomez.luv/ilerna/php/bfast-api/vendor/laravel/lumen-framework/src/Concerns/RoutesRequests.php(282): Laravel\\Lumen\\Application->callControllerAction(Array)
#16 /Users/gomez.luv/ilerna/php/bfast-api/vendor/laravel/lumen-framework/src/Concerns/RoutesRequests.php(267): Laravel\\Lumen\\Application->callActionOnArrayBasedRoute(Array)
#17 /Users/gomez.luv/ilerna/php/bfast-api/vendor/laravel/lumen-framework/src/Concerns/RoutesRequests.php(169): Laravel\\Lumen\\Application->handleFoundRoute(Array)
#18 /Users/gomez.luv/ilerna/php/bfast-api/vendor/laravel/lumen-framework/src/Concerns/RoutesRequests.php(429): Laravel\\Lumen\\Application->Laravel\\Lumen\\Concerns\\{closure}(Object(Laravel\\Lumen\\Http\\Request))
#19 /Users/gomez.luv/ilerna/php/bfast-api/vendor/laravel/lumen-framework/src/Concerns/RoutesRequests.php(175): Laravel\\Lumen\\Application->sendThroughPipeline(Array, Object(Closure))
#20 /Users/gomez.luv/ilerna/php/bfast-api/vendor/laravel/lumen-framework/src/Concerns/RoutesRequests.php(112): Laravel\\Lumen\\Application->dispatch(NULL)
#21 /Users/gomez.luv/ilerna/php/bfast-api/etc/Lumen8/public/index.php(28): Laravel\\Lumen\\Application->run()
#22 {main}
"} 
[2021-11-26 17:39:23] production.ERROR: Class "App\Infrastructure\Persistence\Eloquent\Models\User" not found {"exception":"[object] (Error(code: 0): Class \"App\\Infrastructure\\Persistence\\Eloquent\\Models\\User\" not found at /Users/gomez.luv/ilerna/php/bfast-api/app/Api/Infrastructure/Persistence/Eloquent/UserRepository.php:17)
[stacktrace]
#0 [internal function]: App\\Api\\Infrastructure\\Persistence\\Eloquent\\UserRepository->__construct()
#1 /Users/gomez.luv/ilerna/php/bfast-api/vendor/illuminate/container/Container.php(921): ReflectionClass->newInstanceArgs(Array)
#2 /Users/gomez.luv/ilerna/php/bfast-api/vendor/illuminate/container/Container.php(758): Illuminate\\Container\\Container->build('App\\\\Api\\\\Infrast...')
#3 /Users/gomez.luv/ilerna/php/bfast-api/vendor/illuminate/container/Container.php(296): Illuminate\\Container\\Container->resolve('App\\\\Api\\\\Infrast...', Array, false)
#4 /Users/gomez.luv/ilerna/php/bfast-api/vendor/illuminate/container/Container.php(873): Illuminate\\Container\\Container->Illuminate\\Container\\{closure}(Object(Laravel\\Lumen\\Application), Array)
#5 /Users/gomez.luv/ilerna/php/bfast-api/vendor/illuminate/container/Container.php(758): Illuminate\\Container\\Container->build(Object(Closure))
#6 /Users/gomez.luv/ilerna/php/bfast-api/vendor/illuminate/container/Container.php(694): Illuminate\\Container\\Container->resolve('App\\\\Api\\\\Domain\\\\...', Array)
#7 /Users/gomez.luv/ilerna/php/bfast-api/vendor/laravel/lumen-framework/src/Application.php(300): Illuminate\\Container\\Container->make('App\\\\Api\\\\Domain\\\\...', Array)
#8 /Users/gomez.luv/ilerna/php/bfast-api/vendor/illuminate/container/Container.php(1031): Laravel\\Lumen\\Application->make('App\\\\Api\\\\Domain\\\\...')
#9 /Users/gomez.luv/ilerna/php/bfast-api/vendor/illuminate/container/Container.php(951): Illuminate\\Container\\Container->resolveClass(Object(ReflectionParameter))
#10 /Users/gomez.luv/ilerna/php/bfast-api/vendor/illuminate/container/Container.php(912): Illuminate\\Container\\Container->resolveDependencies(Array)
#11 /Users/gomez.luv/ilerna/php/bfast-api/vendor/illuminate/container/Container.php(758): Illuminate\\Container\\Container->build('App\\\\Api\\\\Infrast...')
#12 /Users/gomez.luv/ilerna/php/bfast-api/vendor/illuminate/container/Container.php(694): Illuminate\\Container\\Container->resolve('App\\\\Api\\\\Infrast...', Array)
#13 /Users/gomez.luv/ilerna/php/bfast-api/vendor/laravel/lumen-framework/src/Application.php(300): Illuminate\\Container\\Container->make('App\\\\Api\\\\Infrast...', Array)
#14 /Users/gomez.luv/ilerna/php/bfast-api/vendor/laravel/lumen-framework/src/Concerns/RoutesRequests.php(324): Laravel\\Lumen\\Application->make('App\\\\Api\\\\Infrast...')
#15 /Users/gomez.luv/ilerna/php/bfast-api/vendor/laravel/lumen-framework/src/Concerns/RoutesRequests.php(282): Laravel\\Lumen\\Application->callControllerAction(Array)
#16 /Users/gomez.luv/ilerna/php/bfast-api/vendor/laravel/lumen-framework/src/Concerns/RoutesRequests.php(267): Laravel\\Lumen\\Application->callActionOnArrayBasedRoute(Array)
#17 /Users/gomez.luv/ilerna/php/bfast-api/vendor/laravel/lumen-framework/src/Concerns/RoutesRequests.php(169): Laravel\\Lumen\\Application->handleFoundRoute(Array)
#18 /Users/gomez.luv/ilerna/php/bfast-api/vendor/laravel/lumen-framework/src/Concerns/RoutesRequests.php(429): Laravel\\Lumen\\Application->Laravel\\Lumen\\Concerns\\{closure}(Object(Laravel\\Lumen\\Http\\Request))
#19 /Users/gomez.luv/ilerna/php/bfast-api/vendor/laravel/lumen-framework/src/Concerns/RoutesRequests.php(175): Laravel\\Lumen\\Application->sendThroughPipeline(Array, Object(Closure))
#20 /Users/gomez.luv/ilerna/php/bfast-api/vendor/laravel/lumen-framework/src/Concerns/RoutesRequests.php(112): Laravel\\Lumen\\Application->dispatch(NULL)
#21 /Users/gomez.luv/ilerna/php/bfast-api/etc/Lumen8/public/index.php(28): Laravel\\Lumen\\Application->run()
#22 {main}
"} 
[2021-11-26 17:40:26] production.ERROR: Auth driver [api] for guard [api] is not defined. {"exception":"[object] (InvalidArgumentException(code: 0): Auth driver [api] for guard [api] is not defined. at /Users/gomez.luv/ilerna/php/bfast-api/vendor/illuminate/auth/AuthManager.php:97)
[stacktrace]
#0 /Users/gomez.luv/ilerna/php/bfast-api/vendor/illuminate/auth/AuthManager.php(68): Illuminate\\Auth\\AuthManager->resolve('api')
#1 /Users/gomez.luv/ilerna/php/bfast-api/app/Api/Infrastructure/Http/Middleware/Authenticate.php(40): Illuminate\\Auth\\AuthManager->guard('api')
#2 /Users/gomez.luv/ilerna/php/bfast-api/vendor/illuminate/pipeline/Pipeline.php(167): App\\Api\\Infrastructure\\Http\\Middleware\\Authenticate->handle(Object(Laravel\\Lumen\\Http\\Request), Object(Closure))
#3 /Users/gomez.luv/ilerna/php/bfast-api/vendor/laravel/lumen-framework/src/Routing/Pipeline.php(30): Illuminate\\Pipeline\\Pipeline->Illuminate\\Pipeline\\{closure}(Object(Laravel\\Lumen\\Http\\Request))
#4 /Users/gomez.luv/ilerna/php/bfast-api/vendor/illuminate/pipeline/Pipeline.php(103): Laravel\\Lumen\\Routing\\Pipeline->Laravel\\Lumen\\Routing\\{closure}(Object(Laravel\\Lumen\\Http\\Request))
#5 /Users/gomez.luv/ilerna/php/bfast-api/vendor/laravel/lumen-framework/src/Concerns/RoutesRequests.php(426): Illuminate\\Pipeline\\Pipeline->then(Object(Closure))
#6 /Users/gomez.luv/ilerna/php/bfast-api/vendor/laravel/lumen-framework/src/Concerns/RoutesRequests.php(375): Laravel\\Lumen\\Application->sendThroughPipeline(Array, Object(Closure))
#7 /Users/gomez.luv/ilerna/php/bfast-api/vendor/laravel/lumen-framework/src/Concerns/RoutesRequests.php(351): Laravel\\Lumen\\Application->callLumenControllerWithMiddleware(Object(App\\Api\\Infrastructure\\Http\\Controllers\\User\\GetAll), '__invoke', Array, Array)
#8 /Users/gomez.luv/ilerna/php/bfast-api/vendor/laravel/lumen-framework/src/Concerns/RoutesRequests.php(329): Laravel\\Lumen\\Application->callLumenController(Object(App\\Api\\Infrastructure\\Http\\Controllers\\User\\GetAll), '__invoke', Array)
#9 /Users/gomez.luv/ilerna/php/bfast-api/vendor/laravel/lumen-framework/src/Concerns/RoutesRequests.php(282): Laravel\\Lumen\\Application->callControllerAction(Array)
#10 /Users/gomez.luv/ilerna/php/bfast-api/vendor/laravel/lumen-framework/src/Concerns/RoutesRequests.php(267): Laravel\\Lumen\\Application->callActionOnArrayBasedRoute(Array)
#11 /Users/gomez.luv/ilerna/php/bfast-api/vendor/laravel/lumen-framework/src/Concerns/RoutesRequests.php(169): Laravel\\Lumen\\Application->handleFoundRoute(Array)
#12 /Users/gomez.luv/ilerna/php/bfast-api/vendor/laravel/lumen-framework/src/Concerns/RoutesRequests.php(429): Laravel\\Lumen\\Application->Laravel\\Lumen\\Concerns\\{closure}(Object(Laravel\\Lumen\\Http\\Request))
#13 /Users/gomez.luv/ilerna/php/bfast-api/vendor/laravel/lumen-framework/src/Concerns/RoutesRequests.php(175): Laravel\\Lumen\\Application->sendThroughPipeline(Array, Object(Closure))
#14 /Users/gomez.luv/ilerna/php/bfast-api/vendor/laravel/lumen-framework/src/Concerns/RoutesRequests.php(112): Laravel\\Lumen\\Application->dispatch(NULL)
#15 /Users/gomez.luv/ilerna/php/bfast-api/etc/Lumen8/public/index.php(28): Laravel\\Lumen\\Application->run()
#16 {main}
"} 
[2021-11-26 17:42:31] production.ERROR: Auth driver [api] for guard [api] is not defined. {"exception":"[object] (InvalidArgumentException(code: 0): Auth driver [api] for guard [api] is not defined. at /Users/gomez.luv/ilerna/php/bfast-api/vendor/illuminate/auth/AuthManager.php:97)
[stacktrace]
#0 /Users/gomez.luv/ilerna/php/bfast-api/vendor/illuminate/auth/AuthManager.php(68): Illuminate\\Auth\\AuthManager->resolve('api')
#1 /Users/gomez.luv/ilerna/php/bfast-api/app/Api/Infrastructure/Http/Middleware/Authenticate.php(40): Illuminate\\Auth\\AuthManager->guard('api')
#2 /Users/gomez.luv/ilerna/php/bfast-api/vendor/illuminate/pipeline/Pipeline.php(167): App\\Api\\Infrastructure\\Http\\Middleware\\Authenticate->handle(Object(Laravel\\Lumen\\Http\\Request), Object(Closure))
#3 /Users/gomez.luv/ilerna/php/bfast-api/vendor/laravel/lumen-framework/src/Routing/Pipeline.php(30): Illuminate\\Pipeline\\Pipeline->Illuminate\\Pipeline\\{closure}(Object(Laravel\\Lumen\\Http\\Request))
#4 /Users/gomez.luv/ilerna/php/bfast-api/vendor/illuminate/pipeline/Pipeline.php(103): Laravel\\Lumen\\Routing\\Pipeline->Laravel\\Lumen\\Routing\\{closure}(Object(Laravel\\Lumen\\Http\\Request))
#5 /Users/gomez.luv/ilerna/php/bfast-api/vendor/laravel/lumen-framework/src/Concerns/RoutesRequests.php(426): Illuminate\\Pipeline\\Pipeline->then(Object(Closure))
#6 /Users/gomez.luv/ilerna/php/bfast-api/vendor/laravel/lumen-framework/src/Concerns/RoutesRequests.php(375): Laravel\\Lumen\\Application->sendThroughPipeline(Array, Object(Closure))
#7 /Users/gomez.luv/ilerna/php/bfast-api/vendor/laravel/lumen-framework/src/Concerns/RoutesRequests.php(351): Laravel\\Lumen\\Application->callLumenControllerWithMiddleware(Object(App\\Api\\Infrastructure\\Http\\Controllers\\User\\GetAll), '__invoke', Array, Array)
#8 /Users/gomez.luv/ilerna/php/bfast-api/vendor/laravel/lumen-framework/src/Concerns/RoutesRequests.php(329): Laravel\\Lumen\\Application->callLumenController(Object(App\\Api\\Infrastructure\\Http\\Controllers\\User\\GetAll), '__invoke', Array)
#9 /Users/gomez.luv/ilerna/php/bfast-api/vendor/laravel/lumen-framework/src/Concerns/RoutesRequests.php(282): Laravel\\Lumen\\Application->callControllerAction(Array)
#10 /Users/gomez.luv/ilerna/php/bfast-api/vendor/laravel/lumen-framework/src/Concerns/RoutesRequests.php(267): Laravel\\Lumen\\Application->callActionOnArrayBasedRoute(Array)
#11 /Users/gomez.luv/ilerna/php/bfast-api/vendor/laravel/lumen-framework/src/Concerns/RoutesRequests.php(169): Laravel\\Lumen\\Application->handleFoundRoute(Array)
#12 /Users/gomez.luv/ilerna/php/bfast-api/vendor/laravel/lumen-framework/src/Concerns/RoutesRequests.php(429): Laravel\\Lumen\\Application->Laravel\\Lumen\\Concerns\\{closure}(Object(Laravel\\Lumen\\Http\\Request))
#13 /Users/gomez.luv/ilerna/php/bfast-api/vendor/laravel/lumen-framework/src/Concerns/RoutesRequests.php(175): Laravel\\Lumen\\Application->sendThroughPipeline(Array, Object(Closure))
#14 /Users/gomez.luv/ilerna/php/bfast-api/vendor/laravel/lumen-framework/src/Concerns/RoutesRequests.php(112): Laravel\\Lumen\\Application->dispatch(NULL)
#15 /Users/gomez.luv/ilerna/php/bfast-api/etc/Lumen8/public/index.php(28): Laravel\\Lumen\\Application->run()
#16 {main}
"} 
[2021-11-26 17:42:42] production.ERROR: SQLSTATE[HY000] [1045] Access denied for user 'forge'@'172.26.0.1' (using password: YES) (SQL: select * from `Users` where `Users`.`id` = 2 limit 1) {"exception":"[object] (Illuminate\\Database\\QueryException(code: 1045): SQLSTATE[HY000] [1045] Access denied for user 'forge'@'172.26.0.1' (using password: YES) (SQL: select * from `Users` where `Users`.`id` = 2 limit 1) at /Users/gomez.luv/ilerna/php/bfast-api/vendor/illuminate/database/Connection.php:703)
[stacktrace]
#0 /Users/gomez.luv/ilerna/php/bfast-api/vendor/illuminate/database/Connection.php(663): Illuminate\\Database\\Connection->runQueryCallback('select * from `...', Array, Object(Closure))
#1 /Users/gomez.luv/ilerna/php/bfast-api/vendor/illuminate/database/Connection.php(367): Illuminate\\Database\\Connection->run('select * from `...', Array, Object(Closure))
#2 /Users/gomez.luv/ilerna/php/bfast-api/vendor/illuminate/database/Query/Builder.php(2352): Illuminate\\Database\\Connection->select('select * from `...', Array, true)
#3 /Users/gomez.luv/ilerna/php/bfast-api/vendor/illuminate/database/Query/Builder.php(2340): Illuminate\\Database\\Query\\Builder->runSelect()
#4 /Users/gomez.luv/ilerna/php/bfast-api/vendor/illuminate/database/Query/Builder.php(2874): Illuminate\\Database\\Query\\Builder->Illuminate\\Database\\Query\\{closure}()
#5 /Users/gomez.luv/ilerna/php/bfast-api/vendor/illuminate/database/Query/Builder.php(2341): Illuminate\\Database\\Query\\Builder->onceWithColumns(Array, Object(Closure))
#6 /Users/gomez.luv/ilerna/php/bfast-api/vendor/illuminate/database/Eloquent/Builder.php(615): Illuminate\\Database\\Query\\Builder->get(Array)
#7 /Users/gomez.luv/ilerna/php/bfast-api/vendor/illuminate/database/Eloquent/Builder.php(599): Illuminate\\Database\\Eloquent\\Builder->getModels(Array)
#8 /Users/gomez.luv/ilerna/php/bfast-api/vendor/illuminate/database/Concerns/BuildsQueries.php(259): Illuminate\\Database\\Eloquent\\Builder->get(Array)
#9 /Users/gomez.luv/ilerna/php/bfast-api/vendor/illuminate/database/Eloquent/Builder.php(390): Illuminate\\Database\\Eloquent\\Builder->first(Array)
#10 /Users/gomez.luv/ilerna/php/bfast-api/vendor/illuminate/support/Traits/ForwardsCalls.php(23): Illuminate\\Database\\Eloquent\\Builder->find(2)
#11 /Users/gomez.luv/ilerna/php/bfast-api/vendor/illuminate/database/Eloquent/Model.php(2117): Illuminate\\Database\\Eloquent\\Model->forwardCallTo(Object(Illuminate\\Database\\Eloquent\\Builder), 'find', Array)
#12 /Users/gomez.luv/ilerna/php/bfast-api/app/Api/Infrastructure/Persistence/Eloquent/UserRepository.php(27): Illuminate\\Database\\Eloquent\\Model->__call('find', Array)
#13 /Users/gomez.luv/ilerna/php/bfast-api/app/Api/Application/User/DeleteUser.php(22): App\\Api\\Infrastructure\\Persistence\\Eloquent\\UserRepository->find(2)
#14 /Users/gomez.luv/ilerna/php/bfast-api/app/Api/Infrastructure/Http/Controllers/User/Delete.php(41): App\\Api\\Application\\User\\DeleteUser->__invoke(2)
#15 /Users/gomez.luv/ilerna/php/bfast-api/vendor/illuminate/container/BoundMethod.php(36): App\\Api\\Infrastructure\\Http\\Controllers\\User\\Delete->__invoke(Object(Laravel\\Lumen\\Http\\Request), '2')
#16 /Users/gomez.luv/ilerna/php/bfast-api/vendor/illuminate/container/Util.php(40): Illuminate\\Container\\BoundMethod::Illuminate\\Container\\{closure}()
#17 /Users/gomez.luv/ilerna/php/bfast-api/vendor/illuminate/container/BoundMethod.php(93): Illuminate\\Container\\Util::unwrapIfClosure(Object(Closure))
#18 /Users/gomez.luv/ilerna/php/bfast-api/vendor/illuminate/container/BoundMethod.php(37): Illuminate\\Container\\BoundMethod::callBoundMethod(Object(Laravel\\Lumen\\Application), Array, Object(Closure))
#19 /Users/gomez.luv/ilerna/php/bfast-api/vendor/illuminate/container/Container.php(653): Illuminate\\Container\\BoundMethod::call(Object(Laravel\\Lumen\\Application), Array, Array, NULL)
#20 /Users/gomez.luv/ilerna/php/bfast-api/vendor/laravel/lumen-framework/src/Concerns/RoutesRequests.php(389): Illuminate\\Container\\Container->call(Array, Array)
#21 /Users/gomez.luv/ilerna/php/bfast-api/vendor/laravel/lumen-framework/src/Concerns/RoutesRequests.php(355): Laravel\\Lumen\\Application->callControllerCallable(Array, Array)
#22 /Users/gomez.luv/ilerna/php/bfast-api/vendor/laravel/lumen-framework/src/Concerns/RoutesRequests.php(329): Laravel\\Lumen\\Application->callLumenController(Object(App\\Api\\Infrastructure\\Http\\Controllers\\User\\Delete), '__invoke', Array)
#23 /Users/gomez.luv/ilerna/php/bfast-api/vendor/laravel/lumen-framework/src/Concerns/RoutesRequests.php(282): Laravel\\Lumen\\Application->callControllerAction(Array)
#24 /Users/gomez.luv/ilerna/php/bfast-api/vendor/laravel/lumen-framework/src/Concerns/RoutesRequests.php(267): Laravel\\Lumen\\Application->callActionOnArrayBasedRoute(Array)
#25 /Users/gomez.luv/ilerna/php/bfast-api/vendor/laravel/lumen-framework/src/Concerns/RoutesRequests.php(237): Laravel\\Lumen\\Application->handleFoundRoute(Array)
#26 /Users/gomez.luv/ilerna/php/bfast-api/vendor/laravel/lumen-framework/src/Concerns/RoutesRequests.php(173): Laravel\\Lumen\\Application->handleDispatcherResponse(Array)
#27 /Users/gomez.luv/ilerna/php/bfast-api/vendor/laravel/lumen-framework/src/Concerns/RoutesRequests.php(429): Laravel\\Lumen\\Application->Laravel\\Lumen\\Concerns\\{closure}(Object(Laravel\\Lumen\\Http\\Request))
#28 /Users/gomez.luv/ilerna/php/bfast-api/vendor/laravel/lumen-framework/src/Concerns/RoutesRequests.php(175): Laravel\\Lumen\\Application->sendThroughPipeline(Array, Object(Closure))
#29 /Users/gomez.luv/ilerna/php/bfast-api/vendor/laravel/lumen-framework/src/Concerns/RoutesRequests.php(112): Laravel\\Lumen\\Application->dispatch(NULL)
#30 /Users/gomez.luv/ilerna/php/bfast-api/etc/Lumen8/public/index.php(28): Laravel\\Lumen\\Application->run()
#31 {main}

[previous exception] [object] (PDOException(code: 1045): SQLSTATE[HY000] [1045] Access denied for user 'forge'@'172.26.0.1' (using password: YES) at /Users/gomez.luv/ilerna/php/bfast-api/vendor/illuminate/database/Connectors/Connector.php:70)
[stacktrace]
#0 /Users/gomez.luv/ilerna/php/bfast-api/vendor/illuminate/database/Connectors/Connector.php(70): PDO->__construct('mysql:host=127....', 'forge', '', Array)
#1 /Users/gomez.luv/ilerna/php/bfast-api/vendor/illuminate/database/Connectors/Connector.php(46): Illuminate\\Database\\Connectors\\Connector->createPdoConnection('mysql:host=127....', 'forge', '', Array)
#2 /Users/gomez.luv/ilerna/php/bfast-api/vendor/illuminate/database/Connectors/MySqlConnector.php(24): Illuminate\\Database\\Connectors\\Connector->createConnection('mysql:host=127....', Array, Array)
#3 /Users/gomez.luv/ilerna/php/bfast-api/vendor/illuminate/database/Connectors/ConnectionFactory.php(184): Illuminate\\Database\\Connectors\\MySqlConnector->connect(Array)
#4 [internal function]: Illuminate\\Database\\Connectors\\ConnectionFactory->Illuminate\\Database\\Connectors\\{closure}()
#5 /Users/gomez.luv/ilerna/php/bfast-api/vendor/illuminate/database/Connection.php(1021): call_user_func(Object(Closure))
#6 /Users/gomez.luv/ilerna/php/bfast-api/vendor/illuminate/database/Connection.php(1057): Illuminate\\Database\\Connection->getPdo()
#7 /Users/gomez.luv/ilerna/php/bfast-api/vendor/illuminate/database/Connection.php(433): Illuminate\\Database\\Connection->getReadPdo()
#8 /Users/gomez.luv/ilerna/php/bfast-api/vendor/illuminate/database/Connection.php(359): Illuminate\\Database\\Connection->getPdoForSelect(true)
#9 /Users/gomez.luv/ilerna/php/bfast-api/vendor/illuminate/database/Connection.php(696): Illuminate\\Database\\Connection->Illuminate\\Database\\{closure}('select * from `...', Array)
#10 /Users/gomez.luv/ilerna/php/bfast-api/vendor/illuminate/database/Connection.php(663): Illuminate\\Database\\Connection->runQueryCallback('select * from `...', Array, Object(Closure))
#11 /Users/gomez.luv/ilerna/php/bfast-api/vendor/illuminate/database/Connection.php(367): Illuminate\\Database\\Connection->run('select * from `...', Array, Object(Closure))
#12 /Users/gomez.luv/ilerna/php/bfast-api/vendor/illuminate/database/Query/Builder.php(2352): Illuminate\\Database\\Connection->select('select * from `...', Array, true)
#13 /Users/gomez.luv/ilerna/php/bfast-api/vendor/illuminate/database/Query/Builder.php(2340): Illuminate\\Database\\Query\\Builder->runSelect()
#14 /Users/gomez.luv/ilerna/php/bfast-api/vendor/illuminate/database/Query/Builder.php(2874): Illuminate\\Database\\Query\\Builder->Illuminate\\Database\\Query\\{closure}()
#15 /Users/gomez.luv/ilerna/php/bfast-api/vendor/illuminate/database/Query/Builder.php(2341): Illuminate\\Database\\Query\\Builder->onceWithColumns(Array, Object(Closure))
#16 /Users/gomez.luv/ilerna/php/bfast-api/vendor/illuminate/database/Eloquent/Builder.php(615): Illuminate\\Database\\Query\\Builder->get(Array)
#17 /Users/gomez.luv/ilerna/php/bfast-api/vendor/illuminate/database/Eloquent/Builder.php(599): Illuminate\\Database\\Eloquent\\Builder->getModels(Array)
#18 /Users/gomez.luv/ilerna/php/bfast-api/vendor/illuminate/database/Concerns/BuildsQueries.php(259): Illuminate\\Database\\Eloquent\\Builder->get(Array)
#19 /Users/gomez.luv/ilerna/php/bfast-api/vendor/illuminate/database/Eloquent/Builder.php(390): Illuminate\\Database\\Eloquent\\Builder->first(Array)
#20 /Users/gomez.luv/ilerna/php/bfast-api/vendor/illuminate/support/Traits/ForwardsCalls.php(23): Illuminate\\Database\\Eloquent\\Builder->find(2)
#21 /Users/gomez.luv/ilerna/php/bfast-api/vendor/illuminate/database/Eloquent/Model.php(2117): Illuminate\\Database\\Eloquent\\Model->forwardCallTo(Object(Illuminate\\Database\\Eloquent\\Builder), 'find', Array)
#22 /Users/gomez.luv/ilerna/php/bfast-api/app/Api/Infrastructure/Persistence/Eloquent/UserRepository.php(27): Illuminate\\Database\\Eloquent\\Model->__call('find', Array)
#23 /Users/gomez.luv/ilerna/php/bfast-api/app/Api/Application/User/DeleteUser.php(22): App\\Api\\Infrastructure\\Persistence\\Eloquent\\UserRepository->find(2)
#24 /Users/gomez.luv/ilerna/php/bfast-api/app/Api/Infrastructure/Http/Controllers/User/Delete.php(41): App\\Api\\Application\\User\\DeleteUser->__invoke(2)
#25 /Users/gomez.luv/ilerna/php/bfast-api/vendor/illuminate/container/BoundMethod.php(36): App\\Api\\Infrastructure\\Http\\Controllers\\User\\Delete->__invoke(Object(Laravel\\Lumen\\Http\\Request), '2')
#26 /Users/gomez.luv/ilerna/php/bfast-api/vendor/illuminate/container/Util.php(40): Illuminate\\Container\\BoundMethod::Illuminate\\Container\\{closure}()
#27 /Users/gomez.luv/ilerna/php/bfast-api/vendor/illuminate/container/BoundMethod.php(93): Illuminate\\Container\\Util::unwrapIfClosure(Object(Closure))
#28 /Users/gomez.luv/ilerna/php/bfast-api/vendor/illuminate/container/BoundMethod.php(37): Illuminate\\Container\\BoundMethod::callBoundMethod(Object(Laravel\\Lumen\\Application), Array, Object(Closure))
#29 /Users/gomez.luv/ilerna/php/bfast-api/vendor/illuminate/container/Container.php(653): Illuminate\\Container\\BoundMethod::call(Object(Laravel\\Lumen\\Application), Array, Array, NULL)
#30 /Users/gomez.luv/ilerna/php/bfast-api/vendor/laravel/lumen-framework/src/Concerns/RoutesRequests.php(389): Illuminate\\Container\\Container->call(Array, Array)
#31 /Users/gomez.luv/ilerna/php/bfast-api/vendor/laravel/lumen-framework/src/Concerns/RoutesRequests.php(355): Laravel\\Lumen\\Application->callControllerCallable(Array, Array)
#32 /Users/gomez.luv/ilerna/php/bfast-api/vendor/laravel/lumen-framework/src/Concerns/RoutesRequests.php(329): Laravel\\Lumen\\Application->callLumenController(Object(App\\Api\\Infrastructure\\Http\\Controllers\\User\\Delete), '__invoke', Array)
#33 /Users/gomez.luv/ilerna/php/bfast-api/vendor/laravel/lumen-framework/src/Concerns/RoutesRequests.php(282): Laravel\\Lumen\\Application->callControllerAction(Array)
#34 /Users/gomez.luv/ilerna/php/bfast-api/vendor/laravel/lumen-framework/src/Concerns/RoutesRequests.php(267): Laravel\\Lumen\\Application->callActionOnArrayBasedRoute(Array)
#35 /Users/gomez.luv/ilerna/php/bfast-api/vendor/laravel/lumen-framework/src/Concerns/RoutesRequests.php(237): Laravel\\Lumen\\Application->handleFoundRoute(Array)
#36 /Users/gomez.luv/ilerna/php/bfast-api/vendor/laravel/lumen-framework/src/Concerns/RoutesRequests.php(173): Laravel\\Lumen\\Application->handleDispatcherResponse(Array)
#37 /Users/gomez.luv/ilerna/php/bfast-api/vendor/laravel/lumen-framework/src/Concerns/RoutesRequests.php(429): Laravel\\Lumen\\Application->Laravel\\Lumen\\Concerns\\{closure}(Object(Laravel\\Lumen\\Http\\Request))
#38 /Users/gomez.luv/ilerna/php/bfast-api/vendor/laravel/lumen-framework/src/Concerns/RoutesRequests.php(175): Laravel\\Lumen\\Application->sendThroughPipeline(Array, Object(Closure))
#39 /Users/gomez.luv/ilerna/php/bfast-api/vendor/laravel/lumen-framework/src/Concerns/RoutesRequests.php(112): Laravel\\Lumen\\Application->dispatch(NULL)
#40 /Users/gomez.luv/ilerna/php/bfast-api/etc/Lumen8/public/index.php(28): Laravel\\Lumen\\Application->run()
#41 {main}
"} 
[2021-11-26 17:43:50] local.ERROR: include(/Users/gomez.luv/ilerna/php/bfast-api/vendor/composer/../../app/User/Application/Exceptions/ApplicationException.php): Failed to open stream: No such file or directory {"exception":"[object] (ErrorException(code: 0): include(/Users/gomez.luv/ilerna/php/bfast-api/vendor/composer/../../app/User/Application/Exceptions/ApplicationException.php): Failed to open stream: No such file or directory at /Users/gomez.luv/ilerna/php/bfast-api/vendor/composer/ClassLoader.php:480)
[stacktrace]
#0 /Users/gomez.luv/ilerna/php/bfast-api/vendor/laravel/lumen-framework/src/Concerns/RegistersExceptionHandlers.php(47): Laravel\\Lumen\\Application->handleError(2, 'include(/Users/...', '/Users/gomez.lu...', 480)
#1 /Users/gomez.luv/ilerna/php/bfast-api/vendor/composer/ClassLoader.php(480): Laravel\\Lumen\\Application->Laravel\\Lumen\\Concerns\\{closure}(2, 'include(/Users/...', '/Users/gomez.lu...', 480)
#2 /Users/gomez.luv/ilerna/php/bfast-api/vendor/composer/ClassLoader.php(480): include()
#3 /Users/gomez.luv/ilerna/php/bfast-api/vendor/composer/ClassLoader.php(346): Composer\\Autoload\\includeFile('/Users/gomez.lu...')
#4 /Users/gomez.luv/ilerna/php/bfast-api/app/Api/Application/User/DeleteUser.php(23): Composer\\Autoload\\ClassLoader->loadClass('App\\\\User\\\\Applic...')
#5 /Users/gomez.luv/ilerna/php/bfast-api/app/Api/Infrastructure/Http/Controllers/User/Delete.php(41): App\\Api\\Application\\User\\DeleteUser->__invoke(2)
#6 /Users/gomez.luv/ilerna/php/bfast-api/vendor/illuminate/container/BoundMethod.php(36): App\\Api\\Infrastructure\\Http\\Controllers\\User\\Delete->__invoke(Object(Laravel\\Lumen\\Http\\Request), '2')
#7 /Users/gomez.luv/ilerna/php/bfast-api/vendor/illuminate/container/Util.php(40): Illuminate\\Container\\BoundMethod::Illuminate\\Container\\{closure}()
#8 /Users/gomez.luv/ilerna/php/bfast-api/vendor/illuminate/container/BoundMethod.php(93): Illuminate\\Container\\Util::unwrapIfClosure(Object(Closure))
#9 /Users/gomez.luv/ilerna/php/bfast-api/vendor/illuminate/container/BoundMethod.php(37): Illuminate\\Container\\BoundMethod::callBoundMethod(Object(Laravel\\Lumen\\Application), Array, Object(Closure))
#10 /Users/gomez.luv/ilerna/php/bfast-api/vendor/illuminate/container/Container.php(653): Illuminate\\Container\\BoundMethod::call(Object(Laravel\\Lumen\\Application), Array, Array, NULL)
#11 /Users/gomez.luv/ilerna/php/bfast-api/vendor/laravel/lumen-framework/src/Concerns/RoutesRequests.php(389): Illuminate\\Container\\Container->call(Array, Array)
#12 /Users/gomez.luv/ilerna/php/bfast-api/vendor/laravel/lumen-framework/src/Concerns/RoutesRequests.php(355): Laravel\\Lumen\\Application->callControllerCallable(Array, Array)
#13 /Users/gomez.luv/ilerna/php/bfast-api/vendor/laravel/lumen-framework/src/Concerns/RoutesRequests.php(329): Laravel\\Lumen\\Application->callLumenController(Object(App\\Api\\Infrastructure\\Http\\Controllers\\User\\Delete), '__invoke', Array)
#14 /Users/gomez.luv/ilerna/php/bfast-api/vendor/laravel/lumen-framework/src/Concerns/RoutesRequests.php(282): Laravel\\Lumen\\Application->callControllerAction(Array)
#15 /Users/gomez.luv/ilerna/php/bfast-api/vendor/laravel/lumen-framework/src/Concerns/RoutesRequests.php(267): Laravel\\Lumen\\Application->callActionOnArrayBasedRoute(Array)
#16 /Users/gomez.luv/ilerna/php/bfast-api/vendor/laravel/lumen-framework/src/Concerns/RoutesRequests.php(237): Laravel\\Lumen\\Application->handleFoundRoute(Array)
#17 /Users/gomez.luv/ilerna/php/bfast-api/vendor/laravel/lumen-framework/src/Concerns/RoutesRequests.php(173): Laravel\\Lumen\\Application->handleDispatcherResponse(Array)
#18 /Users/gomez.luv/ilerna/php/bfast-api/vendor/laravel/lumen-framework/src/Concerns/RoutesRequests.php(429): Laravel\\Lumen\\Application->Laravel\\Lumen\\Concerns\\{closure}(Object(Laravel\\Lumen\\Http\\Request))
#19 /Users/gomez.luv/ilerna/php/bfast-api/vendor/laravel/lumen-framework/src/Concerns/RoutesRequests.php(175): Laravel\\Lumen\\Application->sendThroughPipeline(Array, Object(Closure))
#20 /Users/gomez.luv/ilerna/php/bfast-api/vendor/laravel/lumen-framework/src/Concerns/RoutesRequests.php(112): Laravel\\Lumen\\Application->dispatch(NULL)
#21 /Users/gomez.luv/ilerna/php/bfast-api/etc/Lumen8/public/index.php(28): Laravel\\Lumen\\Application->run()
#22 {main}
"} 
[2021-11-26 17:43:58] local.ERROR: Auth driver [api] for guard [api] is not defined. {"exception":"[object] (InvalidArgumentException(code: 0): Auth driver [api] for guard [api] is not defined. at /Users/gomez.luv/ilerna/php/bfast-api/vendor/illuminate/auth/AuthManager.php:97)
[stacktrace]
#0 /Users/gomez.luv/ilerna/php/bfast-api/vendor/illuminate/auth/AuthManager.php(68): Illuminate\\Auth\\AuthManager->resolve('api')
#1 /Users/gomez.luv/ilerna/php/bfast-api/app/Api/Infrastructure/Http/Middleware/Authenticate.php(40): Illuminate\\Auth\\AuthManager->guard('api')
#2 /Users/gomez.luv/ilerna/php/bfast-api/vendor/illuminate/pipeline/Pipeline.php(167): App\\Api\\Infrastructure\\Http\\Middleware\\Authenticate->handle(Object(Laravel\\Lumen\\Http\\Request), Object(Closure))
#3 /Users/gomez.luv/ilerna/php/bfast-api/vendor/laravel/lumen-framework/src/Routing/Pipeline.php(30): Illuminate\\Pipeline\\Pipeline->Illuminate\\Pipeline\\{closure}(Object(Laravel\\Lumen\\Http\\Request))
#4 /Users/gomez.luv/ilerna/php/bfast-api/vendor/illuminate/pipeline/Pipeline.php(103): Laravel\\Lumen\\Routing\\Pipeline->Laravel\\Lumen\\Routing\\{closure}(Object(Laravel\\Lumen\\Http\\Request))
#5 /Users/gomez.luv/ilerna/php/bfast-api/vendor/laravel/lumen-framework/src/Concerns/RoutesRequests.php(426): Illuminate\\Pipeline\\Pipeline->then(Object(Closure))
#6 /Users/gomez.luv/ilerna/php/bfast-api/vendor/laravel/lumen-framework/src/Concerns/RoutesRequests.php(375): Laravel\\Lumen\\Application->sendThroughPipeline(Array, Object(Closure))
#7 /Users/gomez.luv/ilerna/php/bfast-api/vendor/laravel/lumen-framework/src/Concerns/RoutesRequests.php(351): Laravel\\Lumen\\Application->callLumenControllerWithMiddleware(Object(App\\Api\\Infrastructure\\Http\\Controllers\\User\\GetAll), '__invoke', Array, Array)
#8 /Users/gomez.luv/ilerna/php/bfast-api/vendor/laravel/lumen-framework/src/Concerns/RoutesRequests.php(329): Laravel\\Lumen\\Application->callLumenController(Object(App\\Api\\Infrastructure\\Http\\Controllers\\User\\GetAll), '__invoke', Array)
#9 /Users/gomez.luv/ilerna/php/bfast-api/vendor/laravel/lumen-framework/src/Concerns/RoutesRequests.php(282): Laravel\\Lumen\\Application->callControllerAction(Array)
#10 /Users/gomez.luv/ilerna/php/bfast-api/vendor/laravel/lumen-framework/src/Concerns/RoutesRequests.php(267): Laravel\\Lumen\\Application->callActionOnArrayBasedRoute(Array)
#11 /Users/gomez.luv/ilerna/php/bfast-api/vendor/laravel/lumen-framework/src/Concerns/RoutesRequests.php(169): Laravel\\Lumen\\Application->handleFoundRoute(Array)
#12 /Users/gomez.luv/ilerna/php/bfast-api/vendor/laravel/lumen-framework/src/Concerns/RoutesRequests.php(429): Laravel\\Lumen\\Application->Laravel\\Lumen\\Concerns\\{closure}(Object(Laravel\\Lumen\\Http\\Request))
#13 /Users/gomez.luv/ilerna/php/bfast-api/vendor/laravel/lumen-framework/src/Concerns/RoutesRequests.php(175): Laravel\\Lumen\\Application->sendThroughPipeline(Array, Object(Closure))
#14 /Users/gomez.luv/ilerna/php/bfast-api/vendor/laravel/lumen-framework/src/Concerns/RoutesRequests.php(112): Laravel\\Lumen\\Application->dispatch(NULL)
#15 /Users/gomez.luv/ilerna/php/bfast-api/etc/Lumen8/public/index.php(28): Laravel\\Lumen\\Application->run()
#16 {main}
"} 
[2021-11-26 17:45:26] local.ERROR: Auth driver [api] for guard [api] is not defined. {"exception":"[object] (InvalidArgumentException(code: 0): Auth driver [api] for guard [api] is not defined. at /Users/gomez.luv/ilerna/php/bfast-api/vendor/illuminate/auth/AuthManager.php:97)
[stacktrace]
#0 /Users/gomez.luv/ilerna/php/bfast-api/vendor/illuminate/auth/AuthManager.php(68): Illuminate\\Auth\\AuthManager->resolve('api')
#1 /Users/gomez.luv/ilerna/php/bfast-api/vendor/illuminate/auth/AuthManager.php(336): Illuminate\\Auth\\AuthManager->guard()
#2 /Users/gomez.luv/ilerna/php/bfast-api/vendor/illuminate/support/Facades/Facade.php(261): Illuminate\\Auth\\AuthManager->__call('attempt', Array)
#3 /Users/gomez.luv/ilerna/php/bfast-api/app/Api/Infrastructure/Http/Controllers/Auth/ValidateUser.php(34): Illuminate\\Support\\Facades\\Facade::__callStatic('attempt', Array)
#4 /Users/gomez.luv/ilerna/php/bfast-api/vendor/illuminate/container/BoundMethod.php(36): App\\Api\\Infrastructure\\Http\\Controllers\\Auth\\ValidateUser->__invoke(Object(Laravel\\Lumen\\Http\\Request))
#5 /Users/gomez.luv/ilerna/php/bfast-api/vendor/illuminate/container/Util.php(40): Illuminate\\Container\\BoundMethod::Illuminate\\Container\\{closure}()
#6 /Users/gomez.luv/ilerna/php/bfast-api/vendor/illuminate/container/BoundMethod.php(93): Illuminate\\Container\\Util::unwrapIfClosure(Object(Closure))
#7 /Users/gomez.luv/ilerna/php/bfast-api/vendor/illuminate/container/BoundMethod.php(37): Illuminate\\Container\\BoundMethod::callBoundMethod(Object(Laravel\\Lumen\\Application), Array, Object(Closure))
#8 /Users/gomez.luv/ilerna/php/bfast-api/vendor/illuminate/container/Container.php(653): Illuminate\\Container\\BoundMethod::call(Object(Laravel\\Lumen\\Application), Array, Array, NULL)
#9 /Users/gomez.luv/ilerna/php/bfast-api/vendor/laravel/lumen-framework/src/Concerns/RoutesRequests.php(389): Illuminate\\Container\\Container->call(Array, Array)
#10 /Users/gomez.luv/ilerna/php/bfast-api/vendor/laravel/lumen-framework/src/Concerns/RoutesRequests.php(355): Laravel\\Lumen\\Application->callControllerCallable(Array, Array)
#11 /Users/gomez.luv/ilerna/php/bfast-api/vendor/laravel/lumen-framework/src/Concerns/RoutesRequests.php(329): Laravel\\Lumen\\Application->callLumenController(Object(App\\Api\\Infrastructure\\Http\\Controllers\\Auth\\ValidateUser), '__invoke', Array)
#12 /Users/gomez.luv/ilerna/php/bfast-api/vendor/laravel/lumen-framework/src/Concerns/RoutesRequests.php(282): Laravel\\Lumen\\Application->callControllerAction(Array)
#13 /Users/gomez.luv/ilerna/php/bfast-api/vendor/laravel/lumen-framework/src/Concerns/RoutesRequests.php(267): Laravel\\Lumen\\Application->callActionOnArrayBasedRoute(Array)
#14 /Users/gomez.luv/ilerna/php/bfast-api/vendor/laravel/lumen-framework/src/Concerns/RoutesRequests.php(169): Laravel\\Lumen\\Application->handleFoundRoute(Array)
#15 /Users/gomez.luv/ilerna/php/bfast-api/vendor/laravel/lumen-framework/src/Concerns/RoutesRequests.php(429): Laravel\\Lumen\\Application->Laravel\\Lumen\\Concerns\\{closure}(Object(Laravel\\Lumen\\Http\\Request))
#16 /Users/gomez.luv/ilerna/php/bfast-api/vendor/laravel/lumen-framework/src/Concerns/RoutesRequests.php(175): Laravel\\Lumen\\Application->sendThroughPipeline(Array, Object(Closure))
#17 /Users/gomez.luv/ilerna/php/bfast-api/vendor/laravel/lumen-framework/src/Concerns/RoutesRequests.php(112): Laravel\\Lumen\\Application->dispatch(NULL)
#18 /Users/gomez.luv/ilerna/php/bfast-api/etc/Lumen8/public/index.php(28): Laravel\\Lumen\\Application->run()
#19 {main}
"} 
[2021-11-26 17:45:35] local.ERROR: include(/Users/gomez.luv/ilerna/php/bfast-api/vendor/composer/../../app/User/Application/Exceptions/ApplicationException.php): Failed to open stream: No such file or directory {"exception":"[object] (ErrorException(code: 0): include(/Users/gomez.luv/ilerna/php/bfast-api/vendor/composer/../../app/User/Application/Exceptions/ApplicationException.php): Failed to open stream: No such file or directory at /Users/gomez.luv/ilerna/php/bfast-api/vendor/composer/ClassLoader.php:480)
[stacktrace]
#0 /Users/gomez.luv/ilerna/php/bfast-api/vendor/laravel/lumen-framework/src/Concerns/RegistersExceptionHandlers.php(47): Laravel\\Lumen\\Application->handleError(2, 'include(/Users/...', '/Users/gomez.lu...', 480)
#1 /Users/gomez.luv/ilerna/php/bfast-api/vendor/composer/ClassLoader.php(480): Laravel\\Lumen\\Application->Laravel\\Lumen\\Concerns\\{closure}(2, 'include(/Users/...', '/Users/gomez.lu...', 480)
#2 /Users/gomez.luv/ilerna/php/bfast-api/vendor/composer/ClassLoader.php(480): include()
#3 /Users/gomez.luv/ilerna/php/bfast-api/vendor/composer/ClassLoader.php(346): Composer\\Autoload\\includeFile('/Users/gomez.lu...')
#4 /Users/gomez.luv/ilerna/php/bfast-api/app/Api/Application/User/DeleteUser.php(23): Composer\\Autoload\\ClassLoader->loadClass('App\\\\User\\\\Applic...')
#5 /Users/gomez.luv/ilerna/php/bfast-api/app/Api/Infrastructure/Http/Controllers/User/Delete.php(41): App\\Api\\Application\\User\\DeleteUser->__invoke(2)
#6 /Users/gomez.luv/ilerna/php/bfast-api/vendor/illuminate/container/BoundMethod.php(36): App\\Api\\Infrastructure\\Http\\Controllers\\User\\Delete->__invoke(Object(Laravel\\Lumen\\Http\\Request), '2')
#7 /Users/gomez.luv/ilerna/php/bfast-api/vendor/illuminate/container/Util.php(40): Illuminate\\Container\\BoundMethod::Illuminate\\Container\\{closure}()
#8 /Users/gomez.luv/ilerna/php/bfast-api/vendor/illuminate/container/BoundMethod.php(93): Illuminate\\Container\\Util::unwrapIfClosure(Object(Closure))
#9 /Users/gomez.luv/ilerna/php/bfast-api/vendor/illuminate/container/BoundMethod.php(37): Illuminate\\Container\\BoundMethod::callBoundMethod(Object(Laravel\\Lumen\\Application), Array, Object(Closure))
#10 /Users/gomez.luv/ilerna/php/bfast-api/vendor/illuminate/container/Container.php(653): Illuminate\\Container\\BoundMethod::call(Object(Laravel\\Lumen\\Application), Array, Array, NULL)
#11 /Users/gomez.luv/ilerna/php/bfast-api/vendor/laravel/lumen-framework/src/Concerns/RoutesRequests.php(389): Illuminate\\Container\\Container->call(Array, Array)
#12 /Users/gomez.luv/ilerna/php/bfast-api/vendor/laravel/lumen-framework/src/Concerns/RoutesRequests.php(355): Laravel\\Lumen\\Application->callControllerCallable(Array, Array)
#13 /Users/gomez.luv/ilerna/php/bfast-api/vendor/laravel/lumen-framework/src/Concerns/RoutesRequests.php(329): Laravel\\Lumen\\Application->callLumenController(Object(App\\Api\\Infrastructure\\Http\\Controllers\\User\\Delete), '__invoke', Array)
#14 /Users/gomez.luv/ilerna/php/bfast-api/vendor/laravel/lumen-framework/src/Concerns/RoutesRequests.php(282): Laravel\\Lumen\\Application->callControllerAction(Array)
#15 /Users/gomez.luv/ilerna/php/bfast-api/vendor/laravel/lumen-framework/src/Concerns/RoutesRequests.php(267): Laravel\\Lumen\\Application->callActionOnArrayBasedRoute(Array)
#16 /Users/gomez.luv/ilerna/php/bfast-api/vendor/laravel/lumen-framework/src/Concerns/RoutesRequests.php(237): Laravel\\Lumen\\Application->handleFoundRoute(Array)
#17 /Users/gomez.luv/ilerna/php/bfast-api/vendor/laravel/lumen-framework/src/Concerns/RoutesRequests.php(173): Laravel\\Lumen\\Application->handleDispatcherResponse(Array)
#18 /Users/gomez.luv/ilerna/php/bfast-api/vendor/laravel/lumen-framework/src/Concerns/RoutesRequests.php(429): Laravel\\Lumen\\Application->Laravel\\Lumen\\Concerns\\{closure}(Object(Laravel\\Lumen\\Http\\Request))
#19 /Users/gomez.luv/ilerna/php/bfast-api/vendor/laravel/lumen-framework/src/Concerns/RoutesRequests.php(175): Laravel\\Lumen\\Application->sendThroughPipeline(Array, Object(Closure))
#20 /Users/gomez.luv/ilerna/php/bfast-api/vendor/laravel/lumen-framework/src/Concerns/RoutesRequests.php(112): Laravel\\Lumen\\Application->dispatch(NULL)
#21 /Users/gomez.luv/ilerna/php/bfast-api/etc/Lumen8/public/index.php(28): Laravel\\Lumen\\Application->run()
#22 {main}
"} 
[2021-11-26 17:48:24] local.ERROR: include(/Users/gomez.luv/ilerna/php/bfast-api/vendor/composer/../../app/User/Application/Exceptions/ApplicationException.php): Failed to open stream: No such file or directory {"exception":"[object] (ErrorException(code: 0): include(/Users/gomez.luv/ilerna/php/bfast-api/vendor/composer/../../app/User/Application/Exceptions/ApplicationException.php): Failed to open stream: No such file or directory at /Users/gomez.luv/ilerna/php/bfast-api/vendor/composer/ClassLoader.php:480)
[stacktrace]
#0 /Users/gomez.luv/ilerna/php/bfast-api/vendor/laravel/lumen-framework/src/Concerns/RegistersExceptionHandlers.php(47): Laravel\\Lumen\\Application->handleError(2, 'include(/Users/...', '/Users/gomez.lu...', 480)
#1 /Users/gomez.luv/ilerna/php/bfast-api/vendor/composer/ClassLoader.php(480): Laravel\\Lumen\\Application->Laravel\\Lumen\\Concerns\\{closure}(2, 'include(/Users/...', '/Users/gomez.lu...', 480)
#2 /Users/gomez.luv/ilerna/php/bfast-api/vendor/composer/ClassLoader.php(480): include()
#3 /Users/gomez.luv/ilerna/php/bfast-api/vendor/composer/ClassLoader.php(346): Composer\\Autoload\\includeFile('/Users/gomez.lu...')
#4 /Users/gomez.luv/ilerna/php/bfast-api/app/Api/Application/User/DeleteUser.php(23): Composer\\Autoload\\ClassLoader->loadClass('App\\\\User\\\\Applic...')
#5 /Users/gomez.luv/ilerna/php/bfast-api/app/Api/Infrastructure/Http/Controllers/User/Delete.php(41): App\\Api\\Application\\User\\DeleteUser->__invoke(2)
#6 /Users/gomez.luv/ilerna/php/bfast-api/vendor/illuminate/container/BoundMethod.php(36): App\\Api\\Infrastructure\\Http\\Controllers\\User\\Delete->__invoke(Object(Laravel\\Lumen\\Http\\Request), '2')
#7 /Users/gomez.luv/ilerna/php/bfast-api/vendor/illuminate/container/Util.php(40): Illuminate\\Container\\BoundMethod::Illuminate\\Container\\{closure}()
#8 /Users/gomez.luv/ilerna/php/bfast-api/vendor/illuminate/container/BoundMethod.php(93): Illuminate\\Container\\Util::unwrapIfClosure(Object(Closure))
#9 /Users/gomez.luv/ilerna/php/bfast-api/vendor/illuminate/container/BoundMethod.php(37): Illuminate\\Container\\BoundMethod::callBoundMethod(Object(Laravel\\Lumen\\Application), Array, Object(Closure))
#10 /Users/gomez.luv/ilerna/php/bfast-api/vendor/illuminate/container/Container.php(653): Illuminate\\Container\\BoundMethod::call(Object(Laravel\\Lumen\\Application), Array, Array, NULL)
#11 /Users/gomez.luv/ilerna/php/bfast-api/vendor/laravel/lumen-framework/src/Concerns/RoutesRequests.php(389): Illuminate\\Container\\Container->call(Array, Array)
#12 /Users/gomez.luv/ilerna/php/bfast-api/vendor/laravel/lumen-framework/src/Concerns/RoutesRequests.php(355): Laravel\\Lumen\\Application->callControllerCallable(Array, Array)
#13 /Users/gomez.luv/ilerna/php/bfast-api/vendor/laravel/lumen-framework/src/Concerns/RoutesRequests.php(329): Laravel\\Lumen\\Application->callLumenController(Object(App\\Api\\Infrastructure\\Http\\Controllers\\User\\Delete), '__invoke', Array)
#14 /Users/gomez.luv/ilerna/php/bfast-api/vendor/laravel/lumen-framework/src/Concerns/RoutesRequests.php(282): Laravel\\Lumen\\Application->callControllerAction(Array)
#15 /Users/gomez.luv/ilerna/php/bfast-api/vendor/laravel/lumen-framework/src/Concerns/RoutesRequests.php(267): Laravel\\Lumen\\Application->callActionOnArrayBasedRoute(Array)
#16 /Users/gomez.luv/ilerna/php/bfast-api/vendor/laravel/lumen-framework/src/Concerns/RoutesRequests.php(237): Laravel\\Lumen\\Application->handleFoundRoute(Array)
#17 /Users/gomez.luv/ilerna/php/bfast-api/vendor/laravel/lumen-framework/src/Concerns/RoutesRequests.php(173): Laravel\\Lumen\\Application->handleDispatcherResponse(Array)
#18 /Users/gomez.luv/ilerna/php/bfast-api/vendor/laravel/lumen-framework/src/Concerns/RoutesRequests.php(429): Laravel\\Lumen\\Application->Laravel\\Lumen\\Concerns\\{closure}(Object(Laravel\\Lumen\\Http\\Request))
#19 /Users/gomez.luv/ilerna/php/bfast-api/vendor/laravel/lumen-framework/src/Concerns/RoutesRequests.php(175): Laravel\\Lumen\\Application->sendThroughPipeline(Array, Object(Closure))
#20 /Users/gomez.luv/ilerna/php/bfast-api/vendor/laravel/lumen-framework/src/Concerns/RoutesRequests.php(112): Laravel\\Lumen\\Application->dispatch(NULL)
#21 /Users/gomez.luv/ilerna/php/bfast-api/etc/Lumen8/public/index.php(28): Laravel\\Lumen\\Application->run()
#22 {main}
"} 
[2021-11-26 17:49:20] local.ERROR:  {"exception":"[object] (App\\Api\\Application\\Exceptions\\ApplicationException(code: 0):  at /Users/gomez.luv/ilerna/php/bfast-api/app/Api/Application/User/DeleteUser.php:23)
[stacktrace]
#0 /Users/gomez.luv/ilerna/php/bfast-api/app/Api/Infrastructure/Http/Controllers/User/Delete.php(41): App\\Api\\Application\\User\\DeleteUser->__invoke(2)
#1 /Users/gomez.luv/ilerna/php/bfast-api/vendor/illuminate/container/BoundMethod.php(36): App\\Api\\Infrastructure\\Http\\Controllers\\User\\Delete->__invoke(Object(Laravel\\Lumen\\Http\\Request), '2')
#2 /Users/gomez.luv/ilerna/php/bfast-api/vendor/illuminate/container/Util.php(40): Illuminate\\Container\\BoundMethod::Illuminate\\Container\\{closure}()
#3 /Users/gomez.luv/ilerna/php/bfast-api/vendor/illuminate/container/BoundMethod.php(93): Illuminate\\Container\\Util::unwrapIfClosure(Object(Closure))
#4 /Users/gomez.luv/ilerna/php/bfast-api/vendor/illuminate/container/BoundMethod.php(37): Illuminate\\Container\\BoundMethod::callBoundMethod(Object(Laravel\\Lumen\\Application), Array, Object(Closure))
#5 /Users/gomez.luv/ilerna/php/bfast-api/vendor/illuminate/container/Container.php(653): Illuminate\\Container\\BoundMethod::call(Object(Laravel\\Lumen\\Application), Array, Array, NULL)
#6 /Users/gomez.luv/ilerna/php/bfast-api/vendor/laravel/lumen-framework/src/Concerns/RoutesRequests.php(389): Illuminate\\Container\\Container->call(Array, Array)
#7 /Users/gomez.luv/ilerna/php/bfast-api/vendor/laravel/lumen-framework/src/Concerns/RoutesRequests.php(355): Laravel\\Lumen\\Application->callControllerCallable(Array, Array)
#8 /Users/gomez.luv/ilerna/php/bfast-api/vendor/laravel/lumen-framework/src/Concerns/RoutesRequests.php(329): Laravel\\Lumen\\Application->callLumenController(Object(App\\Api\\Infrastructure\\Http\\Controllers\\User\\Delete), '__invoke', Array)
#9 /Users/gomez.luv/ilerna/php/bfast-api/vendor/laravel/lumen-framework/src/Concerns/RoutesRequests.php(282): Laravel\\Lumen\\Application->callControllerAction(Array)
#10 /Users/gomez.luv/ilerna/php/bfast-api/vendor/laravel/lumen-framework/src/Concerns/RoutesRequests.php(267): Laravel\\Lumen\\Application->callActionOnArrayBasedRoute(Array)
#11 /Users/gomez.luv/ilerna/php/bfast-api/vendor/laravel/lumen-framework/src/Concerns/RoutesRequests.php(237): Laravel\\Lumen\\Application->handleFoundRoute(Array)
#12 /Users/gomez.luv/ilerna/php/bfast-api/vendor/laravel/lumen-framework/src/Concerns/RoutesRequests.php(173): Laravel\\Lumen\\Application->handleDispatcherResponse(Array)
#13 /Users/gomez.luv/ilerna/php/bfast-api/vendor/laravel/lumen-framework/src/Concerns/RoutesRequests.php(429): Laravel\\Lumen\\Application->Laravel\\Lumen\\Concerns\\{closure}(Object(Laravel\\Lumen\\Http\\Request))
#14 /Users/gomez.luv/ilerna/php/bfast-api/vendor/laravel/lumen-framework/src/Concerns/RoutesRequests.php(175): Laravel\\Lumen\\Application->sendThroughPipeline(Array, Object(Closure))
#15 /Users/gomez.luv/ilerna/php/bfast-api/vendor/laravel/lumen-framework/src/Concerns/RoutesRequests.php(112): Laravel\\Lumen\\Application->dispatch(NULL)
#16 /Users/gomez.luv/ilerna/php/bfast-api/etc/Lumen8/public/index.php(28): Laravel\\Lumen\\Application->run()
#17 {main}
"} 
[2021-11-26 17:51:12] local.ERROR: Auth driver [api] for guard [api] is not defined. {"exception":"[object] (InvalidArgumentException(code: 0): Auth driver [api] for guard [api] is not defined. at /Users/gomez.luv/ilerna/php/bfast-api/vendor/illuminate/auth/AuthManager.php:97)
[stacktrace]
#0 /Users/gomez.luv/ilerna/php/bfast-api/vendor/illuminate/auth/AuthManager.php(68): Illuminate\\Auth\\AuthManager->resolve('api')
#1 /Users/gomez.luv/ilerna/php/bfast-api/vendor/illuminate/auth/AuthManager.php(336): Illuminate\\Auth\\AuthManager->guard()
#2 /Users/gomez.luv/ilerna/php/bfast-api/vendor/illuminate/support/Facades/Facade.php(261): Illuminate\\Auth\\AuthManager->__call('attempt', Array)
#3 /Users/gomez.luv/ilerna/php/bfast-api/app/Api/Infrastructure/Http/Controllers/Auth/ValidateUser.php(34): Illuminate\\Support\\Facades\\Facade::__callStatic('attempt', Array)
#4 /Users/gomez.luv/ilerna/php/bfast-api/vendor/illuminate/container/BoundMethod.php(36): App\\Api\\Infrastructure\\Http\\Controllers\\Auth\\ValidateUser->__invoke(Object(Laravel\\Lumen\\Http\\Request))
#5 /Users/gomez.luv/ilerna/php/bfast-api/vendor/illuminate/container/Util.php(40): Illuminate\\Container\\BoundMethod::Illuminate\\Container\\{closure}()
#6 /Users/gomez.luv/ilerna/php/bfast-api/vendor/illuminate/container/BoundMethod.php(93): Illuminate\\Container\\Util::unwrapIfClosure(Object(Closure))
#7 /Users/gomez.luv/ilerna/php/bfast-api/vendor/illuminate/container/BoundMethod.php(37): Illuminate\\Container\\BoundMethod::callBoundMethod(Object(Laravel\\Lumen\\Application), Array, Object(Closure))
#8 /Users/gomez.luv/ilerna/php/bfast-api/vendor/illuminate/container/Container.php(653): Illuminate\\Container\\BoundMethod::call(Object(Laravel\\Lumen\\Application), Array, Array, NULL)
#9 /Users/gomez.luv/ilerna/php/bfast-api/vendor/laravel/lumen-framework/src/Concerns/RoutesRequests.php(389): Illuminate\\Container\\Container->call(Array, Array)
#10 /Users/gomez.luv/ilerna/php/bfast-api/vendor/laravel/lumen-framework/src/Concerns/RoutesRequests.php(355): Laravel\\Lumen\\Application->callControllerCallable(Array, Array)
#11 /Users/gomez.luv/ilerna/php/bfast-api/vendor/laravel/lumen-framework/src/Concerns/RoutesRequests.php(329): Laravel\\Lumen\\Application->callLumenController(Object(App\\Api\\Infrastructure\\Http\\Controllers\\Auth\\ValidateUser), '__invoke', Array)
#12 /Users/gomez.luv/ilerna/php/bfast-api/vendor/laravel/lumen-framework/src/Concerns/RoutesRequests.php(282): Laravel\\Lumen\\Application->callControllerAction(Array)
#13 /Users/gomez.luv/ilerna/php/bfast-api/vendor/laravel/lumen-framework/src/Concerns/RoutesRequests.php(267): Laravel\\Lumen\\Application->callActionOnArrayBasedRoute(Array)
#14 /Users/gomez.luv/ilerna/php/bfast-api/vendor/laravel/lumen-framework/src/Concerns/RoutesRequests.php(169): Laravel\\Lumen\\Application->handleFoundRoute(Array)
#15 /Users/gomez.luv/ilerna/php/bfast-api/vendor/laravel/lumen-framework/src/Concerns/RoutesRequests.php(429): Laravel\\Lumen\\Application->Laravel\\Lumen\\Concerns\\{closure}(Object(Laravel\\Lumen\\Http\\Request))
#16 /Users/gomez.luv/ilerna/php/bfast-api/vendor/laravel/lumen-framework/src/Concerns/RoutesRequests.php(175): Laravel\\Lumen\\Application->sendThroughPipeline(Array, Object(Closure))
#17 /Users/gomez.luv/ilerna/php/bfast-api/vendor/laravel/lumen-framework/src/Concerns/RoutesRequests.php(112): Laravel\\Lumen\\Application->dispatch(NULL)
#18 /Users/gomez.luv/ilerna/php/bfast-api/etc/Lumen8/public/index.php(28): Laravel\\Lumen\\Application->run()
#19 {main}
"} 
[2021-11-26 17:54:23] production.ERROR: require(/Users/gomez.luv/ilerna/php/bfast-api/etc/Lumen8/bootstrap/Api/Infrastructure/routes/api.php): Failed to open stream: No such file or directory {"exception":"[object] (ErrorException(code: 0): require(/Users/gomez.luv/ilerna/php/bfast-api/etc/Lumen8/bootstrap/Api/Infrastructure/routes/api.php): Failed to open stream: No such file or directory at /Users/gomez.luv/ilerna/php/bfast-api/etc/Lumen8/bootstrap/bootstrap.php:118)
[stacktrace]
#0 /Users/gomez.luv/ilerna/php/bfast-api/vendor/laravel/lumen-framework/src/Concerns/RegistersExceptionHandlers.php(47): Laravel\\Lumen\\Application->handleError(2, 'require(/Users/...', '/Users/gomez.lu...', 118)
#1 /Users/gomez.luv/ilerna/php/bfast-api/etc/Lumen8/bootstrap/bootstrap.php(118): Laravel\\Lumen\\Application->Laravel\\Lumen\\Concerns\\{closure}(2, 'require(/Users/...', '/Users/gomez.lu...', 118)
#2 /Users/gomez.luv/ilerna/php/bfast-api/etc/Lumen8/bootstrap/bootstrap.php(118): require()
#3 /Users/gomez.luv/ilerna/php/bfast-api/vendor/laravel/lumen-framework/src/Routing/Router.php(62): {closure}(Object(Laravel\\Lumen\\Routing\\Router))
#4 /Users/gomez.luv/ilerna/php/bfast-api/etc/Lumen8/bootstrap/bootstrap.php(119): Laravel\\Lumen\\Routing\\Router->group(Array, Object(Closure))
#5 /Users/gomez.luv/ilerna/php/bfast-api/etc/Lumen8/public/index.php(14): require('/Users/gomez.lu...')
#6 {main}
"} 
[2021-11-26 17:54:40] local.ERROR: require(/Users/gomez.luv/ilerna/php/bfast-api/etc/Lumen8/bootstrap/Api/Infrastructure/routes/api.php): Failed to open stream: No such file or directory {"exception":"[object] (ErrorException(code: 0): require(/Users/gomez.luv/ilerna/php/bfast-api/etc/Lumen8/bootstrap/Api/Infrastructure/routes/api.php): Failed to open stream: No such file or directory at /Users/gomez.luv/ilerna/php/bfast-api/etc/Lumen8/bootstrap/bootstrap.php:118)
[stacktrace]
#0 /Users/gomez.luv/ilerna/php/bfast-api/vendor/laravel/lumen-framework/src/Concerns/RegistersExceptionHandlers.php(47): Laravel\\Lumen\\Application->handleError(2, 'require(/Users/...', '/Users/gomez.lu...', 118)
#1 /Users/gomez.luv/ilerna/php/bfast-api/etc/Lumen8/bootstrap/bootstrap.php(118): Laravel\\Lumen\\Application->Laravel\\Lumen\\Concerns\\{closure}(2, 'require(/Users/...', '/Users/gomez.lu...', 118)
#2 /Users/gomez.luv/ilerna/php/bfast-api/etc/Lumen8/bootstrap/bootstrap.php(118): require()
#3 /Users/gomez.luv/ilerna/php/bfast-api/vendor/laravel/lumen-framework/src/Routing/Router.php(62): {closure}(Object(Laravel\\Lumen\\Routing\\Router))
#4 /Users/gomez.luv/ilerna/php/bfast-api/etc/Lumen8/bootstrap/bootstrap.php(119): Laravel\\Lumen\\Routing\\Router->group(Array, Object(Closure))
#5 /Users/gomez.luv/ilerna/php/bfast-api/etc/Lumen8/public/index.php(14): require('/Users/gomez.lu...')
#6 {main}
"} 
