[2021-11-16 17:31:35] local.ERROR: SQLSTATE[HY000] [2002] Connection refused (SQL: select * from `Users`) {"exception":"[object] (Illuminate\\Database\\QueryException(code: 2002): SQLSTATE[HY000] [2002] Connection refused (SQL: select * from `Users`) at /Users/gomez.luv/ilerna/php/bpoint-api/vendor/illuminate/database/Connection.php:703)
[stacktrace]
#0 /Users/gomez.luv/ilerna/php/bpoint-api/vendor/illuminate/database/Connection.php(775): Illuminate\\Database\\Connection->runQueryCallback('select * from `...', Array, Object(Closure))
#1 /Users/gomez.luv/ilerna/php/bpoint-api/vendor/illuminate/database/Connection.php(755): Illuminate\\Database\\Connection->tryAgainIfCausedByLostConnection(Object(Illuminate\\Database\\QueryException), 'select * from `...', Array, Object(Closure))
#2 /Users/gomez.luv/ilerna/php/bpoint-api/vendor/illuminate/database/Connection.php(666): Illuminate\\Database\\Connection->handleQueryException(Object(Illuminate\\Database\\QueryException), 'select * from `...', Array, Object(Closure))
#3 /Users/gomez.luv/ilerna/php/bpoint-api/vendor/illuminate/database/Connection.php(367): Illuminate\\Database\\Connection->run('select * from `...', Array, Object(Closure))
#4 /Users/gomez.luv/ilerna/php/bpoint-api/vendor/illuminate/database/Query/Builder.php(2352): Illuminate\\Database\\Connection->select('select * from `...', Array, true)
#5 /Users/gomez.luv/ilerna/php/bpoint-api/vendor/illuminate/database/Query/Builder.php(2340): Illuminate\\Database\\Query\\Builder->runSelect()
#6 /Users/gomez.luv/ilerna/php/bpoint-api/vendor/illuminate/database/Query/Builder.php(2874): Illuminate\\Database\\Query\\Builder->Illuminate\\Database\\Query\\{closure}()
#7 /Users/gomez.luv/ilerna/php/bpoint-api/vendor/illuminate/database/Query/Builder.php(2341): Illuminate\\Database\\Query\\Builder->onceWithColumns(Array, Object(Closure))
#8 /Users/gomez.luv/ilerna/php/bpoint-api/vendor/illuminate/database/Eloquent/Builder.php(615): Illuminate\\Database\\Query\\Builder->get(Array)
#9 /Users/gomez.luv/ilerna/php/bpoint-api/vendor/illuminate/database/Eloquent/Builder.php(599): Illuminate\\Database\\Eloquent\\Builder->getModels(Array)
#10 /Users/gomez.luv/ilerna/php/bpoint-api/vendor/illuminate/database/Eloquent/Model.php(568): Illuminate\\Database\\Eloquent\\Builder->get(Array)
#11 /Users/gomez.luv/ilerna/php/bpoint-api/app/Http/Controllers/GetAllUsers.php(10): Illuminate\\Database\\Eloquent\\Model::all()
#12 /Users/gomez.luv/ilerna/php/bpoint-api/vendor/illuminate/container/BoundMethod.php(36): App\\Http\\Controllers\\GetAllUsers->__invoke()
#13 /Users/gomez.luv/ilerna/php/bpoint-api/vendor/illuminate/container/Util.php(40): Illuminate\\Container\\BoundMethod::Illuminate\\Container\\{closure}()
#14 /Users/gomez.luv/ilerna/php/bpoint-api/vendor/illuminate/container/BoundMethod.php(93): Illuminate\\Container\\Util::unwrapIfClosure(Object(Closure))
#15 /Users/gomez.luv/ilerna/php/bpoint-api/vendor/illuminate/container/BoundMethod.php(37): Illuminate\\Container\\BoundMethod::callBoundMethod(Object(Laravel\\Lumen\\Application), Array, Object(Closure))
#16 /Users/gomez.luv/ilerna/php/bpoint-api/vendor/illuminate/container/Container.php(653): Illuminate\\Container\\BoundMethod::call(Object(Laravel\\Lumen\\Application), Array, Array, NULL)
#17 /Users/gomez.luv/ilerna/php/bpoint-api/vendor/laravel/lumen-framework/src/Concerns/RoutesRequests.php(389): Illuminate\\Container\\Container->call(Array, Array)
#18 /Users/gomez.luv/ilerna/php/bpoint-api/vendor/laravel/lumen-framework/src/Concerns/RoutesRequests.php(355): Laravel\\Lumen\\Application->callControllerCallable(Array, Array)
#19 /Users/gomez.luv/ilerna/php/bpoint-api/vendor/laravel/lumen-framework/src/Concerns/RoutesRequests.php(329): Laravel\\Lumen\\Application->callLumenController(Object(App\\Http\\Controllers\\GetAllUsers), '__invoke', Array)
#20 /Users/gomez.luv/ilerna/php/bpoint-api/vendor/laravel/lumen-framework/src/Concerns/RoutesRequests.php(282): Laravel\\Lumen\\Application->callControllerAction(Array)
#21 /Users/gomez.luv/ilerna/php/bpoint-api/vendor/laravel/lumen-framework/src/Concerns/RoutesRequests.php(267): Laravel\\Lumen\\Application->callActionOnArrayBasedRoute(Array)
#22 /Users/gomez.luv/ilerna/php/bpoint-api/vendor/laravel/lumen-framework/src/Concerns/RoutesRequests.php(169): Laravel\\Lumen\\Application->handleFoundRoute(Array)
#23 /Users/gomez.luv/ilerna/php/bpoint-api/vendor/laravel/lumen-framework/src/Concerns/RoutesRequests.php(429): Laravel\\Lumen\\Application->Laravel\\Lumen\\Concerns\\{closure}(Object(Laravel\\Lumen\\Http\\Request))
#24 /Users/gomez.luv/ilerna/php/bpoint-api/vendor/laravel/lumen-framework/src/Concerns/RoutesRequests.php(175): Laravel\\Lumen\\Application->sendThroughPipeline(Array, Object(Closure))
#25 /Users/gomez.luv/ilerna/php/bpoint-api/vendor/laravel/lumen-framework/src/Concerns/RoutesRequests.php(112): Laravel\\Lumen\\Application->dispatch(NULL)
#26 /Users/gomez.luv/ilerna/php/bpoint-api/public/index.php(28): Laravel\\Lumen\\Application->run()
#27 {main}

[previous exception] [object] (PDOException(code: 2002): SQLSTATE[HY000] [2002] Connection refused at /Users/gomez.luv/ilerna/php/bpoint-api/vendor/illuminate/database/Connectors/Connector.php:70)
[stacktrace]
#0 /Users/gomez.luv/ilerna/php/bpoint-api/vendor/illuminate/database/Connectors/Connector.php(70): PDO->__construct('mysql:host=127....', 'bpoint-local', '1234', Array)
#1 /Users/gomez.luv/ilerna/php/bpoint-api/vendor/illuminate/database/Connectors/Connector.php(100): Illuminate\\Database\\Connectors\\Connector->createPdoConnection('mysql:host=127....', 'bpoint-local', '1234', Array)
#2 /Users/gomez.luv/ilerna/php/bpoint-api/vendor/illuminate/database/Connectors/Connector.php(50): Illuminate\\Database\\Connectors\\Connector->tryAgainIfCausedByLostConnection(Object(PDOException), 'mysql:host=127....', 'bpoint-local', '1234', Array)
#3 /Users/gomez.luv/ilerna/php/bpoint-api/vendor/illuminate/database/Connectors/MySqlConnector.php(24): Illuminate\\Database\\Connectors\\Connector->createConnection('mysql:host=127....', Array, Array)
#4 /Users/gomez.luv/ilerna/php/bpoint-api/vendor/illuminate/database/Connectors/ConnectionFactory.php(184): Illuminate\\Database\\Connectors\\MySqlConnector->connect(Array)
#5 [internal function]: Illuminate\\Database\\Connectors\\ConnectionFactory->Illuminate\\Database\\Connectors\\{closure}()
#6 /Users/gomez.luv/ilerna/php/bpoint-api/vendor/illuminate/database/Connection.php(1021): call_user_func(Object(Closure))
#7 /Users/gomez.luv/ilerna/php/bpoint-api/vendor/illuminate/database/Connection.php(1057): Illuminate\\Database\\Connection->getPdo()
#8 /Users/gomez.luv/ilerna/php/bpoint-api/vendor/illuminate/database/Connection.php(433): Illuminate\\Database\\Connection->getReadPdo()
#9 /Users/gomez.luv/ilerna/php/bpoint-api/vendor/illuminate/database/Connection.php(359): Illuminate\\Database\\Connection->getPdoForSelect(true)
#10 /Users/gomez.luv/ilerna/php/bpoint-api/vendor/illuminate/database/Connection.php(696): Illuminate\\Database\\Connection->Illuminate\\Database\\{closure}('select * from `...', Array)
#11 /Users/gomez.luv/ilerna/php/bpoint-api/vendor/illuminate/database/Connection.php(775): Illuminate\\Database\\Connection->runQueryCallback('select * from `...', Array, Object(Closure))
#12 /Users/gomez.luv/ilerna/php/bpoint-api/vendor/illuminate/database/Connection.php(755): Illuminate\\Database\\Connection->tryAgainIfCausedByLostConnection(Object(Illuminate\\Database\\QueryException), 'select * from `...', Array, Object(Closure))
#13 /Users/gomez.luv/ilerna/php/bpoint-api/vendor/illuminate/database/Connection.php(666): Illuminate\\Database\\Connection->handleQueryException(Object(Illuminate\\Database\\QueryException), 'select * from `...', Array, Object(Closure))
#14 /Users/gomez.luv/ilerna/php/bpoint-api/vendor/illuminate/database/Connection.php(367): Illuminate\\Database\\Connection->run('select * from `...', Array, Object(Closure))
#15 /Users/gomez.luv/ilerna/php/bpoint-api/vendor/illuminate/database/Query/Builder.php(2352): Illuminate\\Database\\Connection->select('select * from `...', Array, true)
#16 /Users/gomez.luv/ilerna/php/bpoint-api/vendor/illuminate/database/Query/Builder.php(2340): Illuminate\\Database\\Query\\Builder->runSelect()
#17 /Users/gomez.luv/ilerna/php/bpoint-api/vendor/illuminate/database/Query/Builder.php(2874): Illuminate\\Database\\Query\\Builder->Illuminate\\Database\\Query\\{closure}()
#18 /Users/gomez.luv/ilerna/php/bpoint-api/vendor/illuminate/database/Query/Builder.php(2341): Illuminate\\Database\\Query\\Builder->onceWithColumns(Array, Object(Closure))
#19 /Users/gomez.luv/ilerna/php/bpoint-api/vendor/illuminate/database/Eloquent/Builder.php(615): Illuminate\\Database\\Query\\Builder->get(Array)
#20 /Users/gomez.luv/ilerna/php/bpoint-api/vendor/illuminate/database/Eloquent/Builder.php(599): Illuminate\\Database\\Eloquent\\Builder->getModels(Array)
#21 /Users/gomez.luv/ilerna/php/bpoint-api/vendor/illuminate/database/Eloquent/Model.php(568): Illuminate\\Database\\Eloquent\\Builder->get(Array)
#22 /Users/gomez.luv/ilerna/php/bpoint-api/app/Http/Controllers/GetAllUsers.php(10): Illuminate\\Database\\Eloquent\\Model::all()
#23 /Users/gomez.luv/ilerna/php/bpoint-api/vendor/illuminate/container/BoundMethod.php(36): App\\Http\\Controllers\\GetAllUsers->__invoke()
#24 /Users/gomez.luv/ilerna/php/bpoint-api/vendor/illuminate/container/Util.php(40): Illuminate\\Container\\BoundMethod::Illuminate\\Container\\{closure}()
#25 /Users/gomez.luv/ilerna/php/bpoint-api/vendor/illuminate/container/BoundMethod.php(93): Illuminate\\Container\\Util::unwrapIfClosure(Object(Closure))
#26 /Users/gomez.luv/ilerna/php/bpoint-api/vendor/illuminate/container/BoundMethod.php(37): Illuminate\\Container\\BoundMethod::callBoundMethod(Object(Laravel\\Lumen\\Application), Array, Object(Closure))
#27 /Users/gomez.luv/ilerna/php/bpoint-api/vendor/illuminate/container/Container.php(653): Illuminate\\Container\\BoundMethod::call(Object(Laravel\\Lumen\\Application), Array, Array, NULL)
#28 /Users/gomez.luv/ilerna/php/bpoint-api/vendor/laravel/lumen-framework/src/Concerns/RoutesRequests.php(389): Illuminate\\Container\\Container->call(Array, Array)
#29 /Users/gomez.luv/ilerna/php/bpoint-api/vendor/laravel/lumen-framework/src/Concerns/RoutesRequests.php(355): Laravel\\Lumen\\Application->callControllerCallable(Array, Array)
#30 /Users/gomez.luv/ilerna/php/bpoint-api/vendor/laravel/lumen-framework/src/Concerns/RoutesRequests.php(329): Laravel\\Lumen\\Application->callLumenController(Object(App\\Http\\Controllers\\GetAllUsers), '__invoke', Array)
#31 /Users/gomez.luv/ilerna/php/bpoint-api/vendor/laravel/lumen-framework/src/Concerns/RoutesRequests.php(282): Laravel\\Lumen\\Application->callControllerAction(Array)
#32 /Users/gomez.luv/ilerna/php/bpoint-api/vendor/laravel/lumen-framework/src/Concerns/RoutesRequests.php(267): Laravel\\Lumen\\Application->callActionOnArrayBasedRoute(Array)
#33 /Users/gomez.luv/ilerna/php/bpoint-api/vendor/laravel/lumen-framework/src/Concerns/RoutesRequests.php(169): Laravel\\Lumen\\Application->handleFoundRoute(Array)
#34 /Users/gomez.luv/ilerna/php/bpoint-api/vendor/laravel/lumen-framework/src/Concerns/RoutesRequests.php(429): Laravel\\Lumen\\Application->Laravel\\Lumen\\Concerns\\{closure}(Object(Laravel\\Lumen\\Http\\Request))
#35 /Users/gomez.luv/ilerna/php/bpoint-api/vendor/laravel/lumen-framework/src/Concerns/RoutesRequests.php(175): Laravel\\Lumen\\Application->sendThroughPipeline(Array, Object(Closure))
#36 /Users/gomez.luv/ilerna/php/bpoint-api/vendor/laravel/lumen-framework/src/Concerns/RoutesRequests.php(112): Laravel\\Lumen\\Application->dispatch(NULL)
#37 /Users/gomez.luv/ilerna/php/bpoint-api/public/index.php(28): Laravel\\Lumen\\Application->run()
#38 {main}
"} 
[2021-11-16 17:58:27] local.ERROR: Target class [App\Http\Controllers\AddUser] does not exist. {"exception":"[object] (Illuminate\\Contracts\\Container\\BindingResolutionException(code: 0): Target class [App\\Http\\Controllers\\AddUser] does not exist. at /Users/gomez.luv/ilerna/php/bpoint-api/vendor/illuminate/container/Container.php:879)
[stacktrace]
#0 /Users/gomez.luv/ilerna/php/bpoint-api/vendor/illuminate/container/Container.php(758): Illuminate\\Container\\Container->build('App\\\\Http\\\\Contro...')
#1 /Users/gomez.luv/ilerna/php/bpoint-api/vendor/illuminate/container/Container.php(694): Illuminate\\Container\\Container->resolve('App\\\\Http\\\\Contro...', Array)
#2 /Users/gomez.luv/ilerna/php/bpoint-api/vendor/laravel/lumen-framework/src/Application.php(300): Illuminate\\Container\\Container->make('App\\\\Http\\\\Contro...', Array)
#3 /Users/gomez.luv/ilerna/php/bpoint-api/vendor/laravel/lumen-framework/src/Concerns/RoutesRequests.php(324): Laravel\\Lumen\\Application->make('App\\\\Http\\\\Contro...')
#4 /Users/gomez.luv/ilerna/php/bpoint-api/vendor/laravel/lumen-framework/src/Concerns/RoutesRequests.php(282): Laravel\\Lumen\\Application->callControllerAction(Array)
#5 /Users/gomez.luv/ilerna/php/bpoint-api/vendor/laravel/lumen-framework/src/Concerns/RoutesRequests.php(267): Laravel\\Lumen\\Application->callActionOnArrayBasedRoute(Array)
#6 /Users/gomez.luv/ilerna/php/bpoint-api/vendor/laravel/lumen-framework/src/Concerns/RoutesRequests.php(169): Laravel\\Lumen\\Application->handleFoundRoute(Array)
#7 /Users/gomez.luv/ilerna/php/bpoint-api/vendor/laravel/lumen-framework/src/Concerns/RoutesRequests.php(429): Laravel\\Lumen\\Application->Laravel\\Lumen\\Concerns\\{closure}(Object(Laravel\\Lumen\\Http\\Request))
#8 /Users/gomez.luv/ilerna/php/bpoint-api/vendor/laravel/lumen-framework/src/Concerns/RoutesRequests.php(175): Laravel\\Lumen\\Application->sendThroughPipeline(Array, Object(Closure))
#9 /Users/gomez.luv/ilerna/php/bpoint-api/vendor/laravel/lumen-framework/src/Concerns/RoutesRequests.php(112): Laravel\\Lumen\\Application->dispatch(NULL)
#10 /Users/gomez.luv/ilerna/php/bpoint-api/public/index.php(28): Laravel\\Lumen\\Application->run()
#11 {main}

[previous exception] [object] (ReflectionException(code: -1): Class \"App\\Http\\Controllers\\AddUser\" does not exist at /Users/gomez.luv/ilerna/php/bpoint-api/vendor/illuminate/container/Container.php:877)
[stacktrace]
#0 /Users/gomez.luv/ilerna/php/bpoint-api/vendor/illuminate/container/Container.php(877): ReflectionClass->__construct('App\\\\Http\\\\Contro...')
#1 /Users/gomez.luv/ilerna/php/bpoint-api/vendor/illuminate/container/Container.php(758): Illuminate\\Container\\Container->build('App\\\\Http\\\\Contro...')
#2 /Users/gomez.luv/ilerna/php/bpoint-api/vendor/illuminate/container/Container.php(694): Illuminate\\Container\\Container->resolve('App\\\\Http\\\\Contro...', Array)
#3 /Users/gomez.luv/ilerna/php/bpoint-api/vendor/laravel/lumen-framework/src/Application.php(300): Illuminate\\Container\\Container->make('App\\\\Http\\\\Contro...', Array)
#4 /Users/gomez.luv/ilerna/php/bpoint-api/vendor/laravel/lumen-framework/src/Concerns/RoutesRequests.php(324): Laravel\\Lumen\\Application->make('App\\\\Http\\\\Contro...')
#5 /Users/gomez.luv/ilerna/php/bpoint-api/vendor/laravel/lumen-framework/src/Concerns/RoutesRequests.php(282): Laravel\\Lumen\\Application->callControllerAction(Array)
#6 /Users/gomez.luv/ilerna/php/bpoint-api/vendor/laravel/lumen-framework/src/Concerns/RoutesRequests.php(267): Laravel\\Lumen\\Application->callActionOnArrayBasedRoute(Array)
#7 /Users/gomez.luv/ilerna/php/bpoint-api/vendor/laravel/lumen-framework/src/Concerns/RoutesRequests.php(169): Laravel\\Lumen\\Application->handleFoundRoute(Array)
#8 /Users/gomez.luv/ilerna/php/bpoint-api/vendor/laravel/lumen-framework/src/Concerns/RoutesRequests.php(429): Laravel\\Lumen\\Application->Laravel\\Lumen\\Concerns\\{closure}(Object(Laravel\\Lumen\\Http\\Request))
#9 /Users/gomez.luv/ilerna/php/bpoint-api/vendor/laravel/lumen-framework/src/Concerns/RoutesRequests.php(175): Laravel\\Lumen\\Application->sendThroughPipeline(Array, Object(Closure))
#10 /Users/gomez.luv/ilerna/php/bpoint-api/vendor/laravel/lumen-framework/src/Concerns/RoutesRequests.php(112): Laravel\\Lumen\\Application->dispatch(NULL)
#11 /Users/gomez.luv/ilerna/php/bpoint-api/public/index.php(28): Laravel\\Lumen\\Application->run()
#12 {main}
"} 
[2021-11-16 18:50:06] local.ERROR: Target class [App\Api\Controllers\GetAllUsers] does not exist. {"exception":"[object] (Illuminate\\Contracts\\Container\\BindingResolutionException(code: 0): Target class [App\\Api\\Controllers\\GetAllUsers] does not exist. at /Users/gomez.luv/ilerna/php/bpoint-api/vendor/illuminate/container/Container.php:879)
[stacktrace]
#0 /Users/gomez.luv/ilerna/php/bpoint-api/vendor/illuminate/container/Container.php(758): Illuminate\\Container\\Container->build('App\\\\Api\\\\Control...')
#1 /Users/gomez.luv/ilerna/php/bpoint-api/vendor/illuminate/container/Container.php(694): Illuminate\\Container\\Container->resolve('App\\\\Api\\\\Control...', Array)
#2 /Users/gomez.luv/ilerna/php/bpoint-api/vendor/laravel/lumen-framework/src/Application.php(300): Illuminate\\Container\\Container->make('App\\\\Api\\\\Control...', Array)
#3 /Users/gomez.luv/ilerna/php/bpoint-api/vendor/laravel/lumen-framework/src/Concerns/RoutesRequests.php(324): Laravel\\Lumen\\Application->make('App\\\\Api\\\\Control...')
#4 /Users/gomez.luv/ilerna/php/bpoint-api/vendor/laravel/lumen-framework/src/Concerns/RoutesRequests.php(282): Laravel\\Lumen\\Application->callControllerAction(Array)
#5 /Users/gomez.luv/ilerna/php/bpoint-api/vendor/laravel/lumen-framework/src/Concerns/RoutesRequests.php(267): Laravel\\Lumen\\Application->callActionOnArrayBasedRoute(Array)
#6 /Users/gomez.luv/ilerna/php/bpoint-api/vendor/laravel/lumen-framework/src/Concerns/RoutesRequests.php(169): Laravel\\Lumen\\Application->handleFoundRoute(Array)
#7 /Users/gomez.luv/ilerna/php/bpoint-api/vendor/laravel/lumen-framework/src/Concerns/RoutesRequests.php(429): Laravel\\Lumen\\Application->Laravel\\Lumen\\Concerns\\{closure}(Object(Laravel\\Lumen\\Http\\Request))
#8 /Users/gomez.luv/ilerna/php/bpoint-api/vendor/laravel/lumen-framework/src/Concerns/RoutesRequests.php(175): Laravel\\Lumen\\Application->sendThroughPipeline(Array, Object(Closure))
#9 /Users/gomez.luv/ilerna/php/bpoint-api/vendor/laravel/lumen-framework/src/Concerns/RoutesRequests.php(112): Laravel\\Lumen\\Application->dispatch(NULL)
#10 /Users/gomez.luv/ilerna/php/bpoint-api/public/index.php(28): Laravel\\Lumen\\Application->run()
#11 {main}

[previous exception] [object] (ReflectionException(code: -1): Class \"App\\Api\\Controllers\\GetAllUsers\" does not exist at /Users/gomez.luv/ilerna/php/bpoint-api/vendor/illuminate/container/Container.php:877)
[stacktrace]
#0 /Users/gomez.luv/ilerna/php/bpoint-api/vendor/illuminate/container/Container.php(877): ReflectionClass->__construct('App\\\\Api\\\\Control...')
#1 /Users/gomez.luv/ilerna/php/bpoint-api/vendor/illuminate/container/Container.php(758): Illuminate\\Container\\Container->build('App\\\\Api\\\\Control...')
#2 /Users/gomez.luv/ilerna/php/bpoint-api/vendor/illuminate/container/Container.php(694): Illuminate\\Container\\Container->resolve('App\\\\Api\\\\Control...', Array)
#3 /Users/gomez.luv/ilerna/php/bpoint-api/vendor/laravel/lumen-framework/src/Application.php(300): Illuminate\\Container\\Container->make('App\\\\Api\\\\Control...', Array)
#4 /Users/gomez.luv/ilerna/php/bpoint-api/vendor/laravel/lumen-framework/src/Concerns/RoutesRequests.php(324): Laravel\\Lumen\\Application->make('App\\\\Api\\\\Control...')
#5 /Users/gomez.luv/ilerna/php/bpoint-api/vendor/laravel/lumen-framework/src/Concerns/RoutesRequests.php(282): Laravel\\Lumen\\Application->callControllerAction(Array)
#6 /Users/gomez.luv/ilerna/php/bpoint-api/vendor/laravel/lumen-framework/src/Concerns/RoutesRequests.php(267): Laravel\\Lumen\\Application->callActionOnArrayBasedRoute(Array)
#7 /Users/gomez.luv/ilerna/php/bpoint-api/vendor/laravel/lumen-framework/src/Concerns/RoutesRequests.php(169): Laravel\\Lumen\\Application->handleFoundRoute(Array)
#8 /Users/gomez.luv/ilerna/php/bpoint-api/vendor/laravel/lumen-framework/src/Concerns/RoutesRequests.php(429): Laravel\\Lumen\\Application->Laravel\\Lumen\\Concerns\\{closure}(Object(Laravel\\Lumen\\Http\\Request))
#9 /Users/gomez.luv/ilerna/php/bpoint-api/vendor/laravel/lumen-framework/src/Concerns/RoutesRequests.php(175): Laravel\\Lumen\\Application->sendThroughPipeline(Array, Object(Closure))
#10 /Users/gomez.luv/ilerna/php/bpoint-api/vendor/laravel/lumen-framework/src/Concerns/RoutesRequests.php(112): Laravel\\Lumen\\Application->dispatch(NULL)
#11 /Users/gomez.luv/ilerna/php/bpoint-api/public/index.php(28): Laravel\\Lumen\\Application->run()
#12 {main}
"} 
[2021-11-16 18:50:20] local.ERROR: Target class [App\Api\Controllers\GetAllUsers] does not exist. {"exception":"[object] (Illuminate\\Contracts\\Container\\BindingResolutionException(code: 0): Target class [App\\Api\\Controllers\\GetAllUsers] does not exist. at /Users/gomez.luv/ilerna/php/bpoint-api/vendor/illuminate/container/Container.php:879)
[stacktrace]
#0 /Users/gomez.luv/ilerna/php/bpoint-api/vendor/illuminate/container/Container.php(758): Illuminate\\Container\\Container->build('App\\\\Api\\\\Control...')
#1 /Users/gomez.luv/ilerna/php/bpoint-api/vendor/illuminate/container/Container.php(694): Illuminate\\Container\\Container->resolve('App\\\\Api\\\\Control...', Array)
#2 /Users/gomez.luv/ilerna/php/bpoint-api/vendor/laravel/lumen-framework/src/Application.php(300): Illuminate\\Container\\Container->make('App\\\\Api\\\\Control...', Array)
#3 /Users/gomez.luv/ilerna/php/bpoint-api/vendor/laravel/lumen-framework/src/Concerns/RoutesRequests.php(324): Laravel\\Lumen\\Application->make('App\\\\Api\\\\Control...')
#4 /Users/gomez.luv/ilerna/php/bpoint-api/vendor/laravel/lumen-framework/src/Concerns/RoutesRequests.php(282): Laravel\\Lumen\\Application->callControllerAction(Array)
#5 /Users/gomez.luv/ilerna/php/bpoint-api/vendor/laravel/lumen-framework/src/Concerns/RoutesRequests.php(267): Laravel\\Lumen\\Application->callActionOnArrayBasedRoute(Array)
#6 /Users/gomez.luv/ilerna/php/bpoint-api/vendor/laravel/lumen-framework/src/Concerns/RoutesRequests.php(169): Laravel\\Lumen\\Application->handleFoundRoute(Array)
#7 /Users/gomez.luv/ilerna/php/bpoint-api/vendor/laravel/lumen-framework/src/Concerns/RoutesRequests.php(429): Laravel\\Lumen\\Application->Laravel\\Lumen\\Concerns\\{closure}(Object(Laravel\\Lumen\\Http\\Request))
#8 /Users/gomez.luv/ilerna/php/bpoint-api/vendor/laravel/lumen-framework/src/Concerns/RoutesRequests.php(175): Laravel\\Lumen\\Application->sendThroughPipeline(Array, Object(Closure))
#9 /Users/gomez.luv/ilerna/php/bpoint-api/vendor/laravel/lumen-framework/src/Concerns/RoutesRequests.php(112): Laravel\\Lumen\\Application->dispatch(NULL)
#10 /Users/gomez.luv/ilerna/php/bpoint-api/public/index.php(28): Laravel\\Lumen\\Application->run()
#11 {main}

[previous exception] [object] (ReflectionException(code: -1): Class \"App\\Api\\Controllers\\GetAllUsers\" does not exist at /Users/gomez.luv/ilerna/php/bpoint-api/vendor/illuminate/container/Container.php:877)
[stacktrace]
#0 /Users/gomez.luv/ilerna/php/bpoint-api/vendor/illuminate/container/Container.php(877): ReflectionClass->__construct('App\\\\Api\\\\Control...')
#1 /Users/gomez.luv/ilerna/php/bpoint-api/vendor/illuminate/container/Container.php(758): Illuminate\\Container\\Container->build('App\\\\Api\\\\Control...')
#2 /Users/gomez.luv/ilerna/php/bpoint-api/vendor/illuminate/container/Container.php(694): Illuminate\\Container\\Container->resolve('App\\\\Api\\\\Control...', Array)
#3 /Users/gomez.luv/ilerna/php/bpoint-api/vendor/laravel/lumen-framework/src/Application.php(300): Illuminate\\Container\\Container->make('App\\\\Api\\\\Control...', Array)
#4 /Users/gomez.luv/ilerna/php/bpoint-api/vendor/laravel/lumen-framework/src/Concerns/RoutesRequests.php(324): Laravel\\Lumen\\Application->make('App\\\\Api\\\\Control...')
#5 /Users/gomez.luv/ilerna/php/bpoint-api/vendor/laravel/lumen-framework/src/Concerns/RoutesRequests.php(282): Laravel\\Lumen\\Application->callControllerAction(Array)
#6 /Users/gomez.luv/ilerna/php/bpoint-api/vendor/laravel/lumen-framework/src/Concerns/RoutesRequests.php(267): Laravel\\Lumen\\Application->callActionOnArrayBasedRoute(Array)
#7 /Users/gomez.luv/ilerna/php/bpoint-api/vendor/laravel/lumen-framework/src/Concerns/RoutesRequests.php(169): Laravel\\Lumen\\Application->handleFoundRoute(Array)
#8 /Users/gomez.luv/ilerna/php/bpoint-api/vendor/laravel/lumen-framework/src/Concerns/RoutesRequests.php(429): Laravel\\Lumen\\Application->Laravel\\Lumen\\Concerns\\{closure}(Object(Laravel\\Lumen\\Http\\Request))
#9 /Users/gomez.luv/ilerna/php/bpoint-api/vendor/laravel/lumen-framework/src/Concerns/RoutesRequests.php(175): Laravel\\Lumen\\Application->sendThroughPipeline(Array, Object(Closure))
#10 /Users/gomez.luv/ilerna/php/bpoint-api/vendor/laravel/lumen-framework/src/Concerns/RoutesRequests.php(112): Laravel\\Lumen\\Application->dispatch(NULL)
#11 /Users/gomez.luv/ilerna/php/bpoint-api/public/index.php(28): Laravel\\Lumen\\Application->run()
#12 {main}
"} 
